[ 2016-11-16T17:32:06+08:00 ] ::1 /TobaccoGms1/index.php?m=Service&c=VehicleInterface&a=getVehicleTree
INFO: [ app_init ] --START--
INFO: Run Behavior\BuildLiteBehavior [ RunTime:0.000066s ]
INFO: Run Manager\Behavior\AppInitialBehavior [ RunTime:0.000393s ]
INFO: [ app_init ] --END-- [ RunTime:0.000989s ]
INFO: [ app_begin ] --START--
INFO: Run Behavior\ReadHtmlCacheBehavior [ RunTime:0.000736s ]
INFO: [ app_begin ] --END-- [ RunTime:0.001286s ]
ERR: 无法加载控制器:VehicleInterface

[ 2016-11-16T17:32:16+08:00 ] ::1 /TobaccoGms1/index.php?m=Service&c=SimCardInfo&a=index
INFO: [ app_init ] --START--
INFO: Run Behavior\BuildLiteBehavior [ RunTime:0.000069s ]
INFO: Run Manager\Behavior\AppInitialBehavior [ RunTime:0.000582s ]
INFO: [ app_init ] --END-- [ RunTime:0.001317s ]
INFO: [ app_begin ] --START--
INFO: Run Behavior\ReadHtmlCacheBehavior [ RunTime:0.000457s ]
INFO: [ app_begin ] --END-- [ RunTime:0.000806s ]
INFO: [ action_begin ] --START--
SQL: SHOW COLUMNS FROM `gms_hooks` [ RunTime:0.0486s ]
SQL: SELECT `name`,`addons` FROM `gms_hooks`  [ RunTime:0.0378s ]
SQL: SHOW COLUMNS FROM `gms_addons` [ RunTime:0.0416s ]
SQL: SELECT `id`,`name` FROM `gms_addons` WHERE `disabled` = 1 AND `name` IN ('SiteStat')  [ RunTime:0.0401s ]
INFO: Run Common\Behavior\InitHookBehavior [ RunTime:0.388173s ]
INFO: [ action_begin ] --END-- [ RunTime:0.388551s ]
SQL: SHOW COLUMNS FROM `service_simcard_info` [ RunTime:0.0416s ]
INFO: [ view_parse ] --START--
INFO: [ template_filter ] --START--
INFO: Run Behavior\ContentReplaceBehavior [ RunTime:0.000253s ]
INFO: [ template_filter ] --END-- [ RunTime:0.000587s ]
ERR: $Auth_RuleService/SimCardInfo/Create
SQL: SHOW COLUMNS FROM `gms_user` [ RunTime:0.0417s ]
SQL: SELECT `group_ids` FROM `gms_user` WHERE `id` = 1 LIMIT 1   [ RunTime:0.0425s ]
SQL: SHOW COLUMNS FROM `gms_auth_group` [ RunTime:0.0430s ]
SQL: SELECT `id`,`title`,`rules` FROM `gms_auth_group` WHERE `id` IN ('1') AND `status` = 1  [ RunTime:0.0423s ]
SQL: SHOW COLUMNS FROM `gms_auth_rule` [ RunTime:0.0453s ]
SQL: SELECT `condition`,`name` FROM `gms_auth_rule` WHERE `id` IN ('217','266','268','259','260','257','264','220','254','231','232','234','235','230','229','224','225','226','227','228','233','1','207','212','250','251','252','211118','216','239','240','241','208','210','245','246','247','248','274','282','283','284','213','236','237','238','298','6','209','242','243','244','57','218','219','272','295','60','59','58','17','20','84','25','26','27','28','13','14','15','16','4','296','297','61','45','46','47','48','49','50','51','52','29','32','31','30','33','34','35','36','80','81','82','83','5','37','39','40','62','38') AND `type` = 1 AND `status` = 1  [ RunTime:0.0498s ]
ERR: $Auth_RuleService/SimCardInfo/MoveGroup
INFO: Run Behavior\ParseTemplateBehavior [ RunTime:0.309132s ]
INFO: [ view_parse ] --END-- [ RunTime:0.309533s ]
INFO: [ view_filter ] --START--
INFO: Run Behavior\WriteHtmlCacheBehavior [ RunTime:0.000409s ]
INFO: [ view_filter ] --END-- [ RunTime:0.000763s ]
INFO: [ app_end ] --START--
INFO: Run Behavior\ShowPageTraceBehavior [ RunTime:0.000591s ]
INFO: [ app_end ] --END-- [ RunTime:0.000958s ]

[ 2016-11-16T17:32:17+08:00 ] ::1 /TobaccoGms1/index.php?m=Service&c=SimCardInfo&a=getSimCardInfoToList
INFO: [ app_init ] --START--
INFO: Run Behavior\BuildLiteBehavior [ RunTime:0.000066s ]
INFO: Run Manager\Behavior\AppInitialBehavior [ RunTime:0.000418s ]
INFO: [ app_init ] --END-- [ RunTime:0.001071s ]
INFO: [ app_begin ] --START--
INFO: Run Behavior\ReadHtmlCacheBehavior [ RunTime:0.000511s ]
INFO: [ app_begin ] --END-- [ RunTime:0.000891s ]
INFO: [ action_begin ] --START--
SQL: SHOW COLUMNS FROM `gms_hooks` [ RunTime:0.0319s ]
SQL: SELECT `name`,`addons` FROM `gms_hooks`  [ RunTime:0.0277s ]
SQL: SHOW COLUMNS FROM `gms_addons` [ RunTime:0.0285s ]
SQL: SELECT `id`,`name` FROM `gms_addons` WHERE `disabled` = 1 AND `name` IN ('SiteStat')  [ RunTime:0.0291s ]
INFO: Run Common\Behavior\InitHookBehavior [ RunTime:0.289231s ]
INFO: [ action_begin ] --END-- [ RunTime:0.289587s ]
SQL: SHOW COLUMNS FROM `service_simcard_info` [ RunTime:0.0291s ]
SQL: SHOW COLUMNS FROM `service_group_info` [ RunTime:0.0289s ]
SQL: SELECT * FROM `service_group_info` WHERE `group_id` = 1 LIMIT 1   [ RunTime:0.0279s ]
SQL: SELECT * FROM `service_group_info` WHERE `id_level` LIKE '/%'  [ RunTime:0.0292s ]
SQL: SELECT * FROM `service_group_info` WHERE `group_id` = 0 LIMIT 1   [ RunTime:0.0269s ]
SQL: SELECT * FROM `service_group_info` WHERE `group_id` = 1 LIMIT 1   [ RunTime:0.0275s ]
SQL: SELECT * FROM `service_group_info` WHERE `group_id` = 123 LIMIT 1   [ RunTime:0.0308s ]
SQL: SELECT * FROM `service_group_info` WHERE `group_id` = 1 LIMIT 1   [ RunTime:0.0282s ]
SQL: SELECT * FROM `service_group_info` WHERE `group_id` = 129 LIMIT 1   [ RunTime:0.0278s ]
SQL: SELECT * FROM `service_group_info` WHERE `group_id` = 1 LIMIT 1   [ RunTime:0.0277s ]
SQL: SELECT COUNT(*) AS tp_count FROM `service_simcard_info` WHERE `group_id` IN ('1','123','125','129','130','132') LIMIT 1   [ RunTime:0.0286s ]
INFO: [ app_end ] --START--
INFO: Run Behavior\ShowPageTraceBehavior [ RunTime:0.000469s ]
INFO: [ app_end ] --END-- [ RunTime:0.000726s ]

[ 2016-11-16T17:41:51+08:00 ] ::1 /TobaccoGms1/index.php?m=Service&c=SimCardInfo&a=index
INFO: [ app_init ] --START--
INFO: Run Behavior\BuildLiteBehavior [ RunTime:0.000075s ]
INFO: Run Manager\Behavior\AppInitialBehavior [ RunTime:0.000850s ]
INFO: [ app_init ] --END-- [ RunTime:0.001547s ]
INFO: [ app_begin ] --START--
INFO: Run Behavior\ReadHtmlCacheBehavior [ RunTime:0.000616s ]
INFO: [ app_begin ] --END-- [ RunTime:0.000966s ]
INFO: [ action_begin ] --START--
SQL: SHOW COLUMNS FROM `gms_hooks` [ RunTime:0.0287s ]
SQL: SELECT `name`,`addons` FROM `gms_hooks`  [ RunTime:0.0273s ]
SQL: SHOW COLUMNS FROM `gms_addons` [ RunTime:0.0300s ]
SQL: SELECT `id`,`name` FROM `gms_addons` WHERE `disabled` = 1 AND `name` IN ('SiteStat')  [ RunTime:0.0286s ]
INFO: Run Common\Behavior\InitHookBehavior [ RunTime:0.740993s ]
INFO: [ action_begin ] --END-- [ RunTime:0.741365s ]
SQL: SHOW COLUMNS FROM `service_simcard_info` [ RunTime:0.0290s ]
ERR: $Auth_RuleService/SimCardInfo/Edit
SQL: SHOW COLUMNS FROM `gms_user` [ RunTime:0.0298s ]
SQL: SELECT `group_ids` FROM `gms_user` WHERE `id` = 1 LIMIT 1   [ RunTime:0.0268s ]
SQL: SHOW COLUMNS FROM `gms_auth_group` [ RunTime:0.0281s ]
SQL: SELECT `id`,`title`,`rules` FROM `gms_auth_group` WHERE `id` IN ('1') AND `status` = 1  [ RunTime:0.0275s ]
SQL: SHOW COLUMNS FROM `gms_auth_rule` [ RunTime:0.0278s ]
SQL: SELECT `condition`,`name` FROM `gms_auth_rule` WHERE `id` IN ('217','266','268','259','260','257','264','220','254','231','232','234','235','230','229','224','225','226','227','228','233','1','207','212','250','251','252','211118','216','239','240','241','208','210','245','246','247','248','274','282','283','284','213','236','237','238','298','6','209','242','243','244','57','218','219','272','295','60','59','58','17','20','84','25','26','27','28','13','14','15','16','4','296','297','61','45','46','47','48','49','50','51','52','29','32','31','30','33','34','35','36','80','81','82','83','5','37','39','40','62','38') AND `type` = 1 AND `status` = 1  [ RunTime:0.0288s ]
ERR: $Auth_RuleService/SimCardInfo/Delete
INFO: [ view_parse ] --START--
INFO: [ template_filter ] --START--
INFO: Run Behavior\ContentReplaceBehavior [ RunTime:0.000289s ]
INFO: [ template_filter ] --END-- [ RunTime:0.000635s ]
ERR: $Auth_RuleService/SimCardInfo/Create
ERR: $Auth_RuleService/SimCardInfo/MoveGroup
INFO: Run Behavior\ParseTemplateBehavior [ RunTime:0.055511s ]
INFO: [ view_parse ] --END-- [ RunTime:0.055932s ]
INFO: [ view_filter ] --START--
INFO: Run Behavior\WriteHtmlCacheBehavior [ RunTime:0.030258s ]
INFO: [ view_filter ] --END-- [ RunTime:0.030723s ]
INFO: [ app_end ] --START--
INFO: Run Behavior\ShowPageTraceBehavior [ RunTime:0.000743s ]
INFO: [ app_end ] --END-- [ RunTime:0.001118s ]

[ 2016-11-16T17:41:53+08:00 ] ::1 /TobaccoGms1/index.php?m=Service&c=SimCardInfo&a=getSimCardInfoToList
INFO: [ app_init ] --START--
INFO: Run Behavior\BuildLiteBehavior [ RunTime:0.000068s ]
INFO: Run Manager\Behavior\AppInitialBehavior [ RunTime:0.000613s ]
INFO: [ app_init ] --END-- [ RunTime:0.001313s ]
INFO: [ app_begin ] --START--
INFO: Run Behavior\ReadHtmlCacheBehavior [ RunTime:0.000427s ]
INFO: [ app_begin ] --END-- [ RunTime:0.000722s ]
INFO: [ action_begin ] --START--
SQL: SHOW COLUMNS FROM `gms_hooks` [ RunTime:0.0386s ]
SQL: SELECT `name`,`addons` FROM `gms_hooks`  [ RunTime:0.0397s ]
SQL: SHOW COLUMNS FROM `gms_addons` [ RunTime:0.0389s ]
SQL: SELECT `id`,`name` FROM `gms_addons` WHERE `disabled` = 1 AND `name` IN ('SiteStat')  [ RunTime:0.0370s ]
INFO: Run Common\Behavior\InitHookBehavior [ RunTime:0.327022s ]
INFO: [ action_begin ] --END-- [ RunTime:0.327303s ]
SQL: SHOW COLUMNS FROM `service_simcard_info` [ RunTime:0.0403s ]
SQL: SHOW COLUMNS FROM `service_group_info` [ RunTime:0.0383s ]
SQL: SELECT * FROM `service_group_info` WHERE `group_id` = 1 LIMIT 1   [ RunTime:0.0396s ]
SQL: SELECT * FROM `service_group_info` WHERE `id_level` LIKE '/%'  [ RunTime:0.0383s ]
SQL: SELECT * FROM `service_group_info` WHERE `group_id` = 0 LIMIT 1   [ RunTime:0.0389s ]
SQL: SELECT * FROM `service_group_info` WHERE `group_id` = 1 LIMIT 1   [ RunTime:0.0390s ]
SQL: SELECT * FROM `service_group_info` WHERE `group_id` = 123 LIMIT 1   [ RunTime:0.0382s ]
SQL: SELECT * FROM `service_group_info` WHERE `group_id` = 1 LIMIT 1   [ RunTime:0.0393s ]
SQL: SELECT * FROM `service_group_info` WHERE `group_id` = 129 LIMIT 1   [ RunTime:0.0372s ]
SQL: SELECT * FROM `service_group_info` WHERE `group_id` = 1 LIMIT 1   [ RunTime:0.0395s ]
SQL: SELECT COUNT(*) AS tp_count FROM `service_simcard_info` WHERE `group_id` IN ('1','123','125','129','130','132') LIMIT 1   [ RunTime:0.0386s ]
INFO: [ app_end ] --START--
INFO: Run Behavior\ShowPageTraceBehavior [ RunTime:0.000474s ]
INFO: [ app_end ] --END-- [ RunTime:0.000732s ]

[ 2016-11-16T17:41:55+08:00 ] ::1 /TobaccoGms1/index.php?m=Service&c=simCardInfo&a=add_edit&type=add&_=1479289312014
INFO: [ app_init ] --START--
INFO: Run Behavior\BuildLiteBehavior [ RunTime:0.000072s ]
INFO: Run Manager\Behavior\AppInitialBehavior [ RunTime:0.000489s ]
INFO: [ app_init ] --END-- [ RunTime:0.001240s ]
INFO: [ app_begin ] --START--
INFO: Run Behavior\ReadHtmlCacheBehavior [ RunTime:0.000725s ]
INFO: [ app_begin ] --END-- [ RunTime:0.001025s ]
INFO: [ action_begin ] --START--
SQL: SHOW COLUMNS FROM `gms_hooks` [ RunTime:0.0422s ]
SQL: SELECT `name`,`addons` FROM `gms_hooks`  [ RunTime:0.0416s ]
SQL: SHOW COLUMNS FROM `gms_addons` [ RunTime:0.0526s ]
SQL: SELECT `id`,`name` FROM `gms_addons` WHERE `disabled` = 1 AND `name` IN ('SiteStat')  [ RunTime:0.0434s ]
INFO: Run Common\Behavior\InitHookBehavior [ RunTime:0.340783s ]
INFO: [ action_begin ] --END-- [ RunTime:0.341126s ]
SQL: SHOW COLUMNS FROM `service_simcard_info` [ RunTime:0.0441s ]
SQL: SHOW COLUMNS FROM `service_word_book` [ RunTime:0.0430s ]
INFO: [ app_end ] --START--
INFO: Run Behavior\ShowPageTraceBehavior [ RunTime:0.000460s ]
INFO: [ app_end ] --END-- [ RunTime:0.000757s ]

[ 2016-11-16T17:54:09+08:00 ] ::1 /TobaccoGms1/index.php?m=Service&c=SimCardInfo&a=index
INFO: [ app_init ] --START--
INFO: Run Behavior\BuildLiteBehavior [ RunTime:0.000066s ]
INFO: Run Manager\Behavior\AppInitialBehavior [ RunTime:0.000391s ]
INFO: [ app_init ] --END-- [ RunTime:0.000990s ]
INFO: [ app_begin ] --START--
INFO: Run Behavior\ReadHtmlCacheBehavior [ RunTime:0.000528s ]
INFO: [ app_begin ] --END-- [ RunTime:0.000921s ]
INFO: [ action_begin ] --START--
SQL: SHOW COLUMNS FROM `gms_hooks` [ RunTime:0.1058s ]
SQL: SELECT `name`,`addons` FROM `gms_hooks`  [ RunTime:0.1052s ]
SQL: SHOW COLUMNS FROM `gms_addons` [ RunTime:0.1076s ]
SQL: SELECT `id`,`name` FROM `gms_addons` WHERE `disabled` = 1 AND `name` IN ('SiteStat')  [ RunTime:0.1049s ]
INFO: Run Common\Behavior\InitHookBehavior [ RunTime:0.858822s ]
INFO: [ action_begin ] --END-- [ RunTime:0.859359s ]
SQL: SHOW COLUMNS FROM `service_simcard_info` [ RunTime:0.1045s ]
ERR: $Auth_RuleService/SimCardInfo/Edit
SQL: SHOW COLUMNS FROM `gms_user` [ RunTime:0.1020s ]
SQL: SELECT `group_ids` FROM `gms_user` WHERE `id` = 1 LIMIT 1   [ RunTime:0.1013s ]
SQL: SHOW COLUMNS FROM `gms_auth_group` [ RunTime:0.1055s ]
SQL: SELECT `id`,`title`,`rules` FROM `gms_auth_group` WHERE `id` IN ('1') AND `status` = 1  [ RunTime:0.0996s ]
SQL: SHOW COLUMNS FROM `gms_auth_rule` [ RunTime:0.1014s ]
SQL: SELECT `condition`,`name` FROM `gms_auth_rule` WHERE `id` IN ('217','266','268','259','260','257','264','220','254','231','232','234','235','230','229','224','225','226','227','228','233','1','207','212','250','251','252','211118','216','239','240','241','208','210','245','246','247','248','274','282','283','284','213','236','237','238','298','6','209','242','243','244','57','218','219','272','295','60','59','58','17','20','84','25','26','27','28','13','14','15','16','4','296','297','61','45','46','47','48','49','50','51','52','29','32','31','30','33','34','35','36','80','81','82','83','5','37','39','40','62','38') AND `type` = 1 AND `status` = 1  [ RunTime:0.1019s ]
ERR: $Auth_RuleService/SimCardInfo/Delete
INFO: [ view_parse ] --START--
INFO: [ template_filter ] --START--
INFO: Run Behavior\ContentReplaceBehavior [ RunTime:0.000229s ]
INFO: [ template_filter ] --END-- [ RunTime:0.000556s ]
ERR: $Auth_RuleService/SimCardInfo/Create
ERR: $Auth_RuleService/SimCardInfo/MoveGroup
INFO: Run Behavior\ParseTemplateBehavior [ RunTime:0.014008s ]
INFO: [ view_parse ] --END-- [ RunTime:0.014375s ]
INFO: [ view_filter ] --START--
INFO: Run Behavior\WriteHtmlCacheBehavior [ RunTime:0.000273s ]
INFO: [ view_filter ] --END-- [ RunTime:0.000603s ]
INFO: [ app_end ] --START--
INFO: Run Behavior\ShowPageTraceBehavior [ RunTime:0.000493s ]
INFO: [ app_end ] --END-- [ RunTime:0.000843s ]

[ 2016-11-16T17:54:12+08:00 ] ::1 /TobaccoGms1/index.php?m=Service&c=SimCardInfo&a=getSimCardInfoToList
INFO: [ app_init ] --START--
INFO: Run Behavior\BuildLiteBehavior [ RunTime:0.000069s ]
INFO: Run Manager\Behavior\AppInitialBehavior [ RunTime:0.000721s ]
INFO: [ app_init ] --END-- [ RunTime:0.001550s ]
INFO: [ app_begin ] --START--
INFO: Run Behavior\ReadHtmlCacheBehavior [ RunTime:0.000408s ]
INFO: [ app_begin ] --END-- [ RunTime:0.000706s ]
INFO: [ action_begin ] --START--
SQL: SHOW COLUMNS FROM `gms_hooks` [ RunTime:0.0958s ]
SQL: SELECT `name`,`addons` FROM `gms_hooks`  [ RunTime:0.0982s ]
SQL: SHOW COLUMNS FROM `gms_addons` [ RunTime:0.1004s ]
SQL: SELECT `id`,`name` FROM `gms_addons` WHERE `disabled` = 1 AND `name` IN ('SiteStat')  [ RunTime:0.0956s ]
INFO: Run Common\Behavior\InitHookBehavior [ RunTime:0.799432s ]
INFO: [ action_begin ] --END-- [ RunTime:0.799814s ]
SQL: SHOW COLUMNS FROM `service_simcard_info` [ RunTime:0.0961s ]
SQL: SHOW COLUMNS FROM `service_group_info` [ RunTime:0.0979s ]
SQL: SELECT * FROM `service_group_info` WHERE `group_id` = 1 LIMIT 1   [ RunTime:0.0962s ]
SQL: SELECT * FROM `service_group_info` WHERE `id_level` LIKE '/%'  [ RunTime:0.0950s ]
SQL: SELECT * FROM `service_group_info` WHERE `group_id` = 0 LIMIT 1   [ RunTime:0.0916s ]
SQL: SELECT * FROM `service_group_info` WHERE `group_id` = 1 LIMIT 1   [ RunTime:0.0921s ]
SQL: SELECT * FROM `service_group_info` WHERE `group_id` = 123 LIMIT 1   [ RunTime:0.0867s ]
SQL: SELECT * FROM `service_group_info` WHERE `group_id` = 1 LIMIT 1   [ RunTime:0.0844s ]
SQL: SELECT * FROM `service_group_info` WHERE `group_id` = 129 LIMIT 1   [ RunTime:0.0826s ]
SQL: SELECT * FROM `service_group_info` WHERE `group_id` = 1 LIMIT 1   [ RunTime:0.0796s ]
SQL: SELECT COUNT(*) AS tp_count FROM `service_simcard_info` WHERE `group_id` IN ('1','123','125','129','130','132') LIMIT 1   [ RunTime:0.0777s ]
INFO: [ app_end ] --START--
INFO: Run Behavior\ShowPageTraceBehavior [ RunTime:0.000473s ]
INFO: [ app_end ] --END-- [ RunTime:0.000734s ]

[ 2016-11-16T17:54:51+08:00 ] ::1 /TobaccoGms1/index.php?m=Service&c=SimCardInfo&a=index
INFO: [ app_init ] --START--
INFO: Run Behavior\BuildLiteBehavior [ RunTime:0.000066s ]
INFO: Run Manager\Behavior\AppInitialBehavior [ RunTime:0.000404s ]
INFO: [ app_init ] --END-- [ RunTime:0.001008s ]
INFO: [ app_begin ] --START--
INFO: Run Behavior\ReadHtmlCacheBehavior [ RunTime:0.000456s ]
INFO: [ app_begin ] --END-- [ RunTime:0.000797s ]
INFO: [ action_begin ] --START--
SQL: SHOW COLUMNS FROM `gms_hooks` [ RunTime:0.1165s ]
SQL: SELECT `name`,`addons` FROM `gms_hooks`  [ RunTime:0.1130s ]
SQL: SHOW COLUMNS FROM `gms_addons` [ RunTime:0.1105s ]
SQL: SELECT `id`,`name` FROM `gms_addons` WHERE `disabled` = 1 AND `name` IN ('SiteStat')  [ RunTime:0.1081s ]
INFO: Run Common\Behavior\InitHookBehavior [ RunTime:0.905932s ]
INFO: [ action_begin ] --END-- [ RunTime:0.906319s ]
SQL: SHOW COLUMNS FROM `service_simcard_info` [ RunTime:0.1112s ]
ERR: $Auth_RuleService/SimCardInfo/Edit
SQL: SHOW COLUMNS FROM `gms_user` [ RunTime:0.1145s ]
SQL: SELECT `group_ids` FROM `gms_user` WHERE `id` = 1 LIMIT 1   [ RunTime:0.1126s ]
SQL: SHOW COLUMNS FROM `gms_auth_group` [ RunTime:0.1390s ]
SQL: SELECT `id`,`title`,`rules` FROM `gms_auth_group` WHERE `id` IN ('1') AND `status` = 1  [ RunTime:0.2093s ]
SQL: SHOW COLUMNS FROM `gms_auth_rule` [ RunTime:0.2098s ]
SQL: SELECT `condition`,`name` FROM `gms_auth_rule` WHERE `id` IN ('217','266','268','259','260','257','264','220','254','232','234','235','231','230','229','224','225','226','227','228','233','1','207','212','318','250','251','252','216','239','240','241','319','208','210','245','246','247','248','274','283','284','282','213','236','237','238','298','6','209','242','243','244','57','218','219','272','295','60','59','58','25','27','26','28','17','20','84','13','14','15','16','4','296','297','61','45','46','47','48','49','50','52','51','29','32','30','31','33','35','36','34','80','81','82','83','5','37','39','40','62','38') AND `type` = 1 AND `status` = 1  [ RunTime:0.1593s ]
ERR: $Auth_RuleService/SimCardInfo/Delete
INFO: [ view_parse ] --START--
INFO: [ template_filter ] --START--
INFO: Run Behavior\ContentReplaceBehavior [ RunTime:0.000228s ]
INFO: [ template_filter ] --END-- [ RunTime:0.000568s ]
ERR: $Auth_RuleService/SimCardInfo/Create
ERR: $Auth_RuleService/SimCardInfo/MoveGroup
INFO: Run Behavior\ParseTemplateBehavior [ RunTime:0.014673s ]
INFO: [ view_parse ] --END-- [ RunTime:0.015082s ]
INFO: [ view_filter ] --START--
INFO: Run Behavior\WriteHtmlCacheBehavior [ RunTime:0.000286s ]
INFO: [ view_filter ] --END-- [ RunTime:0.000614s ]
INFO: [ app_end ] --START--
INFO: Run Behavior\ShowPageTraceBehavior [ RunTime:0.000436s ]
INFO: [ app_end ] --END-- [ RunTime:0.000757s ]

[ 2016-11-16T17:54:54+08:00 ] ::1 /TobaccoGms1/index.php?m=Service&c=SimCardInfo&a=getSimCardInfoToList
INFO: [ app_init ] --START--
INFO: Run Behavior\BuildLiteBehavior [ RunTime:0.000069s ]
INFO: Run Manager\Behavior\AppInitialBehavior [ RunTime:0.000417s ]
INFO: [ app_init ] --END-- [ RunTime:0.001009s ]
INFO: [ app_begin ] --START--
INFO: Run Behavior\ReadHtmlCacheBehavior [ RunTime:0.000430s ]
INFO: [ app_begin ] --END-- [ RunTime:0.000743s ]
INFO: [ action_begin ] --START--
SQL: SHOW COLUMNS FROM `gms_hooks` [ RunTime:0.0982s ]
SQL: SELECT `name`,`addons` FROM `gms_hooks`  [ RunTime:0.0942s ]
SQL: SHOW COLUMNS FROM `gms_addons` [ RunTime:0.0956s ]
SQL: SELECT `id`,`name` FROM `gms_addons` WHERE `disabled` = 1 AND `name` IN ('SiteStat')  [ RunTime:0.0964s ]
INFO: Run Common\Behavior\InitHookBehavior [ RunTime:0.762119s ]
INFO: [ action_begin ] --END-- [ RunTime:0.762521s ]
SQL: SHOW COLUMNS FROM `service_simcard_info` [ RunTime:0.0993s ]
SQL: SHOW COLUMNS FROM `service_group_info` [ RunTime:0.0973s ]
SQL: SELECT * FROM `service_group_info` WHERE `group_id` = 1 LIMIT 1   [ RunTime:0.1009s ]
SQL: SELECT * FROM `service_group_info` WHERE `id_level` LIKE '/%'  [ RunTime:0.1015s ]
SQL: SELECT * FROM `service_group_info` WHERE `group_id` = 0 LIMIT 1   [ RunTime:0.0981s ]
SQL: SELECT * FROM `service_group_info` WHERE `group_id` = 1 LIMIT 1   [ RunTime:0.0976s ]
SQL: SELECT * FROM `service_group_info` WHERE `group_id` = 123 LIMIT 1   [ RunTime:0.0971s ]
SQL: SELECT * FROM `service_group_info` WHERE `group_id` = 1 LIMIT 1   [ RunTime:0.0964s ]
SQL: SELECT * FROM `service_group_info` WHERE `group_id` = 129 LIMIT 1   [ RunTime:0.0984s ]
SQL: SELECT * FROM `service_group_info` WHERE `group_id` = 1 LIMIT 1   [ RunTime:0.0992s ]
SQL: SELECT COUNT(*) AS tp_count FROM `service_simcard_info` WHERE `group_id` IN ('1','123','125','129','130','132') LIMIT 1   [ RunTime:0.0989s ]
INFO: [ app_end ] --START--
INFO: Run Behavior\ShowPageTraceBehavior [ RunTime:0.000465s ]
INFO: [ app_end ] --END-- [ RunTime:0.000728s ]

[ 2016-11-16T17:54:56+08:00 ] ::1 /TobaccoGms1/index.php?m=Service&c=DeviceInfo&a=index
INFO: [ app_init ] --START--
INFO: Run Behavior\BuildLiteBehavior [ RunTime:0.000065s ]
INFO: Run Manager\Behavior\AppInitialBehavior [ RunTime:0.000381s ]
INFO: [ app_init ] --END-- [ RunTime:0.000956s ]
INFO: [ app_begin ] --START--
INFO: Run Behavior\ReadHtmlCacheBehavior [ RunTime:0.000739s ]
INFO: [ app_begin ] --END-- [ RunTime:0.001272s ]
INFO: [ action_begin ] --START--
SQL: SHOW COLUMNS FROM `gms_hooks` [ RunTime:0.0894s ]
SQL: SELECT `name`,`addons` FROM `gms_hooks`  [ RunTime:0.0873s ]
SQL: SHOW COLUMNS FROM `gms_addons` [ RunTime:0.0883s ]
SQL: SELECT `id`,`name` FROM `gms_addons` WHERE `disabled` = 1 AND `name` IN ('SiteStat')  [ RunTime:0.0868s ]
INFO: Run Common\Behavior\InitHookBehavior [ RunTime:0.688766s ]
INFO: [ action_begin ] --END-- [ RunTime:0.689132s ]
SQL: SHOW COLUMNS FROM `service_device_info` [ RunTime:0.0905s ]
ERR: $Auth_RuleService/DeviceInfo/Edit
SQL: SHOW COLUMNS FROM `gms_user` [ RunTime:0.0859s ]
SQL: SELECT `group_ids` FROM `gms_user` WHERE `id` = 1 LIMIT 1   [ RunTime:0.0861s ]
SQL: SHOW COLUMNS FROM `gms_auth_group` [ RunTime:0.0863s ]
SQL: SELECT `id`,`title`,`rules` FROM `gms_auth_group` WHERE `id` IN ('1') AND `status` = 1  [ RunTime:0.0821s ]
SQL: SHOW COLUMNS FROM `gms_auth_rule` [ RunTime:0.0852s ]
SQL: SELECT `condition`,`name` FROM `gms_auth_rule` WHERE `id` IN ('217','266','268','259','260','257','264','220','254','232','234','235','231','230','229','224','225','226','227','228','233','1','207','212','318','250','251','252','216','239','240','241','319','208','210','245','246','247','248','274','283','284','282','213','236','237','238','298','6','209','242','243','244','57','218','219','272','295','60','59','58','25','27','26','28','17','20','84','13','14','15','16','4','296','297','61','45','46','47','48','49','50','52','51','29','32','30','31','33','35','36','34','80','81','82','83','5','37','39','40','62','38') AND `type` = 1 AND `status` = 1  [ RunTime:0.0840s ]
ERR: $Auth_RuleService/DeviceInfo/Delete
INFO: [ view_parse ] --START--
INFO: [ template_filter ] --START--
INFO: Run Behavior\ContentReplaceBehavior [ RunTime:0.000282s ]
INFO: [ template_filter ] --END-- [ RunTime:0.000689s ]
ERR: $Auth_RuleService/DeviceInfo/Create
ERR: $Auth_RuleService/DeviceInfo/MoveGroup
INFO: Run Behavior\ParseTemplateBehavior [ RunTime:0.050277s ]
INFO: [ view_parse ] --END-- [ RunTime:0.050633s ]
INFO: [ view_filter ] --START--
INFO: Run Behavior\WriteHtmlCacheBehavior [ RunTime:0.000264s ]
INFO: [ view_filter ] --END-- [ RunTime:0.000580s ]
INFO: [ app_end ] --START--
INFO: Run Behavior\ShowPageTraceBehavior [ RunTime:0.000442s ]
INFO: [ app_end ] --END-- [ RunTime:0.000755s ]

[ 2016-11-16T17:54:59+08:00 ] ::1 /TobaccoGms1/index.php?m=Service&c=DeviceInfo&a=getDeviceInfoToList
INFO: [ app_init ] --START--
INFO: Run Behavior\BuildLiteBehavior [ RunTime:0.000066s ]
INFO: Run Manager\Behavior\AppInitialBehavior [ RunTime:0.000386s ]
INFO: [ app_init ] --END-- [ RunTime:0.000962s ]
INFO: [ app_begin ] --START--
INFO: Run Behavior\ReadHtmlCacheBehavior [ RunTime:0.000531s ]
INFO: [ app_begin ] --END-- [ RunTime:0.000874s ]
INFO: [ action_begin ] --START--
SQL: SHOW COLUMNS FROM `gms_hooks` [ RunTime:0.0788s ]
SQL: SELECT `name`,`addons` FROM `gms_hooks`  [ RunTime:0.0746s ]
SQL: SHOW COLUMNS FROM `gms_addons` [ RunTime:0.0766s ]
SQL: SELECT `id`,`name` FROM `gms_addons` WHERE `disabled` = 1 AND `name` IN ('SiteStat')  [ RunTime:0.0721s ]
INFO: Run Common\Behavior\InitHookBehavior [ RunTime:0.604667s ]
INFO: [ action_begin ] --END-- [ RunTime:0.604946s ]
SQL: SHOW COLUMNS FROM `service_device_info` [ RunTime:0.0748s ]
SQL: SHOW COLUMNS FROM `service_group_info` [ RunTime:0.0740s ]
SQL: SELECT * FROM `service_group_info` WHERE `group_id` = 1 LIMIT 1   [ RunTime:0.0747s ]
SQL: SELECT * FROM `service_group_info` WHERE `id_level` LIKE '/%'  [ RunTime:0.0776s ]
SQL: SELECT * FROM `service_group_info` WHERE `group_id` = 0 LIMIT 1   [ RunTime:0.0772s ]
SQL: SELECT * FROM `service_group_info` WHERE `group_id` = 1 LIMIT 1   [ RunTime:0.0757s ]
SQL: SELECT * FROM `service_group_info` WHERE `group_id` = 123 LIMIT 1   [ RunTime:0.0744s ]
SQL: SELECT * FROM `service_group_info` WHERE `group_id` = 1 LIMIT 1   [ RunTime:0.0696s ]
SQL: SELECT * FROM `service_group_info` WHERE `group_id` = 129 LIMIT 1   [ RunTime:0.0681s ]
SQL: SELECT * FROM `service_group_info` WHERE `group_id` = 1 LIMIT 1   [ RunTime:0.0733s ]
SQL: SELECT COUNT(*) AS tp_count FROM `service_device_info` WHERE `group_id` IN ('1','123','125','129','130','132') LIMIT 1   [ RunTime:0.0739s ]
SQL: SELECT * FROM `service_device_info` WHERE `group_id` IN ('1','123','125','129','130','132') ORDER BY id asc LIMIT 0,20   [ RunTime:0.0725s ]
SQL: SHOW COLUMNS FROM `service_word_book` [ RunTime:0.0769s ]
SQL: SELECT word_id as id,word as text FROM `service_word_book` WHERE `type_id` = 22  [ RunTime:0.0756s ]
SQL: SELECT word_id as id,word as text FROM `service_word_book` WHERE `type_id` = 16  [ RunTime:0.0803s ]
SQL: SELECT word_id as id,word as text FROM `service_word_book` WHERE `type_id` = 9  [ RunTime:0.0781s ]
SQL: SELECT word_id as id,word as text FROM `service_word_book` WHERE `type_id` = 15  [ RunTime:0.0813s ]
SQL: SELECT `group_name` FROM `service_group_info` WHERE `group_id` = 125 LIMIT 1   [ RunTime:0.0792s ]
NOTIC: [8] Undefined index: vehicle_id /Applications/XAMPP/xamppfiles/htdocs/TobaccoGms1/App/Service/Model/DeviceInfoModel.class.php 第 83 行.
NOTIC: [8] Undefined index: vehicle_license_color /Applications/XAMPP/xamppfiles/htdocs/TobaccoGms1/App/Service/Model/DeviceInfoModel.class.php 第 84 行.
NOTIC: [8] Undefined index: simCard_no /Applications/XAMPP/xamppfiles/htdocs/TobaccoGms1/App/Service/Model/DeviceInfoModel.class.php 第 85 行.
SQL: SELECT `group_name` FROM `service_group_info` WHERE `group_id` = 125 LIMIT 1   [ RunTime:0.0811s ]
NOTIC: [8] Undefined index: vehicle_id /Applications/XAMPP/xamppfiles/htdocs/TobaccoGms1/App/Service/Model/DeviceInfoModel.class.php 第 83 行.
NOTIC: [8] Undefined index: vehicle_license_color /Applications/XAMPP/xamppfiles/htdocs/TobaccoGms1/App/Service/Model/DeviceInfoModel.class.php 第 84 行.
NOTIC: [8] Undefined index: simCard_no /Applications/XAMPP/xamppfiles/htdocs/TobaccoGms1/App/Service/Model/DeviceInfoModel.class.php 第 85 行.
SQL: SELECT `group_name` FROM `service_group_info` WHERE `group_id` = 125 LIMIT 1   [ RunTime:0.0815s ]
NOTIC: [8] Undefined index: vehicle_id /Applications/XAMPP/xamppfiles/htdocs/TobaccoGms1/App/Service/Model/DeviceInfoModel.class.php 第 83 行.
NOTIC: [8] Undefined index: vehicle_license_color /Applications/XAMPP/xamppfiles/htdocs/TobaccoGms1/App/Service/Model/DeviceInfoModel.class.php 第 84 行.
NOTIC: [8] Undefined index: simCard_no /Applications/XAMPP/xamppfiles/htdocs/TobaccoGms1/App/Service/Model/DeviceInfoModel.class.php 第 85 行.
SQL: SELECT `group_name` FROM `service_group_info` WHERE `group_id` = 1 LIMIT 1   [ RunTime:0.0820s ]
NOTIC: [8] Undefined index: vehicle_id /Applications/XAMPP/xamppfiles/htdocs/TobaccoGms1/App/Service/Model/DeviceInfoModel.class.php 第 83 行.
NOTIC: [8] Undefined index: vehicle_license_color /Applications/XAMPP/xamppfiles/htdocs/TobaccoGms1/App/Service/Model/DeviceInfoModel.class.php 第 84 行.
NOTIC: [8] Undefined index: simCard_no /Applications/XAMPP/xamppfiles/htdocs/TobaccoGms1/App/Service/Model/DeviceInfoModel.class.php 第 85 行.
SQL: SELECT `group_name` FROM `service_group_info` WHERE `group_id` = 1 LIMIT 1   [ RunTime:0.0852s ]
NOTIC: [8] Undefined index: vehicle_id /Applications/XAMPP/xamppfiles/htdocs/TobaccoGms1/App/Service/Model/DeviceInfoModel.class.php 第 83 行.
NOTIC: [8] Undefined index: vehicle_license_color /Applications/XAMPP/xamppfiles/htdocs/TobaccoGms1/App/Service/Model/DeviceInfoModel.class.php 第 84 行.
NOTIC: [8] Undefined index: simCard_no /Applications/XAMPP/xamppfiles/htdocs/TobaccoGms1/App/Service/Model/DeviceInfoModel.class.php 第 85 行.
INFO: [ app_end ] --START--
INFO: Run Behavior\ShowPageTraceBehavior [ RunTime:0.000469s ]
INFO: [ app_end ] --END-- [ RunTime:0.000727s ]

[ 2016-11-16T17:55:01+08:00 ] ::1 /TobaccoGms1/index.php?m=Service&c=DeviceInfo&a=changeGroup&_=1479290096643
INFO: [ app_init ] --START--
INFO: Run Behavior\BuildLiteBehavior [ RunTime:0.000065s ]
INFO: Run Manager\Behavior\AppInitialBehavior [ RunTime:0.000354s ]
INFO: [ app_init ] --END-- [ RunTime:0.000919s ]
INFO: [ app_begin ] --START--
INFO: Run Behavior\ReadHtmlCacheBehavior [ RunTime:0.001370s ]
INFO: [ app_begin ] --END-- [ RunTime:0.001845s ]
INFO: [ action_begin ] --START--
SQL: SHOW COLUMNS FROM `gms_hooks` [ RunTime:0.0864s ]
SQL: SELECT `name`,`addons` FROM `gms_hooks`  [ RunTime:0.0807s ]
SQL: SHOW COLUMNS FROM `gms_addons` [ RunTime:0.0824s ]
SQL: SELECT `id`,`name` FROM `gms_addons` WHERE `disabled` = 1 AND `name` IN ('SiteStat')  [ RunTime:0.0829s ]
INFO: Run Common\Behavior\InitHookBehavior [ RunTime:0.705244s ]
INFO: [ action_begin ] --END-- [ RunTime:0.705544s ]
SQL: SHOW COLUMNS FROM `service_device_info` [ RunTime:0.0850s ]
INFO: [ app_end ] --START--
INFO: Run Behavior\ShowPageTraceBehavior [ RunTime:0.000901s ]
INFO: [ app_end ] --END-- [ RunTime:0.001403s ]

[ 2016-11-16T17:55:07+08:00 ] ::1 /TobaccoGms1/index.php?m=Service&c=DeviceInfo&a=changeGroup&_=1479290096644
INFO: [ app_init ] --START--
INFO: Run Behavior\BuildLiteBehavior [ RunTime:0.000064s ]
INFO: Run Manager\Behavior\AppInitialBehavior [ RunTime:0.000465s ]
INFO: [ app_init ] --END-- [ RunTime:0.001150s ]
INFO: [ app_begin ] --START--
INFO: Run Behavior\ReadHtmlCacheBehavior [ RunTime:0.000446s ]
INFO: [ app_begin ] --END-- [ RunTime:0.000737s ]
INFO: [ action_begin ] --START--
SQL: SHOW COLUMNS FROM `gms_hooks` [ RunTime:0.1115s ]
SQL: SELECT `name`,`addons` FROM `gms_hooks`  [ RunTime:0.1097s ]
SQL: SHOW COLUMNS FROM `gms_addons` [ RunTime:0.1116s ]
SQL: SELECT `id`,`name` FROM `gms_addons` WHERE `disabled` = 1 AND `name` IN ('SiteStat')  [ RunTime:0.1097s ]
INFO: Run Common\Behavior\InitHookBehavior [ RunTime:0.838324s ]
INFO: [ action_begin ] --END-- [ RunTime:0.838629s ]
SQL: SHOW COLUMNS FROM `service_device_info` [ RunTime:0.1053s ]
INFO: [ app_end ] --START--
INFO: Run Behavior\ShowPageTraceBehavior [ RunTime:0.000575s ]
INFO: [ app_end ] --END-- [ RunTime:0.000888s ]

