[ 2016-11-21T09:29:37+08:00 ] ::1 /TobaccoGms1/index.php?m=Service&c=VehicleInterface&a=getVehicleTree
INFO: [ app_init ] --START--
INFO: Run Behavior\BuildLiteBehavior [ RunTime:0.000066s ]
INFO: Run Manager\Behavior\AppInitialBehavior [ RunTime:0.000372s ]
INFO: [ app_init ] --END-- [ RunTime:0.000983s ]
INFO: [ app_begin ] --START--
INFO: Run Behavior\ReadHtmlCacheBehavior [ RunTime:0.000528s ]
INFO: [ app_begin ] --END-- [ RunTime:0.000863s ]
ERR: 无法加载控制器:VehicleInterface

[ 2016-11-21T11:14:22+08:00 ] ::1 /TobaccoGms1/index.php?m=Service&c=VehicleInterface&a=getVehicleTree
INFO: [ app_init ] --START--
INFO: Run Behavior\BuildLiteBehavior [ RunTime:0.000126s ]
INFO: Run Manager\Behavior\AppInitialBehavior [ RunTime:0.000743s ]
INFO: [ app_init ] --END-- [ RunTime:0.001860s ]
INFO: [ app_begin ] --START--
INFO: Run Behavior\ReadHtmlCacheBehavior [ RunTime:0.000673s ]
INFO: [ app_begin ] --END-- [ RunTime:0.001232s ]
ERR: 无法加载控制器:VehicleInterface

[ 2016-11-21T14:08:28+08:00 ] ::1 /TobaccoGms1/index.php?m=Service&c=VehicleInterface&a=getVehicleTree
INFO: [ app_init ] --START--
INFO: Run Behavior\BuildLiteBehavior [ RunTime:0.000071s ]
INFO: Run Manager\Behavior\AppInitialBehavior [ RunTime:0.000462s ]
INFO: [ app_init ] --END-- [ RunTime:0.001234s ]
INFO: [ app_begin ] --START--
INFO: Run Behavior\ReadHtmlCacheBehavior [ RunTime:0.000696s ]
INFO: [ app_begin ] --END-- [ RunTime:0.001194s ]
ERR: 无法加载控制器:VehicleInterface

[ 2016-11-21T14:08:56+08:00 ] ::1 /TobaccoGms1/index.php?m=Service&c=VehicleInterface&a=getVehicleTree
INFO: [ app_init ] --START--
INFO: Run Behavior\BuildLiteBehavior [ RunTime:0.000066s ]
INFO: Run Manager\Behavior\AppInitialBehavior [ RunTime:0.000387s ]
INFO: [ app_init ] --END-- [ RunTime:0.000970s ]
INFO: [ app_begin ] --START--
INFO: Run Behavior\ReadHtmlCacheBehavior [ RunTime:0.000415s ]
INFO: [ app_begin ] --END-- [ RunTime:0.000709s ]
ERR: 无法加载控制器:VehicleInterface

[ 2016-11-21T15:51:14+08:00 ] ::1 /TobaccoGms1/index.php?m=Service&c=GroupInfo&a=add_edit&type=edit&ID=132&_=1479714665320
INFO: [ app_init ] --START--
INFO: Run Behavior\BuildLiteBehavior [ RunTime:0.000067s ]
INFO: Run Manager\Behavior\AppInitialBehavior [ RunTime:0.001101s ]
INFO: [ app_init ] --END-- [ RunTime:0.001699s ]
INFO: [ app_begin ] --START--
INFO: Run Behavior\ReadHtmlCacheBehavior [ RunTime:0.000947s ]
INFO: [ app_begin ] --END-- [ RunTime:0.001228s ]
INFO: [ action_begin ] --START--
SQL: SHOW COLUMNS FROM `gms_hooks` [ RunTime:0.0392s ]
SQL: SELECT `name`,`addons` FROM `gms_hooks`  [ RunTime:0.0433s ]
SQL: SHOW COLUMNS FROM `gms_addons` [ RunTime:0.2728s ]
SQL: SELECT `id`,`name` FROM `gms_addons` WHERE `disabled` = 1 AND `name` IN ('SiteStat')  [ RunTime:0.0375s ]
INFO: Run Common\Behavior\InitHookBehavior [ RunTime:0.618659s ]
INFO: [ action_begin ] --END-- [ RunTime:0.618975s ]
SQL: SHOW COLUMNS FROM `service_group_info` [ RunTime:0.0381s ]
SQL: SHOW COLUMNS FROM `service_word_book` [ RunTime:0.0384s ]
SQL: SELECT * FROM `service_group_info` WHERE `group_id` = 0 LIMIT 1   [ RunTime:0.0372s ]
NOTIC: [8] Undefined index: Data /Applications/XAMPP/xamppfiles/htdocs/TobaccoGms1/App/Service/Controller/GroupInfoController.class.php 第 57 行.
SQL: SELECT word_id as id,word as text FROM `service_word_book` WHERE `type_id` = 2  [ RunTime:0.0397s ]
SQL: SELECT word_id as id,word as text FROM `service_word_book` WHERE `type_id` = 3  [ RunTime:0.0391s ]
INFO: [ view_parse ] --START--
INFO: [ template_filter ] --START--
INFO: Run Behavior\ContentReplaceBehavior [ RunTime:0.000213s ]
INFO: [ template_filter ] --END-- [ RunTime:0.000494s ]
INFO: Run Behavior\ParseTemplateBehavior [ RunTime:0.062822s ]
INFO: [ view_parse ] --END-- [ RunTime:0.063153s ]
INFO: [ view_filter ] --START--
INFO: Run Behavior\WriteHtmlCacheBehavior [ RunTime:0.014334s ]
INFO: [ view_filter ] --END-- [ RunTime:0.014604s ]
INFO: [ app_end ] --START--
INFO: Run Behavior\ShowPageTraceBehavior [ RunTime:0.000674s ]
INFO: [ app_end ] --END-- [ RunTime:0.000944s ]

[ 2016-11-21T15:51:35+08:00 ] ::1 /TobaccoGms1/index.php?m=Service&c=GroupInfo&a=add_edit&type=edit&ID=132&_=1479714665321
INFO: [ app_init ] --START--
INFO: Run Behavior\BuildLiteBehavior [ RunTime:0.000071s ]
INFO: Run Manager\Behavior\AppInitialBehavior [ RunTime:0.000431s ]
INFO: [ app_init ] --END-- [ RunTime:0.001054s ]
INFO: [ app_begin ] --START--
INFO: Run Behavior\ReadHtmlCacheBehavior [ RunTime:0.000417s ]
INFO: [ app_begin ] --END-- [ RunTime:0.000691s ]
INFO: [ action_begin ] --START--
SQL: SHOW COLUMNS FROM `gms_hooks` [ RunTime:0.0380s ]
SQL: SELECT `name`,`addons` FROM `gms_hooks`  [ RunTime:0.0373s ]
SQL: SHOW COLUMNS FROM `gms_addons` [ RunTime:0.0393s ]
SQL: SELECT `id`,`name` FROM `gms_addons` WHERE `disabled` = 1 AND `name` IN ('SiteStat')  [ RunTime:0.0429s ]
INFO: Run Common\Behavior\InitHookBehavior [ RunTime:0.302275s ]
INFO: [ action_begin ] --END-- [ RunTime:0.302667s ]
SQL: SHOW COLUMNS FROM `service_group_info` [ RunTime:0.0368s ]
SQL: SHOW COLUMNS FROM `service_word_book` [ RunTime:0.0387s ]
SQL: SELECT * FROM `service_group_info` WHERE `group_id` = 0 LIMIT 1   [ RunTime:0.0400s ]
NOTIC: [8] Undefined index: Data /Applications/XAMPP/xamppfiles/htdocs/TobaccoGms1/App/Service/Controller/GroupInfoController.class.php 第 57 行.
SQL: SELECT word_id as id,word as text FROM `service_word_book` WHERE `type_id` = 2  [ RunTime:0.0398s ]
SQL: SELECT word_id as id,word as text FROM `service_word_book` WHERE `type_id` = 3  [ RunTime:0.0380s ]
INFO: [ view_parse ] --START--
INFO: [ template_filter ] --START--
INFO: Run Behavior\ContentReplaceBehavior [ RunTime:0.000210s ]
INFO: [ template_filter ] --END-- [ RunTime:0.000483s ]
INFO: Run Behavior\ParseTemplateBehavior [ RunTime:0.011047s ]
INFO: [ view_parse ] --END-- [ RunTime:0.011613s ]
INFO: [ view_filter ] --START--
INFO: Run Behavior\WriteHtmlCacheBehavior [ RunTime:0.000301s ]
INFO: [ view_filter ] --END-- [ RunTime:0.000563s ]
INFO: [ app_end ] --START--
INFO: Run Behavior\ShowPageTraceBehavior [ RunTime:0.000661s ]
INFO: [ app_end ] --END-- [ RunTime:0.001090s ]

[ 2016-11-21T15:51:51+08:00 ] ::1 /TobaccoGms1/index.php?m=Service&c=GroupInfo&a=add_edit&type=edit&ID=132&_=1479714665322
INFO: [ app_init ] --START--
INFO: Run Behavior\BuildLiteBehavior [ RunTime:0.000094s ]
INFO: Run Manager\Behavior\AppInitialBehavior [ RunTime:0.000710s ]
INFO: [ app_init ] --END-- [ RunTime:0.001652s ]
INFO: [ app_begin ] --START--
INFO: Run Behavior\ReadHtmlCacheBehavior [ RunTime:0.001468s ]
INFO: [ app_begin ] --END-- [ RunTime:0.002238s ]
INFO: [ action_begin ] --START--
SQL: SHOW COLUMNS FROM `gms_hooks` [ RunTime:0.0520s ]
SQL: SELECT `name`,`addons` FROM `gms_hooks`  [ RunTime:0.0502s ]
SQL: SHOW COLUMNS FROM `gms_addons` [ RunTime:0.0510s ]
SQL: SELECT `id`,`name` FROM `gms_addons` WHERE `disabled` = 1 AND `name` IN ('SiteStat')  [ RunTime:0.0484s ]
INFO: Run Common\Behavior\InitHookBehavior [ RunTime:0.389381s ]
INFO: [ action_begin ] --END-- [ RunTime:0.389738s ]
SQL: SHOW COLUMNS FROM `service_group_info` [ RunTime:0.0530s ]
SQL: SHOW COLUMNS FROM `service_word_book` [ RunTime:0.0551s ]
SQL: SELECT * FROM `service_group_info` WHERE `group_id` = 0 LIMIT 1   [ RunTime:0.0530s ]
NOTIC: [8] Undefined index: Data /Applications/XAMPP/xamppfiles/htdocs/TobaccoGms1/App/Service/Controller/GroupInfoController.class.php 第 57 行.
SQL: SELECT word_id as id,word as text FROM `service_word_book` WHERE `type_id` = 2  [ RunTime:0.0534s ]
SQL: SELECT word_id as id,word as text FROM `service_word_book` WHERE `type_id` = 3  [ RunTime:0.0571s ]
INFO: [ view_parse ] --START--
INFO: [ template_filter ] --START--
INFO: Run Behavior\ContentReplaceBehavior [ RunTime:0.000213s ]
INFO: [ template_filter ] --END-- [ RunTime:0.000489s ]
INFO: Run Behavior\ParseTemplateBehavior [ RunTime:0.011521s ]
INFO: [ view_parse ] --END-- [ RunTime:0.011803s ]
INFO: [ view_filter ] --START--
INFO: Run Behavior\WriteHtmlCacheBehavior [ RunTime:0.000325s ]
INFO: [ view_filter ] --END-- [ RunTime:0.000578s ]
INFO: [ app_end ] --START--
INFO: Run Behavior\ShowPageTraceBehavior [ RunTime:0.000521s ]
INFO: [ app_end ] --END-- [ RunTime:0.000863s ]

