[ 2016-11-10T15:26:22+08:00 ] ::1 /TobaccoGms1/index.php?m=Service&c=SummaryMap&a=index
INFO: [ app_init ] --START--
INFO: Run Behavior\BuildLiteBehavior [ RunTime:0.000078s ]
INFO: Run Manager\Behavior\AppInitialBehavior [ RunTime:0.000453s ]
INFO: [ app_init ] --END-- [ RunTime:0.001362s ]
INFO: [ app_begin ] --START--
INFO: Run Behavior\ReadHtmlCacheBehavior [ RunTime:0.000822s ]
INFO: [ app_begin ] --END-- [ RunTime:0.001377s ]
ERR: 无法加载控制器:SummaryMap

[ 2016-11-10T15:28:32+08:00 ] ::1 /TobaccoGms1/index.php?m=Service&c=SummaryMap&a=index
INFO: [ app_init ] --START--
INFO: Run Behavior\BuildLiteBehavior [ RunTime:0.000135s ]
INFO: Run Manager\Behavior\AppInitialBehavior [ RunTime:0.000491s ]
INFO: [ app_init ] --END-- [ RunTime:0.001590s ]
INFO: [ app_begin ] --START--
INFO: Run Behavior\ReadHtmlCacheBehavior [ RunTime:0.000539s ]
INFO: [ app_begin ] --END-- [ RunTime:0.000925s ]
ERR: 无法加载控制器:SummaryMap

[ 2016-11-10T15:45:15+08:00 ] ::1 /TobaccoGms1/index.php?m=Service&c=VehicleInterface&a=getVehicleTree
INFO: [ app_init ] --START--
INFO: Run Behavior\BuildLiteBehavior [ RunTime:0.000071s ]
INFO: Run Manager\Behavior\AppInitialBehavior [ RunTime:0.000408s ]
INFO: [ app_init ] --END-- [ RunTime:0.001046s ]
INFO: [ app_begin ] --START--
INFO: Run Behavior\ReadHtmlCacheBehavior [ RunTime:0.000462s ]
INFO: [ app_begin ] --END-- [ RunTime:0.000794s ]
ERR: 无法加载控制器:VehicleInterface

[ 2016-11-10T15:46:09+08:00 ] ::1 /TobaccoGms1/index.php?m=Service&c=VehicleInterface&a=getVehicleTree
INFO: [ app_init ] --START--
INFO: Run Behavior\BuildLiteBehavior [ RunTime:0.000110s ]
INFO: Run Manager\Behavior\AppInitialBehavior [ RunTime:0.000675s ]
INFO: [ app_init ] --END-- [ RunTime:0.001489s ]
INFO: [ app_begin ] --START--
INFO: Run Behavior\ReadHtmlCacheBehavior [ RunTime:0.000412s ]
INFO: [ app_begin ] --END-- [ RunTime:0.000727s ]
ERR: 无法加载控制器:VehicleInterface

[ 2016-11-10T15:46:33+08:00 ] ::1 /TobaccoGms1/index.php?m=Service&c=VehicleInterface&a=getVehicleTree
INFO: [ app_init ] --START--
INFO: Run Behavior\BuildLiteBehavior [ RunTime:0.000113s ]
INFO: Run Manager\Behavior\AppInitialBehavior [ RunTime:0.000542s ]
INFO: [ app_init ] --END-- [ RunTime:0.001431s ]
INFO: [ app_begin ] --START--
INFO: Run Behavior\ReadHtmlCacheBehavior [ RunTime:0.000466s ]
INFO: [ app_begin ] --END-- [ RunTime:0.000798s ]
ERR: 无法加载控制器:VehicleInterface

[ 2016-11-10T15:47:03+08:00 ] ::1 /TobaccoGms1/index.php?m=Service&c=VehicleInterface&a=getVehicleTree
INFO: [ app_init ] --START--
INFO: Run Behavior\BuildLiteBehavior [ RunTime:0.000082s ]
INFO: Run Manager\Behavior\AppInitialBehavior [ RunTime:0.000545s ]
INFO: [ app_init ] --END-- [ RunTime:0.001382s ]
INFO: [ app_begin ] --START--
INFO: Run Behavior\ReadHtmlCacheBehavior [ RunTime:0.000441s ]
INFO: [ app_begin ] --END-- [ RunTime:0.000844s ]
ERR: 无法加载控制器:VehicleInterface

[ 2016-11-10T15:48:46+08:00 ] ::1 /TobaccoGms1/index.php?m=Service&c=VehicleInterface&a=getVehicleTree
INFO: [ app_init ] --START--
INFO: Run Behavior\BuildLiteBehavior [ RunTime:0.000087s ]
INFO: Run Manager\Behavior\AppInitialBehavior [ RunTime:0.000896s ]
INFO: [ app_init ] --END-- [ RunTime:0.001894s ]
INFO: [ app_begin ] --START--
INFO: Run Behavior\ReadHtmlCacheBehavior [ RunTime:0.000595s ]
INFO: [ app_begin ] --END-- [ RunTime:0.001009s ]
ERR: 无法加载控制器:VehicleInterface

[ 2016-11-10T15:49:00+08:00 ] ::1 /TobaccoGms1/index.php?m=Service&c=VehicleInterface&a=getVehicleTree
INFO: [ app_init ] --START--
INFO: Run Behavior\BuildLiteBehavior [ RunTime:0.000122s ]
INFO: Run Manager\Behavior\AppInitialBehavior [ RunTime:0.000802s ]
INFO: [ app_init ] --END-- [ RunTime:0.001740s ]
INFO: [ app_begin ] --START--
INFO: Run Behavior\ReadHtmlCacheBehavior [ RunTime:0.000409s ]
INFO: [ app_begin ] --END-- [ RunTime:0.000726s ]
ERR: 无法加载控制器:VehicleInterface

[ 2016-11-10T16:09:11+08:00 ] ::1 /TobaccoGms1/index.php?m=Service&c=VehicleInterface&a=getVehicleTree
INFO: [ app_init ] --START--
INFO: Run Behavior\BuildLiteBehavior [ RunTime:0.000105s ]
INFO: Run Manager\Behavior\AppInitialBehavior [ RunTime:0.000488s ]
INFO: [ app_init ] --END-- [ RunTime:0.001342s ]
INFO: [ app_begin ] --START--
INFO: Run Behavior\ReadHtmlCacheBehavior [ RunTime:0.000456s ]
INFO: [ app_begin ] --END-- [ RunTime:0.000829s ]
ERR: 无法加载控制器:VehicleInterface

[ 2016-11-10T16:09:58+08:00 ] ::1 /TobaccoGms1/index.php?m=Service&c=VehicleInterface&a=getVehicleTree
INFO: [ app_init ] --START--
INFO: Run Behavior\BuildLiteBehavior [ RunTime:0.000113s ]
INFO: Run Manager\Behavior\AppInitialBehavior [ RunTime:0.000471s ]
INFO: [ app_init ] --END-- [ RunTime:0.001259s ]
INFO: [ app_begin ] --START--
INFO: Run Behavior\ReadHtmlCacheBehavior [ RunTime:0.000480s ]
INFO: [ app_begin ] --END-- [ RunTime:0.000893s ]
ERR: 无法加载控制器:VehicleInterface

[ 2016-11-10T16:10:00+08:00 ] ::1 /TobaccoGms1/index.php?m=Service&c=VehicleInterface&a=getVehicleTree
INFO: [ app_init ] --START--
INFO: Run Behavior\BuildLiteBehavior [ RunTime:0.000086s ]
INFO: Run Manager\Behavior\AppInitialBehavior [ RunTime:0.000431s ]
INFO: [ app_init ] --END-- [ RunTime:0.001199s ]
INFO: [ app_begin ] --START--
INFO: Run Behavior\ReadHtmlCacheBehavior [ RunTime:0.000437s ]
INFO: [ app_begin ] --END-- [ RunTime:0.000780s ]
ERR: 无法加载控制器:VehicleInterface

[ 2016-11-10T16:11:14+08:00 ] ::1 /TobaccoGms1/index.php?m=Service&c=VehicleInterface&a=getVehicleTree
INFO: [ app_init ] --START--
INFO: Run Behavior\BuildLiteBehavior [ RunTime:0.000122s ]
INFO: Run Manager\Behavior\AppInitialBehavior [ RunTime:0.000756s ]
INFO: [ app_init ] --END-- [ RunTime:0.001836s ]
INFO: [ app_begin ] --START--
INFO: Run Behavior\ReadHtmlCacheBehavior [ RunTime:0.000443s ]
INFO: [ app_begin ] --END-- [ RunTime:0.000770s ]
ERR: 无法加载控制器:VehicleInterface

[ 2016-11-10T16:11:18+08:00 ] ::1 /TobaccoGms1/index.php?m=Service&c=VehicleInterface&a=getVehicleTree
INFO: [ app_init ] --START--
INFO: Run Behavior\BuildLiteBehavior [ RunTime:0.000184s ]
INFO: Run Manager\Behavior\AppInitialBehavior [ RunTime:0.000668s ]
INFO: [ app_init ] --END-- [ RunTime:0.001758s ]
INFO: [ app_begin ] --START--
INFO: Run Behavior\ReadHtmlCacheBehavior [ RunTime:0.000497s ]
INFO: [ app_begin ] --END-- [ RunTime:0.000922s ]
ERR: 无法加载控制器:VehicleInterface

[ 2016-11-10T16:11:37+08:00 ] ::1 /TobaccoGms1/index.php?m=Service&c=VehicleInterface&a=getVehicleTree
INFO: [ app_init ] --START--
INFO: Run Behavior\BuildLiteBehavior [ RunTime:0.000096s ]
INFO: Run Manager\Behavior\AppInitialBehavior [ RunTime:0.000571s ]
INFO: [ app_init ] --END-- [ RunTime:0.001444s ]
INFO: [ app_begin ] --START--
INFO: Run Behavior\ReadHtmlCacheBehavior [ RunTime:0.000458s ]
INFO: [ app_begin ] --END-- [ RunTime:0.000795s ]
ERR: 无法加载控制器:VehicleInterface

[ 2016-11-10T16:11:48+08:00 ] ::1 /TobaccoGms1/index.php?m=Service&c=VehicleInterface&a=getVehicleTree
INFO: [ app_init ] --START--
INFO: Run Behavior\BuildLiteBehavior [ RunTime:0.000076s ]
INFO: Run Manager\Behavior\AppInitialBehavior [ RunTime:0.000764s ]
INFO: [ app_init ] --END-- [ RunTime:0.001504s ]
INFO: [ app_begin ] --START--
INFO: Run Behavior\ReadHtmlCacheBehavior [ RunTime:0.000412s ]
INFO: [ app_begin ] --END-- [ RunTime:0.000727s ]
ERR: 无法加载控制器:VehicleInterface

[ 2016-11-10T16:12:59+08:00 ] ::1 /TobaccoGms1/index.php?m=Service&c=VehicleInterface&a=getVehicleTree
INFO: [ app_init ] --START--
INFO: Run Behavior\BuildLiteBehavior [ RunTime:0.000115s ]
INFO: Run Manager\Behavior\AppInitialBehavior [ RunTime:0.000672s ]
INFO: [ app_init ] --END-- [ RunTime:0.001657s ]
INFO: [ app_begin ] --START--
INFO: Run Behavior\ReadHtmlCacheBehavior [ RunTime:0.000675s ]
INFO: [ app_begin ] --END-- [ RunTime:0.001154s ]
ERR: 无法加载控制器:VehicleInterface

[ 2016-11-10T16:13:10+08:00 ] ::1 /TobaccoGms1/index.php?m=Service&c=VehicleInterface&a=getVehicleTree
INFO: [ app_init ] --START--
INFO: Run Behavior\BuildLiteBehavior [ RunTime:0.000150s ]
INFO: Run Manager\Behavior\AppInitialBehavior [ RunTime:0.000469s ]
INFO: [ app_init ] --END-- [ RunTime:0.001541s ]
INFO: [ app_begin ] --START--
INFO: Run Behavior\ReadHtmlCacheBehavior [ RunTime:0.000513s ]
INFO: [ app_begin ] --END-- [ RunTime:0.001086s ]
ERR: 无法加载控制器:VehicleInterface

[ 2016-11-10T16:14:26+08:00 ] ::1 /TobaccoGms1/index.php?m=Service&c=VehicleInterface&a=getVehicleTree
INFO: [ app_init ] --START--
INFO: Run Behavior\BuildLiteBehavior [ RunTime:0.000072s ]
INFO: Run Manager\Behavior\AppInitialBehavior [ RunTime:0.000406s ]
INFO: [ app_init ] --END-- [ RunTime:0.001051s ]
INFO: [ app_begin ] --START--
INFO: Run Behavior\ReadHtmlCacheBehavior [ RunTime:0.001194s ]
INFO: [ app_begin ] --END-- [ RunTime:0.001874s ]
ERR: 无法加载控制器:VehicleInterface

[ 2016-11-10T16:19:43+08:00 ] ::1 /TobaccoGms1/index.php?m=Service&c=VehicleInterface&a=getVehicleTree
INFO: [ app_init ] --START--
INFO: Run Behavior\BuildLiteBehavior [ RunTime:0.000106s ]
INFO: Run Manager\Behavior\AppInitialBehavior [ RunTime:0.000468s ]
INFO: [ app_init ] --END-- [ RunTime:0.001368s ]
INFO: [ app_begin ] --START--
INFO: Run Behavior\ReadHtmlCacheBehavior [ RunTime:0.000436s ]
INFO: [ app_begin ] --END-- [ RunTime:0.000776s ]
ERR: 无法加载控制器:VehicleInterface

[ 2016-11-10T16:23:09+08:00 ] ::1 /TobaccoGms1/index.php?m=Service&c=SummaryMap&a=index
INFO: [ app_init ] --START--
INFO: Run Behavior\BuildLiteBehavior [ RunTime:0.000073s ]
INFO: Run Manager\Behavior\AppInitialBehavior [ RunTime:0.000428s ]
INFO: [ app_init ] --END-- [ RunTime:0.001083s ]
INFO: [ app_begin ] --START--
INFO: Run Behavior\ReadHtmlCacheBehavior [ RunTime:0.000583s ]
INFO: [ app_begin ] --END-- [ RunTime:0.000970s ]
ERR: 无法加载控制器:SummaryMap

[ 2016-11-10T16:23:11+08:00 ] ::1 /TobaccoGms1/index.php?m=Service&c=SummaryMap&a=index
INFO: [ app_init ] --START--
INFO: Run Behavior\BuildLiteBehavior [ RunTime:0.000115s ]
INFO: Run Manager\Behavior\AppInitialBehavior [ RunTime:0.000598s ]
INFO: [ app_init ] --END-- [ RunTime:0.001480s ]
INFO: [ app_begin ] --START--
INFO: Run Behavior\ReadHtmlCacheBehavior [ RunTime:0.000476s ]
INFO: [ app_begin ] --END-- [ RunTime:0.000904s ]
ERR: 无法加载控制器:SummaryMap

[ 2016-11-10T16:29:50+08:00 ] ::1 /TobaccoGms1/index.php?m=Service&c=VehicleInterface&a=getVehicleTree
INFO: [ app_init ] --START--
INFO: Run Behavior\BuildLiteBehavior [ RunTime:0.000093s ]
INFO: Run Manager\Behavior\AppInitialBehavior [ RunTime:0.000486s ]
INFO: [ app_init ] --END-- [ RunTime:0.001355s ]
INFO: [ app_begin ] --START--
INFO: Run Behavior\ReadHtmlCacheBehavior [ RunTime:0.000492s ]
INFO: [ app_begin ] --END-- [ RunTime:0.000906s ]
ERR: 无法加载控制器:VehicleInterface

[ 2016-11-10T16:33:49+08:00 ] ::1 /TobaccoGms1/index.php?m=Service&c=VehicleInterface&a=getVehicleTree
INFO: [ app_init ] --START--
INFO: Run Behavior\BuildLiteBehavior [ RunTime:0.000075s ]
INFO: Run Manager\Behavior\AppInitialBehavior [ RunTime:0.000534s ]
INFO: [ app_init ] --END-- [ RunTime:0.001227s ]
INFO: [ app_begin ] --START--
INFO: Run Behavior\ReadHtmlCacheBehavior [ RunTime:0.000473s ]
INFO: [ app_begin ] --END-- [ RunTime:0.000802s ]
ERR: 无法加载控制器:VehicleInterface

[ 2016-11-10T16:34:01+08:00 ] ::1 /TobaccoGms1/index.php?m=Service&c=VehicleInterface&a=getVehicleTree
INFO: [ app_init ] --START--
INFO: Run Behavior\BuildLiteBehavior [ RunTime:0.000074s ]
INFO: Run Manager\Behavior\AppInitialBehavior [ RunTime:0.000556s ]
INFO: [ app_init ] --END-- [ RunTime:0.001314s ]
INFO: [ app_begin ] --START--
INFO: Run Behavior\ReadHtmlCacheBehavior [ RunTime:0.000614s ]
INFO: [ app_begin ] --END-- [ RunTime:0.000955s ]
ERR: 无法加载控制器:VehicleInterface

[ 2016-11-10T16:51:55+08:00 ] ::1 /TobaccoGms1/index.php?m=Service&c=VehicleInterface&a=getVehicleTree
INFO: [ app_init ] --START--
INFO: Run Behavior\BuildLiteBehavior [ RunTime:0.000072s ]
INFO: Run Manager\Behavior\AppInitialBehavior [ RunTime:0.000494s ]
INFO: [ app_init ] --END-- [ RunTime:0.001174s ]
INFO: [ app_begin ] --START--
INFO: Run Behavior\ReadHtmlCacheBehavior [ RunTime:0.000518s ]
INFO: [ app_begin ] --END-- [ RunTime:0.000961s ]
ERR: 无法加载控制器:VehicleInterface

[ 2016-11-10T16:52:26+08:00 ] ::1 /TobaccoGms1/index.php?m=Service&c=VehicleInterface&a=getVehicleTree
INFO: [ app_init ] --START--
INFO: Run Behavior\BuildLiteBehavior [ RunTime:0.000074s ]
INFO: Run Manager\Behavior\AppInitialBehavior [ RunTime:0.000440s ]
INFO: [ app_init ] --END-- [ RunTime:0.001113s ]
INFO: [ app_begin ] --START--
INFO: Run Behavior\ReadHtmlCacheBehavior [ RunTime:0.000487s ]
INFO: [ app_begin ] --END-- [ RunTime:0.000829s ]
ERR: 无法加载控制器:VehicleInterface

[ 2016-11-10T16:54:27+08:00 ] ::1 /TobaccoGms1/index.php?m=Service&c=VehicleInterface&a=getVehicleTree
INFO: [ app_init ] --START--
INFO: Run Behavior\BuildLiteBehavior [ RunTime:0.000074s ]
INFO: Run Manager\Behavior\AppInitialBehavior [ RunTime:0.000461s ]
INFO: [ app_init ] --END-- [ RunTime:0.001214s ]
INFO: [ app_begin ] --START--
INFO: Run Behavior\ReadHtmlCacheBehavior [ RunTime:0.000662s ]
INFO: [ app_begin ] --END-- [ RunTime:0.001013s ]
ERR: 无法加载控制器:VehicleInterface

[ 2016-11-10T16:54:30+08:00 ] ::1 /TobaccoGms1/index.php?m=Service&c=DeviceInfo&a=index
INFO: [ app_init ] --START--
INFO: Run Behavior\BuildLiteBehavior [ RunTime:0.000076s ]
INFO: Run Manager\Behavior\AppInitialBehavior [ RunTime:0.000477s ]
INFO: [ app_init ] --END-- [ RunTime:0.001171s ]
INFO: [ app_begin ] --START--
INFO: Run Behavior\ReadHtmlCacheBehavior [ RunTime:0.000480s ]
INFO: [ app_begin ] --END-- [ RunTime:0.000862s ]
ERR: 无法加载控制器:DeviceInfo

[ 2016-11-10T16:56:21+08:00 ] ::1 /TobaccoGms1/index.php?m=Service&c=VehicleInterface&a=getVehicleTree
INFO: [ app_init ] --START--
INFO: Run Behavior\BuildLiteBehavior [ RunTime:0.000106s ]
INFO: Run Manager\Behavior\AppInitialBehavior [ RunTime:0.000540s ]
INFO: [ app_init ] --END-- [ RunTime:0.001340s ]
INFO: [ app_begin ] --START--
INFO: Run Behavior\ReadHtmlCacheBehavior [ RunTime:0.000470s ]
INFO: [ app_begin ] --END-- [ RunTime:0.000801s ]
ERR: 无法加载控制器:VehicleInterface

[ 2016-11-10T16:56:42+08:00 ] ::1 /TobaccoGms1/index.php?m=Service&c=VehicleInterface&a=getVehicleTree
INFO: [ app_init ] --START--
INFO: Run Behavior\BuildLiteBehavior [ RunTime:0.000073s ]
INFO: Run Manager\Behavior\AppInitialBehavior [ RunTime:0.000485s ]
INFO: [ app_init ] --END-- [ RunTime:0.001165s ]
INFO: [ app_begin ] --START--
INFO: Run Behavior\ReadHtmlCacheBehavior [ RunTime:0.000470s ]
INFO: [ app_begin ] --END-- [ RunTime:0.000796s ]
ERR: 无法加载控制器:VehicleInterface

[ 2016-11-10T16:56:44+08:00 ] ::1 /TobaccoGms1/index.php?m=Service&c=VehicleInterface&a=getVehicleTree
INFO: [ app_init ] --START--
INFO: Run Behavior\BuildLiteBehavior [ RunTime:0.000095s ]
INFO: Run Manager\Behavior\AppInitialBehavior [ RunTime:0.000468s ]
INFO: [ app_init ] --END-- [ RunTime:0.001283s ]
INFO: [ app_begin ] --START--
INFO: Run Behavior\ReadHtmlCacheBehavior [ RunTime:0.000841s ]
INFO: [ app_begin ] --END-- [ RunTime:0.001308s ]
ERR: 无法加载控制器:VehicleInterface

[ 2016-11-10T16:58:38+08:00 ] ::1 /TobaccoGms1/index.php?m=Service&c=VehicleInterface&a=getVehicleTree
INFO: [ app_init ] --START--
INFO: Run Behavior\BuildLiteBehavior [ RunTime:0.000091s ]
INFO: Run Manager\Behavior\AppInitialBehavior [ RunTime:0.000685s ]
INFO: [ app_init ] --END-- [ RunTime:0.001454s ]
INFO: [ app_begin ] --START--
INFO: Run Behavior\ReadHtmlCacheBehavior [ RunTime:0.001245s ]
INFO: [ app_begin ] --END-- [ RunTime:0.002821s ]
ERR: 无法加载控制器:VehicleInterface

[ 2016-11-10T16:58:44+08:00 ] ::1 /TobaccoGms1/index.php?m=Service&c=VehicleInterface&a=getVehicleTree
INFO: [ app_init ] --START--
INFO: Run Behavior\BuildLiteBehavior [ RunTime:0.000109s ]
INFO: Run Manager\Behavior\AppInitialBehavior [ RunTime:0.000528s ]
INFO: [ app_init ] --END-- [ RunTime:0.001455s ]
INFO: [ app_begin ] --START--
INFO: Run Behavior\ReadHtmlCacheBehavior [ RunTime:0.000657s ]
INFO: [ app_begin ] --END-- [ RunTime:0.001018s ]
ERR: 无法加载控制器:VehicleInterface

[ 2016-11-10T17:10:02+08:00 ] ::1 /TobaccoGms1/index.php?m=Service&c=VehicleInterface&a=getVehicleTree
INFO: [ app_init ] --START--
INFO: Run Behavior\BuildLiteBehavior [ RunTime:0.000074s ]
INFO: Run Manager\Behavior\AppInitialBehavior [ RunTime:0.000572s ]
INFO: [ app_init ] --END-- [ RunTime:0.001261s ]
INFO: [ app_begin ] --START--
INFO: Run Behavior\ReadHtmlCacheBehavior [ RunTime:0.000443s ]
INFO: [ app_begin ] --END-- [ RunTime:0.000772s ]
ERR: 无法加载控制器:VehicleInterface

[ 2016-11-10T17:10:28+08:00 ] ::1 /TobaccoGms1/index.php?m=Service&c=VehicleInterface&a=getVehicleTree
INFO: [ app_init ] --START--
INFO: Run Behavior\BuildLiteBehavior [ RunTime:0.000073s ]
INFO: Run Manager\Behavior\AppInitialBehavior [ RunTime:0.000483s ]
INFO: [ app_init ] --END-- [ RunTime:0.001202s ]
INFO: [ app_begin ] --START--
INFO: Run Behavior\ReadHtmlCacheBehavior [ RunTime:0.000441s ]
INFO: [ app_begin ] --END-- [ RunTime:0.000761s ]
ERR: 无法加载控制器:VehicleInterface

[ 2016-11-10T17:12:03+08:00 ] ::1 /TobaccoGms1/index.php?m=Service&c=VehicleInterface&a=getVehicleTree
INFO: [ app_init ] --START--
INFO: Run Behavior\BuildLiteBehavior [ RunTime:0.000073s ]
INFO: Run Manager\Behavior\AppInitialBehavior [ RunTime:0.000458s ]
INFO: [ app_init ] --END-- [ RunTime:0.001111s ]
INFO: [ app_begin ] --START--
INFO: Run Behavior\ReadHtmlCacheBehavior [ RunTime:0.000433s ]
INFO: [ app_begin ] --END-- [ RunTime:0.000767s ]
ERR: 无法加载控制器:VehicleInterface

[ 2016-11-10T17:12:35+08:00 ] ::1 /TobaccoGms1/index.php?m=Service&c=VehicleInterface&a=getVehicleTree
INFO: [ app_init ] --START--
INFO: Run Behavior\BuildLiteBehavior [ RunTime:0.000090s ]
INFO: Run Manager\Behavior\AppInitialBehavior [ RunTime:0.000576s ]
INFO: [ app_init ] --END-- [ RunTime:0.001321s ]
INFO: [ app_begin ] --START--
INFO: Run Behavior\ReadHtmlCacheBehavior [ RunTime:0.000557s ]
INFO: [ app_begin ] --END-- [ RunTime:0.001075s ]
ERR: 无法加载控制器:VehicleInterface

[ 2016-11-10T17:12:40+08:00 ] ::1 /TobaccoGms1/index.php?m=Service&c=VehicleInterface&a=getVehicleTree
INFO: [ app_init ] --START--
INFO: Run Behavior\BuildLiteBehavior [ RunTime:0.000073s ]
INFO: Run Manager\Behavior\AppInitialBehavior [ RunTime:0.000411s ]
INFO: [ app_init ] --END-- [ RunTime:0.001059s ]
INFO: [ app_begin ] --START--
INFO: Run Behavior\ReadHtmlCacheBehavior [ RunTime:0.000588s ]
INFO: [ app_begin ] --END-- [ RunTime:0.001057s ]
ERR: 无法加载控制器:VehicleInterface

[ 2016-11-10T17:12:43+08:00 ] ::1 /TobaccoGms1/index.php?m=Service&c=VehicleInterface&a=getVehicleTree
INFO: [ app_init ] --START--
INFO: Run Behavior\BuildLiteBehavior [ RunTime:0.000102s ]
INFO: Run Manager\Behavior\AppInitialBehavior [ RunTime:0.000472s ]
INFO: [ app_init ] --END-- [ RunTime:0.001204s ]
INFO: [ app_begin ] --START--
INFO: Run Behavior\ReadHtmlCacheBehavior [ RunTime:0.000485s ]
INFO: [ app_begin ] --END-- [ RunTime:0.001053s ]
ERR: 无法加载控制器:VehicleInterface

[ 2016-11-10T17:13:41+08:00 ] ::1 /TobaccoGms1/index.php?m=Service&c=VehicleInterface&a=getVehicleTree
INFO: [ app_init ] --START--
INFO: Run Behavior\BuildLiteBehavior [ RunTime:0.000093s ]
INFO: Run Manager\Behavior\AppInitialBehavior [ RunTime:0.000517s ]
INFO: [ app_init ] --END-- [ RunTime:0.001431s ]
INFO: [ app_begin ] --START--
INFO: Run Behavior\ReadHtmlCacheBehavior [ RunTime:0.000447s ]
INFO: [ app_begin ] --END-- [ RunTime:0.000789s ]
ERR: 无法加载控制器:VehicleInterface

[ 2016-11-10T17:13:46+08:00 ] ::1 /TobaccoGms1/index.php?m=Service&c=VehicleInfo&a=index
INFO: [ app_init ] --START--
INFO: Run Behavior\BuildLiteBehavior [ RunTime:0.000073s ]
INFO: Run Manager\Behavior\AppInitialBehavior [ RunTime:0.000410s ]
INFO: [ app_init ] --END-- [ RunTime:0.001054s ]
INFO: [ app_begin ] --START--
INFO: Run Behavior\ReadHtmlCacheBehavior [ RunTime:0.000482s ]
INFO: [ app_begin ] --END-- [ RunTime:0.000862s ]
INFO: [ action_begin ] --START--
SQL: SHOW COLUMNS FROM `gms_hooks` [ RunTime:0.0381s ]
SQL: SELECT `name`,`addons` FROM `gms_hooks`  [ RunTime:0.0369s ]
SQL: SHOW COLUMNS FROM `gms_addons` [ RunTime:0.0378s ]
SQL: SELECT `id`,`name` FROM `gms_addons` WHERE `disabled` = 1 AND `name` IN ('SiteStat')  [ RunTime:0.0392s ]
INFO: Run Common\Behavior\InitHookBehavior [ RunTime:0.285551s ]
INFO: [ action_begin ] --END-- [ RunTime:0.286025s ]
ERR: $Auth_RuleService/VehicleInfo/Update
SQL: SHOW COLUMNS FROM `gms_user` [ RunTime:0.0421s ]
SQL: SELECT `group_ids` FROM `gms_user` WHERE `id` = 1 LIMIT 1   [ RunTime:0.0379s ]
SQL: SHOW COLUMNS FROM `gms_auth_group` [ RunTime:0.0388s ]
SQL: SELECT `id`,`title`,`rules` FROM `gms_auth_group` WHERE `id` IN ('1') AND `status` = 1  [ RunTime:0.0387s ]
SQL: SHOW COLUMNS FROM `gms_auth_rule` [ RunTime:0.0379s ]
SQL: SELECT `condition`,`name` FROM `gms_auth_rule` WHERE `id` IN ('217','266','268','259','257','260','264','1','207','213','236','237','238','208','210','245','246','247','248','274','282','283','284','298','6','209','242','243','244','57','218','219','272','295','58','59','60','17','20','84','25','28','26','27','13','14','15','16','4','296','297','61','45','46','47','48','49','52','51','50','29','32','31','30','33','36','34','35','80','81','82','83','5','37','39','40','62','38') AND `type` = 1 AND `status` = 1  [ RunTime:0.0411s ]
ERR: $Auth_RuleService/VehicleInfo/Delete
INFO: [ view_parse ] --START--
INFO: [ template_filter ] --START--
INFO: Run Behavior\ContentReplaceBehavior [ RunTime:0.000319s ]
INFO: [ template_filter ] --END-- [ RunTime:0.000766s ]
ERR: $Auth_RuleService/VehicleInfo/Create
ERR: $Auth_RuleService/VehicleInfo/UpdateGroupId
INFO: Run Behavior\ParseTemplateBehavior [ RunTime:0.020801s ]
INFO: [ view_parse ] --END-- [ RunTime:0.021184s ]
INFO: [ view_filter ] --START--
INFO: Run Behavior\WriteHtmlCacheBehavior [ RunTime:0.000296s ]
INFO: [ view_filter ] --END-- [ RunTime:0.000650s ]
INFO: [ app_end ] --START--
INFO: Run Behavior\ShowPageTraceBehavior [ RunTime:0.000679s ]
INFO: [ app_end ] --END-- [ RunTime:0.001420s ]

[ 2016-11-10T17:13:46+08:00 ] ::1 /TobaccoGms1/index.php?m=Service&c=WordBook&a=getWordBook&typeId=1
INFO: [ app_init ] --START--
INFO: Run Behavior\BuildLiteBehavior [ RunTime:0.000120s ]
INFO: Run Manager\Behavior\AppInitialBehavior [ RunTime:0.000671s ]
INFO: [ app_init ] --END-- [ RunTime:0.001787s ]
INFO: [ app_begin ] --START--
INFO: Run Behavior\ReadHtmlCacheBehavior [ RunTime:0.000412s ]
INFO: [ app_begin ] --END-- [ RunTime:0.000734s ]
INFO: [ action_begin ] --START--
SQL: SHOW COLUMNS FROM `gms_hooks` [ RunTime:0.0289s ]
SQL: SELECT `name`,`addons` FROM `gms_hooks`  [ RunTime:0.0268s ]
SQL: SHOW COLUMNS FROM `gms_addons` [ RunTime:0.0273s ]
SQL: SELECT `id`,`name` FROM `gms_addons` WHERE `disabled` = 1 AND `name` IN ('SiteStat')  [ RunTime:0.0276s ]
INFO: Run Common\Behavior\InitHookBehavior [ RunTime:0.238690s ]
INFO: [ action_begin ] --END-- [ RunTime:0.239196s ]

[ 2016-11-10T17:13:47+08:00 ] ::1 /TobaccoGms1/index.php?m=Service&c=WordBook&a=getWordBook&typeId=21
INFO: [ app_init ] --START--
INFO: Run Behavior\BuildLiteBehavior [ RunTime:0.000076s ]
INFO: Run Manager\Behavior\AppInitialBehavior [ RunTime:0.000464s ]
INFO: [ app_init ] --END-- [ RunTime:0.001262s ]
INFO: [ app_begin ] --START--
INFO: Run Behavior\ReadHtmlCacheBehavior [ RunTime:0.000428s ]
INFO: [ app_begin ] --END-- [ RunTime:0.000753s ]
INFO: [ action_begin ] --START--
SQL: SHOW COLUMNS FROM `gms_hooks` [ RunTime:0.0283s ]
SQL: SELECT `name`,`addons` FROM `gms_hooks`  [ RunTime:0.0265s ]
SQL: SHOW COLUMNS FROM `gms_addons` [ RunTime:0.0301s ]
SQL: SELECT `id`,`name` FROM `gms_addons` WHERE `disabled` = 1 AND `name` IN ('SiteStat')  [ RunTime:0.0257s ]
INFO: Run Common\Behavior\InitHookBehavior [ RunTime:0.263995s ]
INFO: [ action_begin ] --END-- [ RunTime:0.264437s ]

[ 2016-11-10T17:14:00+08:00 ] ::1 /TobaccoGms1/index.php?m=Service&c=VehicleInterface&a=getVehicleTree
INFO: [ app_init ] --START--
INFO: Run Behavior\BuildLiteBehavior [ RunTime:0.000093s ]
INFO: Run Manager\Behavior\AppInitialBehavior [ RunTime:0.000467s ]
INFO: [ app_init ] --END-- [ RunTime:0.001286s ]
INFO: [ app_begin ] --START--
INFO: Run Behavior\ReadHtmlCacheBehavior [ RunTime:0.000463s ]
INFO: [ app_begin ] --END-- [ RunTime:0.000794s ]
ERR: 无法加载控制器:VehicleInterface

[ 2016-11-10T17:15:54+08:00 ] ::1 /TobaccoGms1/index.php?m=Service&c=VehicleInterface&a=getVehicleTree
INFO: [ app_init ] --START--
INFO: Run Behavior\BuildLiteBehavior [ RunTime:0.000086s ]
INFO: Run Manager\Behavior\AppInitialBehavior [ RunTime:0.000521s ]
INFO: [ app_init ] --END-- [ RunTime:0.001374s ]
INFO: [ app_begin ] --START--
INFO: Run Behavior\ReadHtmlCacheBehavior [ RunTime:0.000744s ]
INFO: [ app_begin ] --END-- [ RunTime:0.001978s ]
ERR: 无法加载控制器:VehicleInterface

[ 2016-11-10T17:16:17+08:00 ] ::1 /TobaccoGms1/index.php?m=Service&c=VehicleInterface&a=getVehicleTree
INFO: [ app_init ] --START--
INFO: Run Behavior\BuildLiteBehavior [ RunTime:0.000191s ]
INFO: Run Manager\Behavior\AppInitialBehavior [ RunTime:0.000673s ]
INFO: [ app_init ] --END-- [ RunTime:0.002019s ]
INFO: [ app_begin ] --START--
INFO: Run Behavior\ReadHtmlCacheBehavior [ RunTime:0.000508s ]
INFO: [ app_begin ] --END-- [ RunTime:0.001060s ]
ERR: 无法加载控制器:VehicleInterface

[ 2016-11-10T17:16:27+08:00 ] ::1 /TobaccoGms1/index.php?m=Service&c=VehicleInterface&a=getVehicleTree
INFO: [ app_init ] --START--
INFO: Run Behavior\BuildLiteBehavior [ RunTime:0.000074s ]
INFO: Run Manager\Behavior\AppInitialBehavior [ RunTime:0.000422s ]
INFO: [ app_init ] --END-- [ RunTime:0.001069s ]
INFO: [ app_begin ] --START--
INFO: Run Behavior\ReadHtmlCacheBehavior [ RunTime:0.000417s ]
INFO: [ app_begin ] --END-- [ RunTime:0.000734s ]
ERR: 无法加载控制器:VehicleInterface

[ 2016-11-10T17:17:22+08:00 ] ::1 /TobaccoGms1/index.php?m=Service&c=VehicleInterface&a=getVehicleTree
INFO: [ app_init ] --START--
INFO: Run Behavior\BuildLiteBehavior [ RunTime:0.000074s ]
INFO: Run Manager\Behavior\AppInitialBehavior [ RunTime:0.000493s ]
INFO: [ app_init ] --END-- [ RunTime:0.001151s ]
INFO: [ app_begin ] --START--
INFO: Run Behavior\ReadHtmlCacheBehavior [ RunTime:0.000469s ]
INFO: [ app_begin ] --END-- [ RunTime:0.000882s ]
ERR: 无法加载控制器:VehicleInterface

[ 2016-11-10T17:17:40+08:00 ] ::1 /TobaccoGms1/index.php?m=Service&c=VehicleInterface&a=getVehicleTree
INFO: [ app_init ] --START--
INFO: Run Behavior\BuildLiteBehavior [ RunTime:0.000073s ]
INFO: Run Manager\Behavior\AppInitialBehavior [ RunTime:0.000418s ]
INFO: [ app_init ] --END-- [ RunTime:0.001073s ]
INFO: [ app_begin ] --START--
INFO: Run Behavior\ReadHtmlCacheBehavior [ RunTime:0.000439s ]
INFO: [ app_begin ] --END-- [ RunTime:0.000818s ]
ERR: 无法加载控制器:VehicleInterface

[ 2016-11-10T17:18:26+08:00 ] ::1 /TobaccoGms1/index.php?m=Service&c=VehicleInterface&a=getVehicleTree
INFO: [ app_init ] --START--
INFO: Run Behavior\BuildLiteBehavior [ RunTime:0.000111s ]
INFO: Run Manager\Behavior\AppInitialBehavior [ RunTime:0.000858s ]
INFO: [ app_init ] --END-- [ RunTime:0.002104s ]
INFO: [ app_begin ] --START--
INFO: Run Behavior\ReadHtmlCacheBehavior [ RunTime:0.000781s ]
INFO: [ app_begin ] --END-- [ RunTime:0.001269s ]
ERR: 无法加载控制器:VehicleInterface

[ 2016-11-10T17:19:44+08:00 ] ::1 /TobaccoGms1/index.php?m=Service&c=VehicleInterface&a=getVehicleTree
INFO: [ app_init ] --START--
INFO: Run Behavior\BuildLiteBehavior [ RunTime:0.000074s ]
INFO: Run Manager\Behavior\AppInitialBehavior [ RunTime:0.000457s ]
INFO: [ app_init ] --END-- [ RunTime:0.001275s ]
INFO: [ app_begin ] --START--
INFO: Run Behavior\ReadHtmlCacheBehavior [ RunTime:0.000458s ]
INFO: [ app_begin ] --END-- [ RunTime:0.000890s ]
ERR: 无法加载控制器:VehicleInterface

[ 2016-11-10T17:24:09+08:00 ] ::1 /TobaccoGms1/index.php?m=Service&c=VehicleInterface&a=getVehicleTree
INFO: [ app_init ] --START--
INFO: Run Behavior\BuildLiteBehavior [ RunTime:0.000099s ]
INFO: Run Manager\Behavior\AppInitialBehavior [ RunTime:0.000508s ]
INFO: [ app_init ] --END-- [ RunTime:0.001306s ]
INFO: [ app_begin ] --START--
INFO: Run Behavior\ReadHtmlCacheBehavior [ RunTime:0.000526s ]
INFO: [ app_begin ] --END-- [ RunTime:0.000947s ]
ERR: 无法加载控制器:VehicleInterface

[ 2016-11-10T17:27:09+08:00 ] ::1 /TobaccoGms1/index.php?m=Service&c=VehicleInterface&a=getVehicleTree
INFO: [ app_init ] --START--
INFO: Run Behavior\BuildLiteBehavior [ RunTime:0.000074s ]
INFO: Run Manager\Behavior\AppInitialBehavior [ RunTime:0.000455s ]
INFO: [ app_init ] --END-- [ RunTime:0.001147s ]
INFO: [ app_begin ] --START--
INFO: Run Behavior\ReadHtmlCacheBehavior [ RunTime:0.000475s ]
INFO: [ app_begin ] --END-- [ RunTime:0.000848s ]
ERR: 无法加载控制器:VehicleInterface

[ 2016-11-10T17:30:04+08:00 ] ::1 /TobaccoGms1/index.php?m=Service&c=VehicleInterface&a=getVehicleTree
INFO: [ app_init ] --START--
INFO: Run Behavior\BuildLiteBehavior [ RunTime:0.000098s ]
INFO: Run Manager\Behavior\AppInitialBehavior [ RunTime:0.000624s ]
INFO: [ app_init ] --END-- [ RunTime:0.001415s ]
INFO: [ app_begin ] --START--
INFO: Run Behavior\ReadHtmlCacheBehavior [ RunTime:0.000490s ]
INFO: [ app_begin ] --END-- [ RunTime:0.000829s ]
ERR: 无法加载控制器:VehicleInterface

[ 2016-11-10T17:54:13+08:00 ] ::1 /TobaccoGms1/index.php?m=Service&c=VehicleInterface&a=getVehicleTree
INFO: [ app_init ] --START--
INFO: Run Behavior\BuildLiteBehavior [ RunTime:0.000086s ]
INFO: Run Manager\Behavior\AppInitialBehavior [ RunTime:0.000478s ]
INFO: [ app_init ] --END-- [ RunTime:0.001221s ]
INFO: [ app_begin ] --START--
INFO: Run Behavior\ReadHtmlCacheBehavior [ RunTime:0.000438s ]
INFO: [ app_begin ] --END-- [ RunTime:0.000846s ]
ERR: 无法加载控制器:VehicleInterface

[ 2016-11-10T17:54:20+08:00 ] ::1 /TobaccoGms1/index.php?m=Service&c=DriverInfo&a=index
INFO: [ app_init ] --START--
INFO: Run Behavior\BuildLiteBehavior [ RunTime:0.000103s ]
INFO: Run Manager\Behavior\AppInitialBehavior [ RunTime:0.000619s ]
INFO: [ app_init ] --END-- [ RunTime:0.001437s ]
INFO: [ app_begin ] --START--
INFO: Run Behavior\ReadHtmlCacheBehavior [ RunTime:0.000468s ]
INFO: [ app_begin ] --END-- [ RunTime:0.000853s ]
ERR: 无法加载控制器:DriverInfo

[ 2016-11-10T17:56:08+08:00 ] ::1 /TobaccoGms1/index.php?m=Service&c=VehicleInterface&a=getVehicleTree
INFO: [ app_init ] --START--
INFO: Run Behavior\BuildLiteBehavior [ RunTime:0.000072s ]
INFO: Run Manager\Behavior\AppInitialBehavior [ RunTime:0.000426s ]
INFO: [ app_init ] --END-- [ RunTime:0.001074s ]
INFO: [ app_begin ] --START--
INFO: Run Behavior\ReadHtmlCacheBehavior [ RunTime:0.000507s ]
INFO: [ app_begin ] --END-- [ RunTime:0.000908s ]
ERR: 无法加载控制器:VehicleInterface

