[ 2016-11-17T10:31:59+08:00 ] ::1 /TobaccoGms1/index.php?m=Manager&c=Index&a=index
INFO: [ app_init ] --START--
INFO: Run Behavior\BuildLiteBehavior [ RunTime:0.000069s ]
INFO: Run Manager\Behavior\AppInitialBehavior [ RunTime:0.000489s ]
INFO: [ app_init ] --END-- [ RunTime:0.001251s ]
INFO: [ app_begin ] --START--
INFO: Run Behavior\ReadHtmlCacheBehavior [ RunTime:0.000452s ]
INFO: [ app_begin ] --END-- [ RunTime:0.000794s ]
INFO: [ action_begin ] --START--
SQL: SHOW COLUMNS FROM `gms_hooks` [ RunTime:0.0506s ]
SQL: SELECT `name`,`addons` FROM `gms_hooks`  [ RunTime:0.0500s ]
SQL: SHOW COLUMNS FROM `gms_addons` [ RunTime:0.0511s ]
SQL: SELECT `id`,`name` FROM `gms_addons` WHERE `disabled` = 1 AND `name` IN ('SiteStat')  [ RunTime:0.0522s ]
INFO: Run Common\Behavior\InitHookBehavior [ RunTime:0.448972s ]
INFO: [ action_begin ] --END-- [ RunTime:0.449326s ]
SQL: SHOW COLUMNS FROM `manager_setting` [ RunTime:0.0506s ]
SQL: SELECT * FROM `manager_setting` LIMIT 1   [ RunTime:0.0521s ]
SQL: SHOW COLUMNS FROM `service_group_info` [ RunTime:0.0497s ]
SQL: SELECT * FROM `service_group_info` WHERE `group_id` = 1 LIMIT 1   [ RunTime:0.0507s ]
NOTIC: [8] Undefined index: latlng /Applications/XAMPP/xamppfiles/htdocs/TobaccoGms1/App/Manager/Controller/ManagerCoreController.class.php 第 38 行.
SQL: SHOW COLUMNS FROM `gms_auth_rule` [ RunTime:0.0513s ]
SQL: SELECT * FROM `gms_auth_rule` WHERE `name` = 'Manager/Track/history' LIMIT 1   [ RunTime:0.0506s ]
SQL: SELECT * FROM `gms_auth_rule` WHERE `name` = 'Manager/RealVideo/videoForOne' LIMIT 1   [ RunTime:0.0506s ]
INFO: [ view_parse ] --START--
INFO: [ template_filter ] --START--
INFO: Run Behavior\ContentReplaceBehavior [ RunTime:0.000264s ]
INFO: [ template_filter ] --END-- [ RunTime:0.000608s ]
SQL: SHOW COLUMNS FROM `gms_user` [ RunTime:0.0520s ]
SQL: SELECT `group_ids` FROM `gms_user` WHERE `id` = 1 LIMIT 1   [ RunTime:0.0501s ]
SQL: SHOW COLUMNS FROM `gms_auth_group` [ RunTime:0.0507s ]
SQL: SELECT `id`,`title`,`rules` FROM `gms_auth_group` WHERE `id` IN ('1') AND `status` = 1  [ RunTime:0.0527s ]
SQL: SHOW COLUMNS FROM `gms_auth_rule` [ RunTime:0.0523s ]
SQL: SELECT `condition`,`name` FROM `gms_auth_rule` WHERE `id` IN ('217','266','268','259','260','257','264','220','254','232','234','235','231','230','229','224','225','226','227','228','233','1','207','212','318','250','251','252','216','239','240','241','319','208','210','245','246','247','248','274','283','284','282','213','236','237','238','298','6','209','242','243','244','57','218','219','272','295','60','59','58','25','27','26','28','17','20','84','13','14','15','16','4','296','297','61','45','46','47','48','49','50','52','51','29','32','30','31','33','35','36','34','80','81','82','83','5','37','39','40','62','38') AND `type` = 1 AND `status` = 1  [ RunTime:0.0555s ]
INFO: Run Behavior\ParseTemplateBehavior [ RunTime:0.406229s ]
INFO: [ view_parse ] --END-- [ RunTime:0.406581s ]
INFO: [ view_filter ] --START--
INFO: Run Behavior\WriteHtmlCacheBehavior [ RunTime:0.000294s ]
INFO: [ view_filter ] --END-- [ RunTime:0.000617s ]
INFO: [ app_end ] --START--
INFO: Run Behavior\ShowPageTraceBehavior [ RunTime:0.000569s ]
INFO: [ app_end ] --END-- [ RunTime:0.000957s ]

