[ 2016-11-21T09:29:37+08:00 ] ::1 /TobaccoGms1/index.php?m=Manager&c=Index&a=index
INFO: [ app_init ] --START--
INFO: Run Behavior\BuildLiteBehavior [ RunTime:0.000066s ]
INFO: Run Manager\Behavior\AppInitialBehavior [ RunTime:0.000402s ]
INFO: [ app_init ] --END-- [ RunTime:0.001026s ]
INFO: [ app_begin ] --START--
INFO: Run Behavior\ReadHtmlCacheBehavior [ RunTime:0.000615s ]
INFO: [ app_begin ] --END-- [ RunTime:0.000965s ]
INFO: [ action_begin ] --START--
SQL: SHOW COLUMNS FROM `gms_hooks` [ RunTime:0.0384s ]
SQL: SELECT `name`,`addons` FROM `gms_hooks`  [ RunTime:0.0365s ]
SQL: SHOW COLUMNS FROM `gms_addons` [ RunTime:0.0399s ]
SQL: SELECT `id`,`name` FROM `gms_addons` WHERE `disabled` = 1 AND `name` IN ('SiteStat')  [ RunTime:0.0388s ]
INFO: Run Common\Behavior\InitHookBehavior [ RunTime:0.347505s ]
INFO: [ action_begin ] --END-- [ RunTime:0.347855s ]
SQL: SHOW COLUMNS FROM `manager_setting` [ RunTime:0.0386s ]
SQL: SELECT * FROM `manager_setting` LIMIT 1   [ RunTime:0.0378s ]
SQL: SHOW COLUMNS FROM `service_group_info` [ RunTime:0.0379s ]
SQL: SELECT * FROM `service_group_info` WHERE `group_id` = 1 LIMIT 1   [ RunTime:0.0377s ]
NOTIC: [8] Undefined index: latlng /Applications/XAMPP/xamppfiles/htdocs/TobaccoGms1/App/Manager/Controller/ManagerCoreController.class.php 第 38 行.
SQL: SHOW COLUMNS FROM `gms_auth_rule` [ RunTime:0.0380s ]
SQL: SELECT * FROM `gms_auth_rule` WHERE `name` = 'Manager/Track/history' LIMIT 1   [ RunTime:0.0381s ]
SQL: SELECT * FROM `gms_auth_rule` WHERE `name` = 'Manager/RealVideo/videoForOne' LIMIT 1   [ RunTime:0.0382s ]
INFO: [ view_parse ] --START--
INFO: [ template_filter ] --START--
INFO: Run Behavior\ContentReplaceBehavior [ RunTime:0.000274s ]
INFO: [ template_filter ] --END-- [ RunTime:0.000621s ]
SQL: SHOW COLUMNS FROM `gms_user` [ RunTime:0.0389s ]
SQL: SELECT `group_ids` FROM `gms_user` WHERE `id` = 1 LIMIT 1   [ RunTime:0.0370s ]
SQL: SHOW COLUMNS FROM `gms_auth_group` [ RunTime:0.0396s ]
SQL: SELECT `id`,`title`,`rules` FROM `gms_auth_group` WHERE `id` IN ('1') AND `status` = 1  [ RunTime:0.0375s ]
SQL: SHOW COLUMNS FROM `gms_auth_rule` [ RunTime:0.0376s ]
SQL: SELECT `condition`,`name` FROM `gms_auth_rule` WHERE `id` IN ('217','266','268','259','260','257','264','220','254','232','234','235','231','230','229','224','225','226','227','228','233','1','207','212','318','250','251','252','216','239','240','241','319','208','210','245','246','247','248','274','283','284','282','213','236','237','238','298','6','209','242','243','244','57','218','219','272','295','60','59','58','25','27','26','28','17','20','84','13','14','15','16','4','296','297','61','45','46','47','48','49','50','52','51','29','32','30','31','33','35','36','34','80','81','82','83','5','37','39','40','62','38') AND `type` = 1 AND `status` = 1  [ RunTime:0.0383s ]
INFO: Run Behavior\ParseTemplateBehavior [ RunTime:0.280927s ]
INFO: [ view_parse ] --END-- [ RunTime:0.281263s ]
INFO: [ view_filter ] --START--
INFO: Run Behavior\WriteHtmlCacheBehavior [ RunTime:0.000306s ]
INFO: [ view_filter ] --END-- [ RunTime:0.000628s ]
INFO: [ app_end ] --START--
INFO: Run Behavior\ShowPageTraceBehavior [ RunTime:0.000606s ]
INFO: [ app_end ] --END-- [ RunTime:0.000971s ]

[ 2016-11-21T11:14:20+08:00 ] ::1 /TobaccoGms1/index.php?m=Manager&c=Index&a=index
INFO: [ app_init ] --START--
INFO: Run Behavior\BuildLiteBehavior [ RunTime:0.000132s ]
INFO: Run Manager\Behavior\AppInitialBehavior [ RunTime:0.001089s ]
INFO: [ app_init ] --END-- [ RunTime:0.002275s ]
INFO: [ app_begin ] --START--
INFO: Run Behavior\ReadHtmlCacheBehavior [ RunTime:0.001216s ]
INFO: [ app_begin ] --END-- [ RunTime:0.001858s ]
INFO: [ action_begin ] --START--
SQL: SHOW COLUMNS FROM `gms_hooks` [ RunTime:0.0365s ]
SQL: SELECT `name`,`addons` FROM `gms_hooks`  [ RunTime:0.0379s ]
SQL: SHOW COLUMNS FROM `gms_addons` [ RunTime:0.0378s ]
SQL: SELECT `id`,`name` FROM `gms_addons` WHERE `disabled` = 1 AND `name` IN ('SiteStat')  [ RunTime:0.0364s ]
INFO: Run Common\Behavior\InitHookBehavior [ RunTime:0.369639s ]
INFO: [ action_begin ] --END-- [ RunTime:0.370377s ]
SQL: SHOW COLUMNS FROM `manager_setting` [ RunTime:0.0395s ]
SQL: SELECT * FROM `manager_setting` LIMIT 1   [ RunTime:0.0396s ]
SQL: SHOW COLUMNS FROM `service_group_info` [ RunTime:0.0391s ]
SQL: SELECT * FROM `service_group_info` WHERE `group_id` = 1 LIMIT 1   [ RunTime:0.0361s ]
NOTIC: [8] Undefined index: latlng /Applications/XAMPP/xamppfiles/htdocs/TobaccoGms1/App/Manager/Controller/ManagerCoreController.class.php 第 38 行.
SQL: SHOW COLUMNS FROM `gms_auth_rule` [ RunTime:0.0405s ]
SQL: SELECT * FROM `gms_auth_rule` WHERE `name` = 'Manager/Track/history' LIMIT 1   [ RunTime:0.0395s ]
SQL: SELECT * FROM `gms_auth_rule` WHERE `name` = 'Manager/RealVideo/videoForOne' LIMIT 1   [ RunTime:0.0390s ]
INFO: [ view_parse ] --START--
INFO: [ template_filter ] --START--
INFO: Run Behavior\ContentReplaceBehavior [ RunTime:0.000502s ]
INFO: [ template_filter ] --END-- [ RunTime:0.001190s ]
SQL: SHOW COLUMNS FROM `gms_user` [ RunTime:0.0435s ]
SQL: SELECT `group_ids` FROM `gms_user` WHERE `id` = 1 LIMIT 1   [ RunTime:0.0384s ]
SQL: SHOW COLUMNS FROM `gms_auth_group` [ RunTime:0.0409s ]
SQL: SELECT `id`,`title`,`rules` FROM `gms_auth_group` WHERE `id` IN ('1') AND `status` = 1  [ RunTime:0.0431s ]
SQL: SHOW COLUMNS FROM `gms_auth_rule` [ RunTime:0.0384s ]
SQL: SELECT `condition`,`name` FROM `gms_auth_rule` WHERE `id` IN ('217','266','268','259','260','257','264','220','254','232','234','235','231','230','229','224','225','226','227','228','233','1','207','212','318','250','251','252','216','239','240','241','319','208','210','245','246','247','248','274','283','284','282','213','236','237','238','298','6','209','242','243','244','57','218','219','272','295','60','59','58','25','27','26','28','17','20','84','13','14','15','16','4','296','297','61','45','46','47','48','49','50','52','51','29','32','30','31','33','35','36','34','80','81','82','83','5','37','39','40','62','38') AND `type` = 1 AND `status` = 1  [ RunTime:0.0393s ]
INFO: Run Behavior\ParseTemplateBehavior [ RunTime:0.369276s ]
INFO: [ view_parse ] --END-- [ RunTime:0.370015s ]
INFO: [ view_filter ] --START--
INFO: Run Behavior\WriteHtmlCacheBehavior [ RunTime:0.001792s ]
INFO: [ view_filter ] --END-- [ RunTime:0.002948s ]
INFO: [ app_end ] --START--
INFO: Run Behavior\ShowPageTraceBehavior [ RunTime:0.010944s ]
INFO: [ app_end ] --END-- [ RunTime:0.044740s ]

[ 2016-11-21T14:08:28+08:00 ] ::1 /TobaccoGms1/index.php?m=Manager&c=Index&a=index
INFO: [ app_init ] --START--
INFO: Run Behavior\BuildLiteBehavior [ RunTime:0.000068s ]
INFO: Run Manager\Behavior\AppInitialBehavior [ RunTime:0.000460s ]
INFO: [ app_init ] --END-- [ RunTime:0.001066s ]
INFO: [ app_begin ] --START--
INFO: Run Behavior\ReadHtmlCacheBehavior [ RunTime:0.000449s ]
INFO: [ app_begin ] --END-- [ RunTime:0.000805s ]
INFO: [ action_begin ] --START--
SQL: SHOW COLUMNS FROM `gms_hooks` [ RunTime:0.0343s ]
SQL: SELECT `name`,`addons` FROM `gms_hooks`  [ RunTime:0.0275s ]
SQL: SHOW COLUMNS FROM `gms_addons` [ RunTime:0.0320s ]
SQL: SELECT `id`,`name` FROM `gms_addons` WHERE `disabled` = 1 AND `name` IN ('SiteStat')  [ RunTime:0.0298s ]
INFO: Run Common\Behavior\InitHookBehavior [ RunTime:0.290454s ]
INFO: [ action_begin ] --END-- [ RunTime:0.290942s ]
SQL: SHOW COLUMNS FROM `manager_setting` [ RunTime:0.0303s ]
SQL: SELECT * FROM `manager_setting` LIMIT 1   [ RunTime:0.0274s ]
SQL: SHOW COLUMNS FROM `service_group_info` [ RunTime:0.0266s ]
SQL: SELECT * FROM `service_group_info` WHERE `group_id` = 1 LIMIT 1   [ RunTime:0.0285s ]
NOTIC: [8] Undefined index: latlng /Applications/XAMPP/xamppfiles/htdocs/TobaccoGms1/App/Manager/Controller/ManagerCoreController.class.php 第 38 行.
SQL: SHOW COLUMNS FROM `gms_auth_rule` [ RunTime:0.0297s ]
SQL: SELECT * FROM `gms_auth_rule` WHERE `name` = 'Manager/Track/history' LIMIT 1   [ RunTime:0.0314s ]
SQL: SELECT * FROM `gms_auth_rule` WHERE `name` = 'Manager/RealVideo/videoForOne' LIMIT 1   [ RunTime:0.0262s ]
INFO: [ view_parse ] --START--
INFO: [ template_filter ] --START--
INFO: Run Behavior\ContentReplaceBehavior [ RunTime:0.000258s ]
INFO: [ template_filter ] --END-- [ RunTime:0.000592s ]
SQL: SHOW COLUMNS FROM `gms_user` [ RunTime:0.0273s ]
SQL: SELECT `group_ids` FROM `gms_user` WHERE `id` = 1 LIMIT 1   [ RunTime:0.0331s ]
SQL: SHOW COLUMNS FROM `gms_auth_group` [ RunTime:0.0294s ]
SQL: SELECT `id`,`title`,`rules` FROM `gms_auth_group` WHERE `id` IN ('1') AND `status` = 1  [ RunTime:0.0329s ]
SQL: SHOW COLUMNS FROM `gms_auth_rule` [ RunTime:0.0285s ]
SQL: SELECT `condition`,`name` FROM `gms_auth_rule` WHERE `id` IN ('217','266','268','259','260','257','264','220','254','232','234','235','231','230','229','224','225','226','227','228','233','1','207','212','318','250','251','252','216','239','240','241','319','208','210','245','246','247','248','274','283','284','282','213','236','237','238','298','6','209','242','243','244','57','218','219','272','295','60','59','58','25','27','26','28','17','20','84','13','14','15','16','4','296','297','61','45','46','47','48','49','50','52','51','29','32','30','31','33','35','36','34','80','81','82','83','5','37','39','40','62','38') AND `type` = 1 AND `status` = 1  [ RunTime:0.0340s ]
INFO: Run Behavior\ParseTemplateBehavior [ RunTime:0.225922s ]
INFO: [ view_parse ] --END-- [ RunTime:0.226327s ]
INFO: [ view_filter ] --START--
INFO: Run Behavior\WriteHtmlCacheBehavior [ RunTime:0.000306s ]
INFO: [ view_filter ] --END-- [ RunTime:0.000627s ]
INFO: [ app_end ] --START--
INFO: Run Behavior\ShowPageTraceBehavior [ RunTime:0.000630s ]
INFO: [ app_end ] --END-- [ RunTime:0.000982s ]

[ 2016-11-21T14:08:53+08:00 ] ::1 /TobaccoGms1/index.php?m=Manager&c=Index&a=index
INFO: [ app_init ] --START--
INFO: Run Behavior\BuildLiteBehavior [ RunTime:0.000066s ]
INFO: Run Manager\Behavior\AppInitialBehavior [ RunTime:0.000393s ]
INFO: [ app_init ] --END-- [ RunTime:0.000985s ]
INFO: [ app_begin ] --START--
INFO: Run Behavior\ReadHtmlCacheBehavior [ RunTime:0.000522s ]
INFO: [ app_begin ] --END-- [ RunTime:0.000881s ]
INFO: [ action_begin ] --START--
SQL: SHOW COLUMNS FROM `gms_hooks` [ RunTime:0.1384s ]
SQL: SELECT `name`,`addons` FROM `gms_hooks`  [ RunTime:0.1342s ]
SQL: SHOW COLUMNS FROM `gms_addons` [ RunTime:0.1317s ]
SQL: SELECT `id`,`name` FROM `gms_addons` WHERE `disabled` = 1 AND `name` IN ('SiteStat')  [ RunTime:0.1340s ]
INFO: Run Common\Behavior\InitHookBehavior [ RunTime:1.104152s ]
INFO: [ action_begin ] --END-- [ RunTime:1.104500s ]
SQL: SHOW COLUMNS FROM `manager_setting` [ RunTime:0.1287s ]
SQL: SELECT * FROM `manager_setting` LIMIT 1   [ RunTime:0.1269s ]
SQL: SHOW COLUMNS FROM `service_group_info` [ RunTime:0.1311s ]
SQL: SELECT * FROM `service_group_info` WHERE `group_id` = 1 LIMIT 1   [ RunTime:0.1308s ]
NOTIC: [8] Undefined index: latlng /Applications/XAMPP/xamppfiles/htdocs/TobaccoGms1/App/Manager/Controller/ManagerCoreController.class.php 第 38 行.
SQL: SHOW COLUMNS FROM `gms_auth_rule` [ RunTime:0.1363s ]
SQL: SELECT * FROM `gms_auth_rule` WHERE `name` = 'Manager/Track/history' LIMIT 1   [ RunTime:0.1360s ]
SQL: SELECT * FROM `gms_auth_rule` WHERE `name` = 'Manager/RealVideo/videoForOne' LIMIT 1   [ RunTime:0.1351s ]
INFO: [ view_parse ] --START--
INFO: [ template_filter ] --START--
INFO: Run Behavior\ContentReplaceBehavior [ RunTime:0.000257s ]
INFO: [ template_filter ] --END-- [ RunTime:0.000595s ]
SQL: SHOW COLUMNS FROM `gms_user` [ RunTime:0.1378s ]
SQL: SELECT `group_ids` FROM `gms_user` WHERE `id` = 1 LIMIT 1   [ RunTime:0.1370s ]
SQL: SHOW COLUMNS FROM `gms_auth_group` [ RunTime:0.1466s ]
SQL: SELECT `id`,`title`,`rules` FROM `gms_auth_group` WHERE `id` IN ('1') AND `status` = 1  [ RunTime:0.1388s ]
SQL: SHOW COLUMNS FROM `gms_auth_rule` [ RunTime:0.2309s ]
SQL: SELECT `condition`,`name` FROM `gms_auth_rule` WHERE `id` IN ('217','266','268','259','260','257','264','220','254','232','234','235','231','230','229','224','225','226','227','228','233','1','207','212','318','250','251','252','216','239','240','241','319','208','210','245','246','247','248','274','283','284','282','213','236','237','238','298','6','209','242','243','244','57','218','219','272','295','60','59','58','25','27','26','28','17','20','84','13','14','15','16','4','296','297','61','45','46','47','48','49','50','52','51','29','32','30','31','33','35','36','34','80','81','82','83','5','37','39','40','62','38') AND `type` = 1 AND `status` = 1  [ RunTime:0.3127s ]
INFO: Run Behavior\ParseTemplateBehavior [ RunTime:1.143901s ]
INFO: [ view_parse ] --END-- [ RunTime:1.144236s ]
INFO: [ view_filter ] --START--
INFO: Run Behavior\WriteHtmlCacheBehavior [ RunTime:0.000286s ]
INFO: [ view_filter ] --END-- [ RunTime:0.000608s ]
INFO: [ app_end ] --START--
INFO: Run Behavior\ShowPageTraceBehavior [ RunTime:0.000653s ]
INFO: [ app_end ] --END-- [ RunTime:0.001089s ]

