[ 2016-11-16T17:32:06+08:00 ] ::1 /TobaccoGms1/index.php?m=Manager&c=Index&a=index
INFO: [ app_init ] --START--
INFO: Run Behavior\BuildLiteBehavior [ RunTime:0.000081s ]
INFO: Run Manager\Behavior\AppInitialBehavior [ RunTime:0.000448s ]
INFO: [ app_init ] --END-- [ RunTime:0.001190s ]
INFO: [ app_begin ] --START--
INFO: Run Behavior\ReadHtmlCacheBehavior [ RunTime:0.000455s ]
INFO: [ app_begin ] --END-- [ RunTime:0.000797s ]
INFO: [ action_begin ] --START--
SQL: SHOW COLUMNS FROM `gms_hooks` [ RunTime:0.0289s ]
SQL: SELECT `name`,`addons` FROM `gms_hooks`  [ RunTime:0.0302s ]
SQL: SHOW COLUMNS FROM `gms_addons` [ RunTime:0.0292s ]
SQL: SELECT `id`,`name` FROM `gms_addons` WHERE `disabled` = 1 AND `name` IN ('SiteStat')  [ RunTime:0.0285s ]
INFO: Run Common\Behavior\InitHookBehavior [ RunTime:0.276322s ]
INFO: [ action_begin ] --END-- [ RunTime:0.276734s ]
SQL: SHOW COLUMNS FROM `manager_setting` [ RunTime:0.0297s ]
SQL: SELECT * FROM `manager_setting` LIMIT 1   [ RunTime:0.0284s ]
SQL: SHOW COLUMNS FROM `service_group_info` [ RunTime:0.0308s ]
SQL: SELECT * FROM `service_group_info` WHERE `group_id` = 1 LIMIT 1   [ RunTime:0.0299s ]
NOTIC: [8] Undefined index: latlng /Applications/XAMPP/xamppfiles/htdocs/TobaccoGms1/App/Manager/Controller/ManagerCoreController.class.php 第 38 行.
SQL: SHOW COLUMNS FROM `gms_auth_rule` [ RunTime:0.0291s ]
SQL: SELECT * FROM `gms_auth_rule` WHERE `name` = 'Manager/Track/history' LIMIT 1   [ RunTime:0.0278s ]
SQL: SELECT * FROM `gms_auth_rule` WHERE `name` = 'Manager/RealVideo/videoForOne' LIMIT 1   [ RunTime:0.0274s ]
INFO: [ view_parse ] --START--
INFO: [ template_filter ] --START--
INFO: Run Behavior\ContentReplaceBehavior [ RunTime:0.000272s ]
INFO: [ template_filter ] --END-- [ RunTime:0.000737s ]
SQL: SHOW COLUMNS FROM `gms_user` [ RunTime:0.0291s ]
SQL: SELECT `group_ids` FROM `gms_user` WHERE `id` = 1 LIMIT 1   [ RunTime:0.0265s ]
SQL: SHOW COLUMNS FROM `gms_auth_group` [ RunTime:0.0296s ]
SQL: SELECT `id`,`title`,`rules` FROM `gms_auth_group` WHERE `id` IN ('1') AND `status` = 1  [ RunTime:0.0290s ]
SQL: SHOW COLUMNS FROM `gms_auth_rule` [ RunTime:0.0309s ]
SQL: SELECT `condition`,`name` FROM `gms_auth_rule` WHERE `id` IN ('217','266','268','259','260','257','264','220','254','231','232','234','235','230','229','224','225','226','227','228','233','1','207','212','250','251','252','211118','216','239','240','241','208','210','245','246','247','248','274','282','283','284','213','236','237','238','298','6','209','242','243','244','57','218','219','272','295','60','59','58','17','20','84','25','26','27','28','13','14','15','16','4','296','297','61','45','46','47','48','49','50','51','52','29','32','31','30','33','34','35','36','80','81','82','83','5','37','39','40','62','38') AND `type` = 1 AND `status` = 1  [ RunTime:0.0318s ]
INFO: Run Behavior\ParseTemplateBehavior [ RunTime:0.227416s ]
INFO: [ view_parse ] --END-- [ RunTime:0.227771s ]
INFO: [ view_filter ] --START--
INFO: Run Behavior\WriteHtmlCacheBehavior [ RunTime:0.000305s ]
INFO: [ view_filter ] --END-- [ RunTime:0.000623s ]
INFO: [ app_end ] --START--
INFO: Run Behavior\ShowPageTraceBehavior [ RunTime:0.000541s ]
INFO: [ app_end ] --END-- [ RunTime:0.000915s ]

