[ 2016-11-11T08:40:59+08:00 ] ::1 /TobaccoGms1/index.php?m=Manager&c=Index&a=index
INFO: [ app_init ] --START--
INFO: Run Behavior\BuildLiteBehavior [ RunTime:0.000075s ]
INFO: Run Manager\Behavior\AppInitialBehavior [ RunTime:0.000470s ]
INFO: [ app_init ] --END-- [ RunTime:0.001152s ]
INFO: [ app_begin ] --START--
INFO: Run Behavior\ReadHtmlCacheBehavior [ RunTime:0.000524s ]
INFO: [ app_begin ] --END-- [ RunTime:0.000913s ]
INFO: [ action_begin ] --START--
SQL: SHOW COLUMNS FROM `gms_hooks` [ RunTime:0.0280s ]
SQL: SELECT `name`,`addons` FROM `gms_hooks`  [ RunTime:0.0259s ]
SQL: SHOW COLUMNS FROM `gms_addons` [ RunTime:0.0350s ]
SQL: SELECT `id`,`name` FROM `gms_addons` WHERE `disabled` = 1 AND `name` IN ('SiteStat')  [ RunTime:0.0258s ]
INFO: Run Common\Behavior\InitHookBehavior [ RunTime:0.233218s ]
INFO: [ action_begin ] --END-- [ RunTime:0.233610s ]
SQL: SHOW COLUMNS FROM `manager_setting` [ RunTime:0.0285s ]
SQL: SELECT * FROM `manager_setting` LIMIT 1   [ RunTime:0.0362s ]
SQL: SHOW COLUMNS FROM `service_group_info` [ RunTime:0.0275s ]
SQL: SELECT * FROM `service_group_info` WHERE `group_id` = 1 LIMIT 1   [ RunTime:0.0267s ]
SQL: SHOW COLUMNS FROM `gms_auth_rule` [ RunTime:0.0281s ]
SQL: SELECT * FROM `gms_auth_rule` WHERE `name` = 'Manager/Track/history' LIMIT 1   [ RunTime:0.0380s ]
SQL: SELECT * FROM `gms_auth_rule` WHERE `name` = 'Manager/RealVideo/videoForOne' LIMIT 1   [ RunTime:0.0261s ]
INFO: [ view_parse ] --START--
INFO: [ template_filter ] --START--
INFO: Run Behavior\ContentReplaceBehavior [ RunTime:0.000288s ]
INFO: [ template_filter ] --END-- [ RunTime:0.000671s ]
SQL: SHOW COLUMNS FROM `gms_user` [ RunTime:0.0281s ]
SQL: SELECT `group_ids` FROM `gms_user` WHERE `id` = 1 LIMIT 1   [ RunTime:0.0277s ]
SQL: SHOW COLUMNS FROM `gms_auth_group` [ RunTime:0.0280s ]
SQL: SELECT `id`,`title`,`rules` FROM `gms_auth_group` WHERE `id` IN ('1') AND `status` = 1  [ RunTime:0.0417s ]
SQL: SHOW COLUMNS FROM `gms_auth_rule` [ RunTime:0.0351s ]
SQL: SELECT `condition`,`name` FROM `gms_auth_rule` WHERE `id` IN ('217','266','268','259','257','260','264','1','207','213','236','237','238','208','210','245','246','247','248','274','282','283','284','298','6','209','242','243','244','57','218','219','272','295','58','59','60','17','20','84','25','28','26','27','13','14','15','16','4','296','297','61','45','46','47','48','49','52','51','50','29','32','31','30','33','36','34','35','80','81','82','83','5','37','39','40','62','38') AND `type` = 1 AND `status` = 1  [ RunTime:0.0294s ]
INFO: Run Behavior\ParseTemplateBehavior [ RunTime:0.233492s ]
INFO: [ view_parse ] --END-- [ RunTime:0.233920s ]
INFO: [ view_filter ] --START--
INFO: Run Behavior\WriteHtmlCacheBehavior [ RunTime:0.000360s ]
INFO: [ view_filter ] --END-- [ RunTime:0.001079s ]
INFO: [ app_end ] --START--
INFO: Run Behavior\ShowPageTraceBehavior [ RunTime:0.000641s ]
INFO: [ app_end ] --END-- [ RunTime:0.001121s ]

[ 2016-11-11T08:41:10+08:00 ] ::1 /TobaccoGms1/index.php?m=Manager&c=Index&a=index
INFO: [ app_init ] --START--
INFO: Run Behavior\BuildLiteBehavior [ RunTime:0.000087s ]
INFO: Run Manager\Behavior\AppInitialBehavior [ RunTime:0.000454s ]
INFO: [ app_init ] --END-- [ RunTime:0.001266s ]
INFO: [ app_begin ] --START--
INFO: Run Behavior\ReadHtmlCacheBehavior [ RunTime:0.000507s ]
INFO: [ app_begin ] --END-- [ RunTime:0.001004s ]
INFO: [ action_begin ] --START--
SQL: SHOW COLUMNS FROM `gms_hooks` [ RunTime:0.0377s ]
SQL: SELECT `name`,`addons` FROM `gms_hooks`  [ RunTime:0.0557s ]
SQL: SHOW COLUMNS FROM `gms_addons` [ RunTime:0.0632s ]
SQL: SELECT `id`,`name` FROM `gms_addons` WHERE `disabled` = 1 AND `name` IN ('SiteStat')  [ RunTime:0.0359s ]
INFO: Run Common\Behavior\InitHookBehavior [ RunTime:0.388696s ]
INFO: [ action_begin ] --END-- [ RunTime:0.389103s ]
SQL: SHOW COLUMNS FROM `manager_setting` [ RunTime:0.0378s ]
SQL: SELECT * FROM `manager_setting` LIMIT 1   [ RunTime:0.0522s ]
SQL: SHOW COLUMNS FROM `service_group_info` [ RunTime:0.0367s ]
SQL: SELECT * FROM `service_group_info` WHERE `group_id` = 1 LIMIT 1   [ RunTime:0.0525s ]
SQL: SHOW COLUMNS FROM `gms_auth_rule` [ RunTime:0.0377s ]
SQL: SELECT * FROM `gms_auth_rule` WHERE `name` = 'Manager/Track/history' LIMIT 1   [ RunTime:0.0368s ]
SQL: SELECT * FROM `gms_auth_rule` WHERE `name` = 'Manager/RealVideo/videoForOne' LIMIT 1   [ RunTime:0.0373s ]
INFO: [ view_parse ] --START--
INFO: [ template_filter ] --START--
INFO: Run Behavior\ContentReplaceBehavior [ RunTime:0.000284s ]
INFO: [ template_filter ] --END-- [ RunTime:0.000656s ]
SQL: SHOW COLUMNS FROM `gms_user` [ RunTime:0.0367s ]
SQL: SELECT `group_ids` FROM `gms_user` WHERE `id` = 28 LIMIT 1   [ RunTime:0.0359s ]
SQL: SHOW COLUMNS FROM `gms_auth_group` [ RunTime:0.0364s ]
SQL: SELECT `id`,`title`,`rules` FROM `gms_auth_group` WHERE `id` IN ('8') AND `status` = 1  [ RunTime:0.0448s ]
SQL: SHOW COLUMNS FROM `gms_auth_rule` [ RunTime:0.0373s ]
SQL: SELECT `condition`,`name` FROM `gms_auth_rule` WHERE `id` IN ('285','217','266','268','259','257','260','264','329','1','208','210','245','246','247','248','318','320','319','321','317','322','323','324','275','276','277','278','273','279','280','281','287','290','288','289','274','284','282','283','291','292','294','293','299','301','325','327','326','328','300','313','305','312','302','311','309','315','310','298','6','209','242','243','244','57','218','219','272','295','58','59','60','25','28','27','26','17','20','84') AND `type` = 1 AND `status` = 1  [ RunTime:0.0382s ]
INFO: Run Behavior\ParseTemplateBehavior [ RunTime:0.266587s ]
INFO: [ view_parse ] --END-- [ RunTime:0.266962s ]
INFO: [ view_filter ] --START--
INFO: Run Behavior\WriteHtmlCacheBehavior [ RunTime:0.000319s ]
INFO: [ view_filter ] --END-- [ RunTime:0.000672s ]
INFO: [ app_end ] --START--
INFO: Run Behavior\ShowPageTraceBehavior [ RunTime:0.000693s ]
INFO: [ app_end ] --END-- [ RunTime:0.001166s ]

[ 2016-11-11T08:41:23+08:00 ] ::1 /TobaccoGms1/index.php?m=Manager&c=Index&a=index
INFO: [ app_init ] --START--
INFO: Run Behavior\BuildLiteBehavior [ RunTime:0.000071s ]
INFO: Run Manager\Behavior\AppInitialBehavior [ RunTime:0.000400s ]
INFO: [ app_init ] --END-- [ RunTime:0.001041s ]
INFO: [ app_begin ] --START--
INFO: Run Behavior\ReadHtmlCacheBehavior [ RunTime:0.000707s ]
INFO: [ app_begin ] --END-- [ RunTime:0.001178s ]
INFO: [ action_begin ] --START--
SQL: SHOW COLUMNS FROM `gms_hooks` [ RunTime:0.0493s ]
SQL: SELECT `name`,`addons` FROM `gms_hooks`  [ RunTime:0.0459s ]
SQL: SHOW COLUMNS FROM `gms_addons` [ RunTime:0.0460s ]
SQL: SELECT `id`,`name` FROM `gms_addons` WHERE `disabled` = 1 AND `name` IN ('SiteStat')  [ RunTime:0.0447s ]
INFO: Run Common\Behavior\InitHookBehavior [ RunTime:0.382206s ]
INFO: [ action_begin ] --END-- [ RunTime:0.382603s ]
SQL: SHOW COLUMNS FROM `manager_setting` [ RunTime:0.0472s ]
SQL: SELECT * FROM `manager_setting` LIMIT 1   [ RunTime:0.0446s ]
SQL: SHOW COLUMNS FROM `service_group_info` [ RunTime:0.0475s ]
SQL: SELECT * FROM `service_group_info` WHERE `group_id` = 1 LIMIT 1   [ RunTime:0.0458s ]
SQL: SHOW COLUMNS FROM `gms_auth_rule` [ RunTime:0.0455s ]
SQL: SELECT * FROM `gms_auth_rule` WHERE `name` = 'Manager/Track/history' LIMIT 1   [ RunTime:0.0446s ]
SQL: SELECT * FROM `gms_auth_rule` WHERE `name` = 'Manager/RealVideo/videoForOne' LIMIT 1   [ RunTime:0.0455s ]
INFO: [ view_parse ] --START--
INFO: [ template_filter ] --START--
INFO: Run Behavior\ContentReplaceBehavior [ RunTime:0.000297s ]
INFO: [ template_filter ] --END-- [ RunTime:0.000672s ]
SQL: SHOW COLUMNS FROM `gms_user` [ RunTime:0.0470s ]
SQL: SELECT `group_ids` FROM `gms_user` WHERE `id` = 1 LIMIT 1   [ RunTime:0.0461s ]
SQL: SHOW COLUMNS FROM `gms_auth_group` [ RunTime:0.0465s ]
SQL: SELECT `id`,`title`,`rules` FROM `gms_auth_group` WHERE `id` IN ('1') AND `status` = 1  [ RunTime:0.0451s ]
SQL: SHOW COLUMNS FROM `gms_auth_rule` [ RunTime:0.0458s ]
SQL: SELECT `condition`,`name` FROM `gms_auth_rule` WHERE `id` IN ('217','266','268','259','257','260','264','1','207','213','236','237','238','208','210','245','246','247','248','274','282','283','284','298','6','209','242','243','244','57','218','219','272','295','58','59','60','17','20','84','25','28','26','27','13','14','15','16','4','296','297','61','45','46','47','48','49','52','51','50','29','32','31','30','33','36','34','35','80','81','82','83','5','37','39','40','62','38') AND `type` = 1 AND `status` = 1  [ RunTime:0.0481s ]
INFO: Run Behavior\ParseTemplateBehavior [ RunTime:0.320255s ]
INFO: [ view_parse ] --END-- [ RunTime:0.320700s ]
INFO: [ view_filter ] --START--
INFO: Run Behavior\WriteHtmlCacheBehavior [ RunTime:0.000302s ]
INFO: [ view_filter ] --END-- [ RunTime:0.000662s ]
INFO: [ app_end ] --START--
INFO: Run Behavior\ShowPageTraceBehavior [ RunTime:0.000591s ]
INFO: [ app_end ] --END-- [ RunTime:0.001015s ]

[ 2016-11-11T08:41:42+08:00 ] ::1 /TobaccoGms1/index.php?m=Manager&c=Index&a=index
INFO: [ app_init ] --START--
INFO: Run Behavior\BuildLiteBehavior [ RunTime:0.000072s ]
INFO: Run Manager\Behavior\AppInitialBehavior [ RunTime:0.000460s ]
INFO: [ app_init ] --END-- [ RunTime:0.001242s ]
INFO: [ app_begin ] --START--
INFO: Run Behavior\ReadHtmlCacheBehavior [ RunTime:0.000453s ]
INFO: [ app_begin ] --END-- [ RunTime:0.000831s ]
INFO: [ action_begin ] --START--
SQL: SHOW COLUMNS FROM `gms_hooks` [ RunTime:0.0376s ]
SQL: SELECT `name`,`addons` FROM `gms_hooks`  [ RunTime:0.0371s ]
SQL: SHOW COLUMNS FROM `gms_addons` [ RunTime:0.0383s ]
SQL: SELECT `id`,`name` FROM `gms_addons` WHERE `disabled` = 1 AND `name` IN ('SiteStat')  [ RunTime:0.0357s ]
INFO: Run Common\Behavior\InitHookBehavior [ RunTime:0.339899s ]
INFO: [ action_begin ] --END-- [ RunTime:0.340284s ]
SQL: SHOW COLUMNS FROM `manager_setting` [ RunTime:0.0361s ]
SQL: SELECT * FROM `manager_setting` LIMIT 1   [ RunTime:0.0354s ]
SQL: SHOW COLUMNS FROM `service_group_info` [ RunTime:0.0364s ]
SQL: SELECT * FROM `service_group_info` WHERE `group_id` = 1 LIMIT 1   [ RunTime:0.0405s ]
SQL: SHOW COLUMNS FROM `gms_auth_rule` [ RunTime:0.0365s ]
SQL: SELECT * FROM `gms_auth_rule` WHERE `name` = 'Manager/Track/history' LIMIT 1   [ RunTime:0.0361s ]
SQL: SELECT * FROM `gms_auth_rule` WHERE `name` = 'Manager/RealVideo/videoForOne' LIMIT 1   [ RunTime:0.0362s ]
INFO: [ view_parse ] --START--
INFO: [ template_filter ] --START--
INFO: Run Behavior\ContentReplaceBehavior [ RunTime:0.000282s ]
INFO: [ template_filter ] --END-- [ RunTime:0.000652s ]
SQL: SHOW COLUMNS FROM `gms_user` [ RunTime:0.0367s ]
SQL: SELECT `group_ids` FROM `gms_user` WHERE `id` = 28 LIMIT 1   [ RunTime:0.0357s ]
SQL: SHOW COLUMNS FROM `gms_auth_group` [ RunTime:0.0361s ]
SQL: SELECT `id`,`title`,`rules` FROM `gms_auth_group` WHERE `id` IN ('8') AND `status` = 1  [ RunTime:0.0360s ]
SQL: SHOW COLUMNS FROM `gms_auth_rule` [ RunTime:0.0362s ]
SQL: SELECT `condition`,`name` FROM `gms_auth_rule` WHERE `id` IN ('285','217','266','268','259','257','260','264','329','1','208','210','245','246','247','248','318','320','319','321','317','322','323','324','275','276','277','278','273','279','280','281','287','290','288','289','274','284','282','283','291','292','294','293','299','301','325','327','326','328','300','313','305','312','302','311','309','315','310','298','6','209','242','243','244','57','218','219','272','295','58','59','60','25','28','27','26','17','20','84') AND `type` = 1 AND `status` = 1  [ RunTime:0.0372s ]
INFO: Run Behavior\ParseTemplateBehavior [ RunTime:0.255286s ]
INFO: [ view_parse ] --END-- [ RunTime:0.255668s ]
INFO: [ view_filter ] --START--
INFO: Run Behavior\WriteHtmlCacheBehavior [ RunTime:0.000319s ]
INFO: [ view_filter ] --END-- [ RunTime:0.000713s ]
INFO: [ app_end ] --START--
INFO: Run Behavior\ShowPageTraceBehavior [ RunTime:0.000565s ]
INFO: [ app_end ] --END-- [ RunTime:0.001024s ]

[ 2016-11-11T08:44:04+08:00 ] ::1 /TobaccoGms1/index.php?m=Manager&c=Index&a=index
INFO: [ app_init ] --START--
INFO: Run Behavior\BuildLiteBehavior [ RunTime:0.000089s ]
INFO: Run Manager\Behavior\AppInitialBehavior [ RunTime:0.000484s ]
INFO: [ app_init ] --END-- [ RunTime:0.001304s ]
INFO: [ app_begin ] --START--
INFO: Run Behavior\ReadHtmlCacheBehavior [ RunTime:0.000558s ]
INFO: [ app_begin ] --END-- [ RunTime:0.001011s ]
INFO: [ action_begin ] --START--
SQL: SHOW COLUMNS FROM `gms_hooks` [ RunTime:0.0530s ]
SQL: SELECT `name`,`addons` FROM `gms_hooks`  [ RunTime:0.0491s ]
SQL: SHOW COLUMNS FROM `gms_addons` [ RunTime:0.0571s ]
SQL: SELECT `id`,`name` FROM `gms_addons` WHERE `disabled` = 1 AND `name` IN ('SiteStat')  [ RunTime:0.0472s ]
INFO: Run Common\Behavior\InitHookBehavior [ RunTime:0.411396s ]
INFO: [ action_begin ] --END-- [ RunTime:0.411782s ]
SQL: SHOW COLUMNS FROM `manager_setting` [ RunTime:0.0483s ]
SQL: SELECT * FROM `manager_setting` LIMIT 1   [ RunTime:0.0489s ]
SQL: SHOW COLUMNS FROM `service_group_info` [ RunTime:0.0487s ]
SQL: SELECT * FROM `service_group_info` WHERE `group_id` = 1 LIMIT 1   [ RunTime:0.0485s ]
SQL: SHOW COLUMNS FROM `gms_auth_rule` [ RunTime:0.0486s ]
SQL: SELECT * FROM `gms_auth_rule` WHERE `name` = 'Manager/Track/history' LIMIT 1   [ RunTime:0.0482s ]
SQL: SELECT * FROM `gms_auth_rule` WHERE `name` = 'Manager/RealVideo/videoForOne' LIMIT 1   [ RunTime:0.0504s ]
INFO: [ view_parse ] --START--
INFO: [ template_filter ] --START--
INFO: Run Behavior\ContentReplaceBehavior [ RunTime:0.000291s ]
INFO: [ template_filter ] --END-- [ RunTime:0.000672s ]
SQL: SHOW COLUMNS FROM `gms_user` [ RunTime:0.0486s ]
SQL: SELECT `group_ids` FROM `gms_user` WHERE `id` = 28 LIMIT 1   [ RunTime:0.0479s ]
SQL: SHOW COLUMNS FROM `gms_auth_group` [ RunTime:0.0520s ]
SQL: SELECT `id`,`title`,`rules` FROM `gms_auth_group` WHERE `id` IN ('8') AND `status` = 1  [ RunTime:0.0481s ]
SQL: SHOW COLUMNS FROM `gms_auth_rule` [ RunTime:0.0500s ]
SQL: SELECT `condition`,`name` FROM `gms_auth_rule` WHERE `id` IN ('217','266','268','259','260','257','264','220','254','235','234','233','232','231','230','229','228','227','226','225','224','1','207','212','252','251','250','216','241','240','239','208','210','246','245','247','248','274','284','283','282','206','213','238','237','236','211112','298','6','209','244','242','243','57','295','272','218','219','58','59','60','25','26','27','28','17','20','84') AND `type` = 1 AND `status` = 1  [ RunTime:0.0510s ]
INFO: Run Behavior\ParseTemplateBehavior [ RunTime:0.337950s ]
INFO: [ view_parse ] --END-- [ RunTime:0.338329s ]
INFO: [ view_filter ] --START--
INFO: Run Behavior\WriteHtmlCacheBehavior [ RunTime:0.000311s ]
INFO: [ view_filter ] --END-- [ RunTime:0.000710s ]
INFO: [ app_end ] --START--
INFO: Run Behavior\ShowPageTraceBehavior [ RunTime:0.000622s ]
INFO: [ app_end ] --END-- [ RunTime:0.001177s ]

[ 2016-11-11T10:51:43+08:00 ] ::1 /TobaccoGms1/index.php?m=Manager&c=Index&a=index
INFO: [ app_init ] --START--
INFO: Run Behavior\BuildLiteBehavior [ RunTime:0.000086s ]
INFO: Run Manager\Behavior\AppInitialBehavior [ RunTime:0.000505s ]
INFO: [ app_init ] --END-- [ RunTime:0.001297s ]
INFO: [ app_begin ] --START--
INFO: Run Behavior\ReadHtmlCacheBehavior [ RunTime:0.000508s ]
INFO: [ app_begin ] --END-- [ RunTime:0.000940s ]
INFO: [ action_begin ] --START--
SQL: SHOW COLUMNS FROM `gms_hooks` [ RunTime:0.0480s ]
SQL: SELECT `name`,`addons` FROM `gms_hooks`  [ RunTime:0.0454s ]
SQL: SHOW COLUMNS FROM `gms_addons` [ RunTime:0.0469s ]
SQL: SELECT `id`,`name` FROM `gms_addons` WHERE `disabled` = 1 AND `name` IN ('SiteStat')  [ RunTime:0.0460s ]
INFO: Run Common\Behavior\InitHookBehavior [ RunTime:0.356117s ]
INFO: [ action_begin ] --END-- [ RunTime:0.356672s ]
SQL: SHOW COLUMNS FROM `manager_setting` [ RunTime:0.0466s ]
SQL: SELECT * FROM `manager_setting` LIMIT 1   [ RunTime:0.0484s ]
SQL: SHOW COLUMNS FROM `service_group_info` [ RunTime:0.0470s ]
SQL: SELECT * FROM `service_group_info` WHERE `group_id` = 1 LIMIT 1   [ RunTime:0.0467s ]
SQL: SHOW COLUMNS FROM `gms_auth_rule` [ RunTime:0.0461s ]
SQL: SELECT * FROM `gms_auth_rule` WHERE `name` = 'Manager/Track/history' LIMIT 1   [ RunTime:0.0445s ]
SQL: SELECT * FROM `gms_auth_rule` WHERE `name` = 'Manager/RealVideo/videoForOne' LIMIT 1   [ RunTime:0.0459s ]
INFO: [ view_parse ] --START--
INFO: [ template_filter ] --START--
INFO: Run Behavior\ContentReplaceBehavior [ RunTime:0.000316s ]
INFO: [ template_filter ] --END-- [ RunTime:0.000740s ]
SQL: SHOW COLUMNS FROM `gms_user` [ RunTime:0.0464s ]
SQL: SELECT `group_ids` FROM `gms_user` WHERE `id` = 28 LIMIT 1   [ RunTime:0.0448s ]
SQL: SHOW COLUMNS FROM `gms_auth_group` [ RunTime:0.0510s ]
SQL: SELECT `id`,`title`,`rules` FROM `gms_auth_group` WHERE `id` IN ('8') AND `status` = 1  [ RunTime:0.0456s ]
SQL: SHOW COLUMNS FROM `gms_auth_rule` [ RunTime:0.0484s ]
SQL: SELECT `condition`,`name` FROM `gms_auth_rule` WHERE `id` IN ('217','266','268','259','260','257','264','220','254','235','234','233','232','231','230','229','228','227','226','225','224','1','207','212','252','251','250','216','241','240','239','208','210','246','245','247','248','274','284','283','282','206','213','238','237','236','211112','298','6','209','244','242','243','57','295','272','218','219','58','59','60','25','26','27','28','17','20','84') AND `type` = 1 AND `status` = 1  [ RunTime:0.0474s ]
INFO: Run Behavior\ParseTemplateBehavior [ RunTime:0.342619s ]
INFO: [ view_parse ] --END-- [ RunTime:0.343099s ]
INFO: [ view_filter ] --START--
INFO: Run Behavior\WriteHtmlCacheBehavior [ RunTime:0.000308s ]
INFO: [ view_filter ] --END-- [ RunTime:0.000667s ]
INFO: [ app_end ] --START--
INFO: Run Behavior\ShowPageTraceBehavior [ RunTime:0.037417s ]
INFO: [ app_end ] --END-- [ RunTime:0.037891s ]

[ 2016-11-11T11:17:20+08:00 ] ::1 /TobaccoGms1/index.php?m=Manager&c=Index&a=index
INFO: [ app_init ] --START--
INFO: Run Behavior\BuildLiteBehavior [ RunTime:0.000129s ]
INFO: Run Manager\Behavior\AppInitialBehavior [ RunTime:0.000750s ]
INFO: [ app_init ] --END-- [ RunTime:0.001926s ]
INFO: [ app_begin ] --START--
INFO: Run Behavior\ReadHtmlCacheBehavior [ RunTime:0.000587s ]
INFO: [ app_begin ] --END-- [ RunTime:0.000986s ]
INFO: [ action_begin ] --START--
SQL: SHOW COLUMNS FROM `gms_hooks` [ RunTime:0.0313s ]
SQL: SELECT `name`,`addons` FROM `gms_hooks`  [ RunTime:0.0266s ]
SQL: SHOW COLUMNS FROM `gms_addons` [ RunTime:0.0275s ]
SQL: SELECT `id`,`name` FROM `gms_addons` WHERE `disabled` = 1 AND `name` IN ('SiteStat')  [ RunTime:0.0270s ]
INFO: Run Common\Behavior\InitHookBehavior [ RunTime:0.243763s ]
INFO: [ action_begin ] --END-- [ RunTime:0.244199s ]
SQL: SHOW COLUMNS FROM `manager_setting` [ RunTime:0.0269s ]
SQL: SELECT * FROM `manager_setting` LIMIT 1   [ RunTime:0.0265s ]
SQL: SHOW COLUMNS FROM `service_group_info` [ RunTime:0.0286s ]
SQL: SELECT * FROM `service_group_info` WHERE `group_id` = 1 LIMIT 1   [ RunTime:0.0273s ]
SQL: SHOW COLUMNS FROM `gms_auth_rule` [ RunTime:0.0272s ]
SQL: SELECT * FROM `gms_auth_rule` WHERE `name` = 'Manager/Track/history' LIMIT 1   [ RunTime:0.0275s ]
SQL: SELECT * FROM `gms_auth_rule` WHERE `name` = 'Manager/RealVideo/videoForOne' LIMIT 1   [ RunTime:0.0267s ]
INFO: [ view_parse ] --START--
INFO: [ template_filter ] --START--
INFO: Run Behavior\ContentReplaceBehavior [ RunTime:0.000369s ]
INFO: [ template_filter ] --END-- [ RunTime:0.000757s ]
SQL: SHOW COLUMNS FROM `gms_user` [ RunTime:0.0276s ]
SQL: SELECT `group_ids` FROM `gms_user` WHERE `id` = 28 LIMIT 1   [ RunTime:0.0279s ]
SQL: SHOW COLUMNS FROM `gms_auth_group` [ RunTime:0.0301s ]
SQL: SELECT `id`,`title`,`rules` FROM `gms_auth_group` WHERE `id` IN ('8') AND `status` = 1  [ RunTime:0.0275s ]
SQL: SHOW COLUMNS FROM `gms_auth_rule` [ RunTime:0.0317s ]
SQL: SELECT `condition`,`name` FROM `gms_auth_rule` WHERE `id` IN ('217','266','268','259','260','257','264','220','254','235','234','233','232','231','230','229','228','227','226','225','224','1','207','212','252','251','250','216','241','240','239','208','210','246','245','247','248','274','284','283','282','206','213','238','237','236','211112','298','6','209','244','242','243','57','295','272','218','219','58','59','60','25','26','27','28','17','20','84') AND `type` = 1 AND `status` = 1  [ RunTime:0.0332s ]
INFO: Run Behavior\ParseTemplateBehavior [ RunTime:0.219461s ]
INFO: [ view_parse ] --END-- [ RunTime:0.219907s ]
INFO: [ view_filter ] --START--
INFO: Run Behavior\WriteHtmlCacheBehavior [ RunTime:0.000350s ]
INFO: [ view_filter ] --END-- [ RunTime:0.000766s ]
INFO: [ app_end ] --START--
INFO: Run Behavior\ShowPageTraceBehavior [ RunTime:0.000700s ]
INFO: [ app_end ] --END-- [ RunTime:0.001153s ]

[ 2016-11-11T11:17:50+08:00 ] ::1 /TobaccoGms1/index.php?m=Manager&c=Index&a=index
INFO: [ app_init ] --START--
INFO: Run Behavior\BuildLiteBehavior [ RunTime:0.000073s ]
INFO: Run Manager\Behavior\AppInitialBehavior [ RunTime:0.000419s ]
INFO: [ app_init ] --END-- [ RunTime:0.001060s ]
INFO: [ app_begin ] --START--
INFO: Run Behavior\ReadHtmlCacheBehavior [ RunTime:0.000502s ]
INFO: [ app_begin ] --END-- [ RunTime:0.000935s ]
INFO: [ action_begin ] --START--
SQL: SHOW COLUMNS FROM `gms_hooks` [ RunTime:0.0322s ]
SQL: SELECT `name`,`addons` FROM `gms_hooks`  [ RunTime:0.0291s ]
SQL: SHOW COLUMNS FROM `gms_addons` [ RunTime:0.0301s ]
SQL: SELECT `id`,`name` FROM `gms_addons` WHERE `disabled` = 1 AND `name` IN ('SiteStat')  [ RunTime:0.0271s ]
INFO: Run Common\Behavior\InitHookBehavior [ RunTime:0.263402s ]
INFO: [ action_begin ] --END-- [ RunTime:0.263828s ]
SQL: SHOW COLUMNS FROM `manager_setting` [ RunTime:0.0273s ]
SQL: SELECT * FROM `manager_setting` LIMIT 1   [ RunTime:0.0270s ]
SQL: SHOW COLUMNS FROM `service_group_info` [ RunTime:0.0281s ]
SQL: SELECT * FROM `service_group_info` WHERE `group_id` = 1 LIMIT 1   [ RunTime:0.0266s ]
SQL: SHOW COLUMNS FROM `gms_auth_rule` [ RunTime:0.0277s ]
SQL: SELECT * FROM `gms_auth_rule` WHERE `name` = 'Manager/Track/history' LIMIT 1   [ RunTime:0.0266s ]
SQL: SELECT * FROM `gms_auth_rule` WHERE `name` = 'Manager/RealVideo/videoForOne' LIMIT 1   [ RunTime:0.0268s ]
INFO: [ view_parse ] --START--
INFO: [ template_filter ] --START--
INFO: Run Behavior\ContentReplaceBehavior [ RunTime:0.000327s ]
INFO: [ template_filter ] --END-- [ RunTime:0.000708s ]
SQL: SHOW COLUMNS FROM `gms_user` [ RunTime:0.0272s ]
SQL: SELECT `group_ids` FROM `gms_user` WHERE `id` = 28 LIMIT 1   [ RunTime:0.0274s ]
SQL: SHOW COLUMNS FROM `gms_auth_group` [ RunTime:0.0266s ]
SQL: SELECT `id`,`title`,`rules` FROM `gms_auth_group` WHERE `id` IN ('8') AND `status` = 1  [ RunTime:0.0264s ]
SQL: SHOW COLUMNS FROM `gms_auth_rule` [ RunTime:0.0291s ]
SQL: SELECT `condition`,`name` FROM `gms_auth_rule` WHERE `id` IN ('217','266','268','259','260','257','264','220','254','235','234','233','232','231','230','229','228','227','226','225','224','1','207','212','252','251','250','216','241','240','239','208','210','246','245','247','248','274','284','283','282','206','213','238','237','236','211112','298','6','209','244','242','243','57','295','272','218','219','58','59','60','25','26','27','28','17','20','84') AND `type` = 1 AND `status` = 1  [ RunTime:0.0306s ]
INFO: Run Behavior\ParseTemplateBehavior [ RunTime:0.207361s ]
INFO: [ view_parse ] --END-- [ RunTime:0.207776s ]
INFO: [ view_filter ] --START--
INFO: Run Behavior\WriteHtmlCacheBehavior [ RunTime:0.000317s ]
INFO: [ view_filter ] --END-- [ RunTime:0.000678s ]
INFO: [ app_end ] --START--
INFO: Run Behavior\ShowPageTraceBehavior [ RunTime:0.000629s ]
INFO: [ app_end ] --END-- [ RunTime:0.001080s ]

[ 2016-11-11T11:18:03+08:00 ] ::1 /TobaccoGms1/index.php?m=Manager&c=Index&a=index
INFO: [ app_init ] --START--
INFO: Run Behavior\BuildLiteBehavior [ RunTime:0.000072s ]
INFO: Run Manager\Behavior\AppInitialBehavior [ RunTime:0.000390s ]
INFO: [ app_init ] --END-- [ RunTime:0.001021s ]
INFO: [ app_begin ] --START--
INFO: Run Behavior\ReadHtmlCacheBehavior [ RunTime:0.000568s ]
INFO: [ app_begin ] --END-- [ RunTime:0.001115s ]
INFO: [ action_begin ] --START--
SQL: SHOW COLUMNS FROM `gms_hooks` [ RunTime:0.0371s ]
SQL: SELECT `name`,`addons` FROM `gms_hooks`  [ RunTime:0.0353s ]
SQL: SHOW COLUMNS FROM `gms_addons` [ RunTime:0.0375s ]
SQL: SELECT `id`,`name` FROM `gms_addons` WHERE `disabled` = 1 AND `name` IN ('SiteStat')  [ RunTime:0.0351s ]
INFO: Run Common\Behavior\InitHookBehavior [ RunTime:0.294508s ]
INFO: [ action_begin ] --END-- [ RunTime:0.294913s ]
SQL: SHOW COLUMNS FROM `manager_setting` [ RunTime:0.0362s ]
SQL: SELECT * FROM `manager_setting` LIMIT 1   [ RunTime:0.0366s ]
SQL: SHOW COLUMNS FROM `service_group_info` [ RunTime:0.0368s ]
SQL: SELECT * FROM `service_group_info` WHERE `group_id` = 1 LIMIT 1   [ RunTime:0.0359s ]
SQL: SHOW COLUMNS FROM `gms_auth_rule` [ RunTime:0.0332s ]
SQL: SELECT * FROM `gms_auth_rule` WHERE `name` = 'Manager/Track/history' LIMIT 1   [ RunTime:0.0314s ]
SQL: SELECT * FROM `gms_auth_rule` WHERE `name` = 'Manager/RealVideo/videoForOne' LIMIT 1   [ RunTime:0.0319s ]
INFO: [ view_parse ] --START--
INFO: [ template_filter ] --START--
INFO: Run Behavior\ContentReplaceBehavior [ RunTime:0.000282s ]
INFO: [ template_filter ] --END-- [ RunTime:0.000649s ]
SQL: SHOW COLUMNS FROM `gms_user` [ RunTime:0.0351s ]
SQL: SELECT `group_ids` FROM `gms_user` WHERE `id` = 28 LIMIT 1   [ RunTime:0.0313s ]
SQL: SHOW COLUMNS FROM `gms_auth_group` [ RunTime:0.0296s ]
SQL: SELECT `id`,`title`,`rules` FROM `gms_auth_group` WHERE `id` IN ('8') AND `status` = 1  [ RunTime:0.0294s ]
SQL: SHOW COLUMNS FROM `gms_auth_rule` [ RunTime:0.0291s ]
SQL: SELECT `condition`,`name` FROM `gms_auth_rule` WHERE `id` IN ('217','266','268','259','260','257','264','220','254','235','234','233','232','231','230','229','228','227','226','225','224','1','207','212','252','251','250','216','241','240','239','208','210','246','245','247','248','274','284','283','282','206','213','238','237','236','211112','298','6','209','244','242','243','57','295','272','218','219','58','59','60','25','26','27','28','17','20','84') AND `type` = 1 AND `status` = 1  [ RunTime:0.0321s ]
INFO: Run Behavior\ParseTemplateBehavior [ RunTime:0.227321s ]
INFO: [ view_parse ] --END-- [ RunTime:0.227703s ]
INFO: [ view_filter ] --START--
INFO: Run Behavior\WriteHtmlCacheBehavior [ RunTime:0.000307s ]
INFO: [ view_filter ] --END-- [ RunTime:0.000682s ]
INFO: [ app_end ] --START--
INFO: Run Behavior\ShowPageTraceBehavior [ RunTime:0.000616s ]
INFO: [ app_end ] --END-- [ RunTime:0.001102s ]

[ 2016-11-11T11:48:41+08:00 ] ::1 /TobaccoGms1/index.php?m=Manager&c=Index&a=index
INFO: [ app_init ] --START--
INFO: Run Behavior\BuildLiteBehavior [ RunTime:0.000147s ]
INFO: Run Manager\Behavior\AppInitialBehavior [ RunTime:0.000472s ]
INFO: [ app_init ] --END-- [ RunTime:0.001301s ]
INFO: [ app_begin ] --START--
INFO: Run Behavior\ReadHtmlCacheBehavior [ RunTime:0.000810s ]
INFO: [ app_begin ] --END-- [ RunTime:0.001227s ]
INFO: [ action_begin ] --START--
SQL: SHOW COLUMNS FROM `gms_hooks` [ RunTime:0.0268s ]
SQL: SELECT `name`,`addons` FROM `gms_hooks`  [ RunTime:0.0255s ]
SQL: SHOW COLUMNS FROM `gms_addons` [ RunTime:0.0273s ]
SQL: SELECT `id`,`name` FROM `gms_addons` WHERE `disabled` = 1 AND `name` IN ('SiteStat')  [ RunTime:0.0268s ]
INFO: Run Common\Behavior\InitHookBehavior [ RunTime:0.233218s ]
INFO: [ action_begin ] --END-- [ RunTime:0.233828s ]
SQL: SHOW COLUMNS FROM `manager_setting` [ RunTime:0.0267s ]
SQL: SELECT * FROM `manager_setting` LIMIT 1   [ RunTime:0.0264s ]
SQL: SHOW COLUMNS FROM `service_group_info` [ RunTime:0.0355s ]
SQL: SELECT * FROM `service_group_info` WHERE `group_id` = 1 LIMIT 1   [ RunTime:0.0303s ]
SQL: SHOW COLUMNS FROM `gms_auth_rule` [ RunTime:0.0270s ]
SQL: SELECT * FROM `gms_auth_rule` WHERE `name` = 'Manager/Track/history' LIMIT 1   [ RunTime:0.0275s ]
SQL: SELECT * FROM `gms_auth_rule` WHERE `name` = 'Manager/RealVideo/videoForOne' LIMIT 1   [ RunTime:0.0281s ]
INFO: [ view_parse ] --START--
INFO: [ template_filter ] --START--
INFO: Run Behavior\ContentReplaceBehavior [ RunTime:0.000319s ]
INFO: [ template_filter ] --END-- [ RunTime:0.000691s ]
SQL: SHOW COLUMNS FROM `gms_user` [ RunTime:0.0286s ]
SQL: SELECT `group_ids` FROM `gms_user` WHERE `id` = 28 LIMIT 1   [ RunTime:0.0262s ]
SQL: SHOW COLUMNS FROM `gms_auth_group` [ RunTime:0.0272s ]
SQL: SELECT `id`,`title`,`rules` FROM `gms_auth_group` WHERE `id` IN ('8') AND `status` = 1  [ RunTime:0.0266s ]
SQL: SHOW COLUMNS FROM `gms_auth_rule` [ RunTime:0.0283s ]
SQL: SELECT `condition`,`name` FROM `gms_auth_rule` WHERE `id` IN ('217','266','268','259','260','257','264','220','254','235','234','233','232','231','230','229','228','227','226','225','224','1','207','212','252','251','250','216','241','240','239','208','210','246','245','247','248','274','284','283','282','206','213','238','237','236','211112','298','6','209','244','242','243','57','295','272','218','219','58','59','60','25','26','27','28','17','20','84') AND `type` = 1 AND `status` = 1  [ RunTime:0.0295s ]
INFO: Run Behavior\ParseTemplateBehavior [ RunTime:0.208203s ]
INFO: [ view_parse ] --END-- [ RunTime:0.208736s ]
INFO: [ view_filter ] --START--
INFO: Run Behavior\WriteHtmlCacheBehavior [ RunTime:0.000377s ]
INFO: [ view_filter ] --END-- [ RunTime:0.000828s ]
INFO: [ app_end ] --START--
INFO: Run Behavior\ShowPageTraceBehavior [ RunTime:0.000679s ]
INFO: [ app_end ] --END-- [ RunTime:0.001223s ]

[ 2016-11-11T14:46:02+08:00 ] ::1 /TobaccoGms1/index.php?m=Manager&c=Index&a=index
INFO: [ app_init ] --START--
INFO: Run Behavior\BuildLiteBehavior [ RunTime:0.000072s ]
INFO: Run Manager\Behavior\AppInitialBehavior [ RunTime:0.000418s ]
INFO: [ app_init ] --END-- [ RunTime:0.001066s ]
INFO: [ app_begin ] --START--
INFO: Run Behavior\ReadHtmlCacheBehavior [ RunTime:0.000499s ]
INFO: [ app_begin ] --END-- [ RunTime:0.000889s ]
INFO: [ action_begin ] --START--
SQL: SHOW COLUMNS FROM `gms_hooks` [ RunTime:0.0279s ]
SQL: SELECT `name`,`addons` FROM `gms_hooks`  [ RunTime:0.0264s ]
SQL: SHOW COLUMNS FROM `gms_addons` [ RunTime:0.0275s ]
SQL: SELECT `id`,`name` FROM `gms_addons` WHERE `disabled` = 1 AND `name` IN ('SiteStat')  [ RunTime:0.0280s ]
INFO: Run Common\Behavior\InitHookBehavior [ RunTime:0.231201s ]
INFO: [ action_begin ] --END-- [ RunTime:0.231611s ]
SQL: SHOW COLUMNS FROM `manager_setting` [ RunTime:0.0268s ]
SQL: SELECT * FROM `manager_setting` LIMIT 1   [ RunTime:0.0260s ]
SQL: SHOW COLUMNS FROM `service_group_info` [ RunTime:0.0270s ]
SQL: SELECT * FROM `service_group_info` WHERE `group_id` = 1 LIMIT 1   [ RunTime:0.0268s ]
SQL: SHOW COLUMNS FROM `gms_auth_rule` [ RunTime:0.0299s ]
SQL: SELECT * FROM `gms_auth_rule` WHERE `name` = 'Manager/Track/history' LIMIT 1   [ RunTime:0.0266s ]
SQL: SELECT * FROM `gms_auth_rule` WHERE `name` = 'Manager/RealVideo/videoForOne' LIMIT 1   [ RunTime:0.0266s ]
INFO: [ view_parse ] --START--
INFO: [ template_filter ] --START--
INFO: Run Behavior\ContentReplaceBehavior [ RunTime:0.000293s ]
INFO: [ template_filter ] --END-- [ RunTime:0.000671s ]
SQL: SHOW COLUMNS FROM `gms_user` [ RunTime:0.0270s ]
SQL: SELECT `group_ids` FROM `gms_user` WHERE `id` = 28 LIMIT 1   [ RunTime:0.0260s ]
SQL: SHOW COLUMNS FROM `gms_auth_group` [ RunTime:0.0265s ]
SQL: SELECT `id`,`title`,`rules` FROM `gms_auth_group` WHERE `id` IN ('8') AND `status` = 1  [ RunTime:0.0262s ]
SQL: SHOW COLUMNS FROM `gms_auth_rule` [ RunTime:0.0310s ]
SQL: SELECT `condition`,`name` FROM `gms_auth_rule` WHERE `id` IN ('217','266','268','259','260','257','264','220','254','235','234','233','232','231','230','229','228','227','226','225','224','1','207','212','252','251','250','216','241','240','239','208','210','246','245','247','248','274','284','283','282','206','213','238','237','236','211112','298','6','209','244','242','243','57','295','272','218','219','58','59','60','25','26','27','28','17','20','84') AND `type` = 1 AND `status` = 1  [ RunTime:0.0271s ]
INFO: Run Behavior\ParseTemplateBehavior [ RunTime:0.222395s ]
INFO: [ view_parse ] --END-- [ RunTime:0.222798s ]
INFO: [ view_filter ] --START--
INFO: Run Behavior\WriteHtmlCacheBehavior [ RunTime:0.000306s ]
INFO: [ view_filter ] --END-- [ RunTime:0.000665s ]
INFO: [ app_end ] --START--
INFO: Run Behavior\ShowPageTraceBehavior [ RunTime:0.000603s ]
INFO: [ app_end ] --END-- [ RunTime:0.001074s ]

[ 2016-11-11T14:46:34+08:00 ] ::1 /TobaccoGms1/index.php?m=Manager&c=Index&a=index
INFO: [ app_init ] --START--
INFO: Run Behavior\BuildLiteBehavior [ RunTime:0.000073s ]
INFO: Run Manager\Behavior\AppInitialBehavior [ RunTime:0.000431s ]
INFO: [ app_init ] --END-- [ RunTime:0.001084s ]
INFO: [ app_begin ] --START--
INFO: Run Behavior\ReadHtmlCacheBehavior [ RunTime:0.000487s ]
INFO: [ app_begin ] --END-- [ RunTime:0.000874s ]
INFO: [ action_begin ] --START--
SQL: SHOW COLUMNS FROM `gms_hooks` [ RunTime:0.0266s ]
SQL: SELECT `name`,`addons` FROM `gms_hooks`  [ RunTime:0.0265s ]
SQL: SHOW COLUMNS FROM `gms_addons` [ RunTime:0.0272s ]
SQL: SELECT `id`,`name` FROM `gms_addons` WHERE `disabled` = 1 AND `name` IN ('SiteStat')  [ RunTime:0.0273s ]
INFO: Run Common\Behavior\InitHookBehavior [ RunTime:0.231779s ]
INFO: [ action_begin ] --END-- [ RunTime:0.232218s ]
SQL: SHOW COLUMNS FROM `manager_setting` [ RunTime:0.0300s ]
SQL: SELECT * FROM `manager_setting` LIMIT 1   [ RunTime:0.0322s ]
SQL: SHOW COLUMNS FROM `service_group_info` [ RunTime:0.0279s ]
SQL: SELECT * FROM `service_group_info` WHERE `group_id` = 1 LIMIT 1   [ RunTime:0.0261s ]
SQL: SHOW COLUMNS FROM `gms_auth_rule` [ RunTime:0.0282s ]
SQL: SELECT * FROM `gms_auth_rule` WHERE `name` = 'Manager/Track/history' LIMIT 1   [ RunTime:0.0266s ]
SQL: SELECT * FROM `gms_auth_rule` WHERE `name` = 'Manager/RealVideo/videoForOne' LIMIT 1   [ RunTime:0.0269s ]
INFO: [ view_parse ] --START--
INFO: [ template_filter ] --START--
INFO: Run Behavior\ContentReplaceBehavior [ RunTime:0.000327s ]
INFO: [ template_filter ] --END-- [ RunTime:0.000706s ]
SQL: SHOW COLUMNS FROM `gms_user` [ RunTime:0.0271s ]
SQL: SELECT `group_ids` FROM `gms_user` WHERE `id` = 28 LIMIT 1   [ RunTime:0.0266s ]
SQL: SHOW COLUMNS FROM `gms_auth_group` [ RunTime:0.0269s ]
SQL: SELECT `id`,`title`,`rules` FROM `gms_auth_group` WHERE `id` IN ('8') AND `status` = 1  [ RunTime:0.0265s ]
SQL: SHOW COLUMNS FROM `gms_auth_rule` [ RunTime:0.0279s ]
SQL: SELECT `condition`,`name` FROM `gms_auth_rule` WHERE `id` IN ('217','266','268','259','260','257','264','220','254','235','234','233','232','231','230','229','228','227','226','225','224','1','207','212','252','251','250','216','241','240','239','208','210','246','245','247','248','274','284','283','282','206','213','238','237','236','211112','298','6','209','244','242','243','57','295','272','218','219','58','59','60','25','26','27','28','17','20','84') AND `type` = 1 AND `status` = 1  [ RunTime:0.0291s ]
INFO: Run Behavior\ParseTemplateBehavior [ RunTime:0.204720s ]
INFO: [ view_parse ] --END-- [ RunTime:0.205104s ]
INFO: [ view_filter ] --START--
INFO: Run Behavior\WriteHtmlCacheBehavior [ RunTime:0.000319s ]
INFO: [ view_filter ] --END-- [ RunTime:0.000685s ]
INFO: [ app_end ] --START--
INFO: Run Behavior\ShowPageTraceBehavior [ RunTime:0.000617s ]
INFO: [ app_end ] --END-- [ RunTime:0.001040s ]

[ 2016-11-11T14:47:04+08:00 ] ::1 /TobaccoGms1/index.php?m=Manager&c=Index&a=index
INFO: [ app_init ] --START--
INFO: Run Behavior\BuildLiteBehavior [ RunTime:0.000071s ]
INFO: Run Manager\Behavior\AppInitialBehavior [ RunTime:0.000384s ]
INFO: [ app_init ] --END-- [ RunTime:0.001020s ]
INFO: [ app_begin ] --START--
INFO: Run Behavior\ReadHtmlCacheBehavior [ RunTime:0.000437s ]
INFO: [ app_begin ] --END-- [ RunTime:0.000821s ]
INFO: [ action_begin ] --START--
SQL: SHOW COLUMNS FROM `gms_hooks` [ RunTime:0.0278s ]
SQL: SELECT `name`,`addons` FROM `gms_hooks`  [ RunTime:0.0260s ]
SQL: SHOW COLUMNS FROM `gms_addons` [ RunTime:0.0273s ]
SQL: SELECT `id`,`name` FROM `gms_addons` WHERE `disabled` = 1 AND `name` IN ('SiteStat')  [ RunTime:0.0263s ]
INFO: Run Common\Behavior\InitHookBehavior [ RunTime:0.227657s ]
INFO: [ action_begin ] --END-- [ RunTime:0.228272s ]
SQL: SHOW COLUMNS FROM `manager_setting` [ RunTime:0.0268s ]
SQL: SELECT * FROM `manager_setting` LIMIT 1   [ RunTime:0.0261s ]
SQL: SHOW COLUMNS FROM `service_group_info` [ RunTime:0.0267s ]
SQL: SELECT * FROM `service_group_info` WHERE `group_id` = 1 LIMIT 1   [ RunTime:0.0259s ]
SQL: SHOW COLUMNS FROM `gms_auth_rule` [ RunTime:0.0275s ]
SQL: SELECT * FROM `gms_auth_rule` WHERE `name` = 'Manager/Track/history' LIMIT 1   [ RunTime:0.0280s ]
SQL: SELECT * FROM `gms_auth_rule` WHERE `name` = 'Manager/RealVideo/videoForOne' LIMIT 1   [ RunTime:0.0262s ]
INFO: [ view_parse ] --START--
INFO: [ template_filter ] --START--
INFO: Run Behavior\ContentReplaceBehavior [ RunTime:0.000304s ]
INFO: [ template_filter ] --END-- [ RunTime:0.000679s ]
SQL: SHOW COLUMNS FROM `gms_user` [ RunTime:0.0269s ]
SQL: SELECT `group_ids` FROM `gms_user` WHERE `id` = 28 LIMIT 1   [ RunTime:0.0264s ]
SQL: SHOW COLUMNS FROM `gms_auth_group` [ RunTime:0.0268s ]
SQL: SELECT `id`,`title`,`rules` FROM `gms_auth_group` WHERE `id` IN ('8') AND `status` = 1  [ RunTime:0.0264s ]
SQL: SHOW COLUMNS FROM `gms_auth_rule` [ RunTime:0.0267s ]
SQL: SELECT `condition`,`name` FROM `gms_auth_rule` WHERE `id` IN ('217','266','268','259','260','257','264','220','254','235','234','233','232','231','230','229','228','227','226','225','224','1','207','212','252','251','250','216','241','240','239','208','210','246','245','247','248','274','284','283','282','206','213','238','237','236','211112','298','6','209','244','242','243','57','295','272','218','219','58','59','60','25','26','27','28','17','20','84') AND `type` = 1 AND `status` = 1  [ RunTime:0.0317s ]
INFO: Run Behavior\ParseTemplateBehavior [ RunTime:0.207918s ]
INFO: [ view_parse ] --END-- [ RunTime:0.208343s ]
INFO: [ view_filter ] --START--
INFO: Run Behavior\WriteHtmlCacheBehavior [ RunTime:0.000311s ]
INFO: [ view_filter ] --END-- [ RunTime:0.000675s ]
INFO: [ app_end ] --START--
INFO: Run Behavior\ShowPageTraceBehavior [ RunTime:0.000572s ]
INFO: [ app_end ] --END-- [ RunTime:0.001136s ]

[ 2016-11-11T16:06:48+08:00 ] ::1 /TobaccoGms1/index.php?m=Manager&c=Index&a=index
INFO: [ app_init ] --START--
INFO: Run Behavior\BuildLiteBehavior [ RunTime:0.000084s ]
INFO: Run Manager\Behavior\AppInitialBehavior [ RunTime:0.000726s ]
INFO: [ app_init ] --END-- [ RunTime:0.001570s ]
INFO: [ app_begin ] --START--
INFO: Run Behavior\ReadHtmlCacheBehavior [ RunTime:0.000509s ]
INFO: [ app_begin ] --END-- [ RunTime:0.000897s ]
INFO: [ action_begin ] --START--
SQL: SHOW COLUMNS FROM `gms_hooks` [ RunTime:0.0276s ]
SQL: SELECT `name`,`addons` FROM `gms_hooks`  [ RunTime:0.0291s ]
SQL: SHOW COLUMNS FROM `gms_addons` [ RunTime:0.0274s ]
SQL: SELECT `id`,`name` FROM `gms_addons` WHERE `disabled` = 1 AND `name` IN ('SiteStat')  [ RunTime:0.0262s ]
INFO: Run Common\Behavior\InitHookBehavior [ RunTime:0.235490s ]
INFO: [ action_begin ] --END-- [ RunTime:0.236081s ]
SQL: SHOW COLUMNS FROM `manager_setting` [ RunTime:0.0279s ]
SQL: SELECT * FROM `manager_setting` LIMIT 1   [ RunTime:0.0343s ]
SQL: SHOW COLUMNS FROM `service_group_info` [ RunTime:0.0271s ]
SQL: SELECT * FROM `service_group_info` WHERE `group_id` = 1 LIMIT 1   [ RunTime:0.0286s ]
NOTIC: [8] Undefined index: latlng /Applications/XAMPP/xamppfiles/htdocs/TobaccoGms1/App/Manager/Controller/ManagerCoreController.class.php 第 38 行.
SQL: SHOW COLUMNS FROM `gms_auth_rule` [ RunTime:0.0302s ]
SQL: SELECT * FROM `gms_auth_rule` WHERE `name` = 'Manager/Track/history' LIMIT 1   [ RunTime:0.0306s ]
SQL: SELECT * FROM `gms_auth_rule` WHERE `name` = 'Manager/RealVideo/videoForOne' LIMIT 1   [ RunTime:0.0287s ]
INFO: [ view_parse ] --START--
INFO: [ template_filter ] --START--
INFO: Run Behavior\ContentReplaceBehavior [ RunTime:0.000278s ]
INFO: [ template_filter ] --END-- [ RunTime:0.000648s ]
SQL: SHOW COLUMNS FROM `gms_user` [ RunTime:0.0274s ]
SQL: SELECT `group_ids` FROM `gms_user` WHERE `id` = 28 LIMIT 1   [ RunTime:0.0261s ]
SQL: SHOW COLUMNS FROM `gms_auth_group` [ RunTime:0.0270s ]
SQL: SELECT `id`,`title`,`rules` FROM `gms_auth_group` WHERE `id` IN ('8') AND `status` = 1  [ RunTime:0.0264s ]
SQL: SHOW COLUMNS FROM `gms_auth_rule` [ RunTime:0.0273s ]
SQL: SELECT `condition`,`name` FROM `gms_auth_rule` WHERE `id` IN ('217','266','268','259','260','257','264','220','254','235','234','233','232','231','230','229','228','227','226','225','224','1','207','212','252','251','250','216','241','240','239','208','210','246','245','247','248','274','284','283','282','206','213','238','237','236','211112','298','6','209','244','242','243','57','295','272','218','219','58','59','60','25','26','27','28','17','20','84') AND `type` = 1 AND `status` = 1  [ RunTime:0.0342s ]
INFO: Run Behavior\ParseTemplateBehavior [ RunTime:0.272074s ]
INFO: [ view_parse ] --END-- [ RunTime:0.272471s ]
INFO: [ view_filter ] --START--
INFO: Run Behavior\WriteHtmlCacheBehavior [ RunTime:0.000308s ]
INFO: [ view_filter ] --END-- [ RunTime:0.000657s ]
INFO: [ app_end ] --START--
INFO: Run Behavior\ShowPageTraceBehavior [ RunTime:0.000472s ]
INFO: [ app_end ] --END-- [ RunTime:0.000834s ]

[ 2016-11-11T16:13:58+08:00 ] ::1 /TobaccoGms1/index.php?m=Manager&c=Index&a=index
INFO: [ app_init ] --START--
INFO: Run Behavior\BuildLiteBehavior [ RunTime:0.000120s ]
INFO: Run Manager\Behavior\AppInitialBehavior [ RunTime:0.000428s ]
INFO: [ app_init ] --END-- [ RunTime:0.001161s ]
INFO: [ app_begin ] --START--
INFO: Run Behavior\ReadHtmlCacheBehavior [ RunTime:0.000896s ]
INFO: [ app_begin ] --END-- [ RunTime:0.001429s ]
INFO: [ action_begin ] --START--
SQL: SHOW COLUMNS FROM `gms_hooks` [ RunTime:0.0276s ]
SQL: SELECT `name`,`addons` FROM `gms_hooks`  [ RunTime:0.0278s ]
SQL: SHOW COLUMNS FROM `gms_addons` [ RunTime:0.0295s ]
SQL: SELECT `id`,`name` FROM `gms_addons` WHERE `disabled` = 1 AND `name` IN ('SiteStat')  [ RunTime:0.0260s ]
INFO: Run Common\Behavior\InitHookBehavior [ RunTime:0.235894s ]
INFO: [ action_begin ] --END-- [ RunTime:0.236419s ]
SQL: SHOW COLUMNS FROM `manager_setting` [ RunTime:0.0269s ]
SQL: SELECT * FROM `manager_setting` LIMIT 1   [ RunTime:0.0271s ]
SQL: SHOW COLUMNS FROM `service_group_info` [ RunTime:0.0270s ]
SQL: SELECT * FROM `service_group_info` WHERE `group_id` = 1 LIMIT 1   [ RunTime:0.0263s ]
NOTIC: [8] Undefined index: latlng /Applications/XAMPP/xamppfiles/htdocs/TobaccoGms1/App/Manager/Controller/ManagerCoreController.class.php 第 38 行.
SQL: SHOW COLUMNS FROM `gms_auth_rule` [ RunTime:0.0270s ]
SQL: SELECT * FROM `gms_auth_rule` WHERE `name` = 'Manager/Track/history' LIMIT 1   [ RunTime:0.0266s ]
SQL: SELECT * FROM `gms_auth_rule` WHERE `name` = 'Manager/RealVideo/videoForOne' LIMIT 1   [ RunTime:0.0306s ]
INFO: [ view_parse ] --START--
INFO: [ template_filter ] --START--
INFO: Run Behavior\ContentReplaceBehavior [ RunTime:0.000279s ]
INFO: [ template_filter ] --END-- [ RunTime:0.000659s ]
SQL: SHOW COLUMNS FROM `gms_user` [ RunTime:0.0315s ]
SQL: SELECT `group_ids` FROM `gms_user` WHERE `id` = 28 LIMIT 1   [ RunTime:0.0263s ]
SQL: SHOW COLUMNS FROM `gms_auth_group` [ RunTime:0.0270s ]
SQL: SELECT `id`,`title`,`rules` FROM `gms_auth_group` WHERE `id` IN ('8') AND `status` = 1  [ RunTime:0.0273s ]
SQL: SHOW COLUMNS FROM `gms_auth_rule` [ RunTime:0.0281s ]
SQL: SELECT `condition`,`name` FROM `gms_auth_rule` WHERE `id` IN ('217','266','268','259','260','257','264','220','254','235','234','233','232','231','230','229','228','227','226','225','224','1','207','212','252','251','250','216','241','240','239','208','210','246','245','247','248','274','284','283','282','206','213','238','237','236','211112','298','6','209','244','242','243','57','295','272','218','219','58','59','60','25','26','27','28','17','20','84') AND `type` = 1 AND `status` = 1  [ RunTime:0.0289s ]
INFO: Run Behavior\ParseTemplateBehavior [ RunTime:0.209852s ]
INFO: [ view_parse ] --END-- [ RunTime:0.210230s ]
INFO: [ view_filter ] --START--
INFO: Run Behavior\WriteHtmlCacheBehavior [ RunTime:0.000457s ]
INFO: [ view_filter ] --END-- [ RunTime:0.001030s ]
INFO: [ app_end ] --START--
INFO: Run Behavior\ShowPageTraceBehavior [ RunTime:0.000558s ]
INFO: [ app_end ] --END-- [ RunTime:0.001027s ]

[ 2016-11-11T16:21:41+08:00 ] ::1 /TobaccoGms1/index.php?m=Manager&c=Index&a=index
INFO: [ app_init ] --START--
INFO: Run Behavior\BuildLiteBehavior [ RunTime:0.000076s ]
INFO: Run Manager\Behavior\AppInitialBehavior [ RunTime:0.000560s ]
INFO: [ app_init ] --END-- [ RunTime:0.001300s ]
INFO: [ app_begin ] --START--
INFO: Run Behavior\ReadHtmlCacheBehavior [ RunTime:0.000469s ]
INFO: [ app_begin ] --END-- [ RunTime:0.000890s ]
INFO: [ action_begin ] --START--
SQL: SHOW COLUMNS FROM `gms_hooks` [ RunTime:0.0278s ]
SQL: SELECT `name`,`addons` FROM `gms_hooks`  [ RunTime:0.0286s ]
SQL: SHOW COLUMNS FROM `gms_addons` [ RunTime:0.0337s ]
SQL: SELECT `id`,`name` FROM `gms_addons` WHERE `disabled` = 1 AND `name` IN ('SiteStat')  [ RunTime:0.0265s ]
INFO: Run Common\Behavior\InitHookBehavior [ RunTime:0.245359s ]
INFO: [ action_begin ] --END-- [ RunTime:0.245801s ]
SQL: SHOW COLUMNS FROM `manager_setting` [ RunTime:0.0267s ]
SQL: SELECT * FROM `manager_setting` LIMIT 1   [ RunTime:0.0271s ]
SQL: SHOW COLUMNS FROM `service_group_info` [ RunTime:0.0274s ]
SQL: SELECT * FROM `service_group_info` WHERE `group_id` = 1 LIMIT 1   [ RunTime:0.0270s ]
NOTIC: [8] Undefined index: latlng /Applications/XAMPP/xamppfiles/htdocs/TobaccoGms1/App/Manager/Controller/ManagerCoreController.class.php 第 38 行.
SQL: SHOW COLUMNS FROM `gms_auth_rule` [ RunTime:0.0298s ]
SQL: SELECT * FROM `gms_auth_rule` WHERE `name` = 'Manager/Track/history' LIMIT 1   [ RunTime:0.0266s ]
SQL: SELECT * FROM `gms_auth_rule` WHERE `name` = 'Manager/RealVideo/videoForOne' LIMIT 1   [ RunTime:0.0263s ]
INFO: [ view_parse ] --START--
INFO: [ template_filter ] --START--
INFO: Run Behavior\ContentReplaceBehavior [ RunTime:0.000451s ]
INFO: [ template_filter ] --END-- [ RunTime:0.000851s ]
SQL: SHOW COLUMNS FROM `gms_user` [ RunTime:0.0269s ]
SQL: SELECT `group_ids` FROM `gms_user` WHERE `id` = 28 LIMIT 1   [ RunTime:0.0276s ]
SQL: SHOW COLUMNS FROM `gms_auth_group` [ RunTime:0.0277s ]
SQL: SELECT `id`,`title`,`rules` FROM `gms_auth_group` WHERE `id` IN ('8') AND `status` = 1  [ RunTime:0.0259s ]
SQL: SHOW COLUMNS FROM `gms_auth_rule` [ RunTime:0.0290s ]
SQL: SELECT `condition`,`name` FROM `gms_auth_rule` WHERE `id` IN ('217','266','268','259','260','257','264','220','254','235','234','233','232','231','230','229','228','227','226','225','224','1','207','212','252','251','250','216','241','240','239','208','210','246','245','247','248','274','284','283','282','206','213','238','237','236','211112','298','6','209','244','242','243','57','295','272','218','219','58','59','60','25','26','27','28','17','20','84') AND `type` = 1 AND `status` = 1  [ RunTime:0.0291s ]
INFO: Run Behavior\ParseTemplateBehavior [ RunTime:0.206987s ]
INFO: [ view_parse ] --END-- [ RunTime:0.207527s ]
INFO: [ view_filter ] --START--
INFO: Run Behavior\WriteHtmlCacheBehavior [ RunTime:0.000389s ]
INFO: [ view_filter ] --END-- [ RunTime:0.000793s ]
INFO: [ app_end ] --START--
INFO: Run Behavior\ShowPageTraceBehavior [ RunTime:0.000597s ]
INFO: [ app_end ] --END-- [ RunTime:0.001029s ]

[ 2016-11-11T16:21:44+08:00 ] ::1 /TobaccoGms1/index.php?m=Manager&c=Index&a=index
INFO: [ app_init ] --START--
INFO: Run Behavior\BuildLiteBehavior [ RunTime:0.000085s ]
INFO: Run Manager\Behavior\AppInitialBehavior [ RunTime:0.000513s ]
INFO: [ app_init ] --END-- [ RunTime:0.001272s ]
INFO: [ app_begin ] --START--
INFO: Run Behavior\ReadHtmlCacheBehavior [ RunTime:0.000515s ]
INFO: [ app_begin ] --END-- [ RunTime:0.000904s ]
INFO: [ action_begin ] --START--
SQL: SHOW COLUMNS FROM `gms_hooks` [ RunTime:0.0267s ]
SQL: SELECT `name`,`addons` FROM `gms_hooks`  [ RunTime:0.0263s ]
SQL: SHOW COLUMNS FROM `gms_addons` [ RunTime:0.0280s ]
SQL: SELECT `id`,`name` FROM `gms_addons` WHERE `disabled` = 1 AND `name` IN ('SiteStat')  [ RunTime:0.0290s ]
INFO: Run Common\Behavior\InitHookBehavior [ RunTime:0.234086s ]
INFO: [ action_begin ] --END-- [ RunTime:0.234515s ]
SQL: SHOW COLUMNS FROM `manager_setting` [ RunTime:0.0270s ]
SQL: SELECT * FROM `manager_setting` LIMIT 1   [ RunTime:0.0282s ]
SQL: SHOW COLUMNS FROM `service_group_info` [ RunTime:0.0271s ]
SQL: SELECT * FROM `service_group_info` WHERE `group_id` = 1 LIMIT 1   [ RunTime:0.0272s ]
NOTIC: [8] Undefined index: latlng /Applications/XAMPP/xamppfiles/htdocs/TobaccoGms1/App/Manager/Controller/ManagerCoreController.class.php 第 38 行.
SQL: SHOW COLUMNS FROM `gms_auth_rule` [ RunTime:0.0266s ]
SQL: SELECT * FROM `gms_auth_rule` WHERE `name` = 'Manager/Track/history' LIMIT 1   [ RunTime:0.0266s ]
SQL: SELECT * FROM `gms_auth_rule` WHERE `name` = 'Manager/RealVideo/videoForOne' LIMIT 1   [ RunTime:0.0263s ]
INFO: [ view_parse ] --START--
INFO: [ template_filter ] --START--
INFO: Run Behavior\ContentReplaceBehavior [ RunTime:0.000282s ]
INFO: [ template_filter ] --END-- [ RunTime:0.000659s ]
SQL: SHOW COLUMNS FROM `gms_user` [ RunTime:0.0269s ]
SQL: SELECT `group_ids` FROM `gms_user` WHERE `id` = 28 LIMIT 1   [ RunTime:0.0265s ]
SQL: SHOW COLUMNS FROM `gms_auth_group` [ RunTime:0.0265s ]
SQL: SELECT `id`,`title`,`rules` FROM `gms_auth_group` WHERE `id` IN ('8') AND `status` = 1  [ RunTime:0.0286s ]
SQL: SHOW COLUMNS FROM `gms_auth_rule` [ RunTime:0.0265s ]
SQL: SELECT `condition`,`name` FROM `gms_auth_rule` WHERE `id` IN ('217','266','268','259','260','257','264','220','254','235','234','233','232','231','230','229','228','227','226','225','224','1','207','212','252','251','250','216','241','240','239','208','210','246','245','247','248','274','284','283','282','206','213','238','237','236','211112','298','6','209','244','242','243','57','295','272','218','219','58','59','60','25','26','27','28','17','20','84') AND `type` = 1 AND `status` = 1  [ RunTime:0.0275s ]
INFO: Run Behavior\ParseTemplateBehavior [ RunTime:0.203085s ]
INFO: [ view_parse ] --END-- [ RunTime:0.203474s ]
INFO: [ view_filter ] --START--
INFO: Run Behavior\WriteHtmlCacheBehavior [ RunTime:0.000326s ]
INFO: [ view_filter ] --END-- [ RunTime:0.000684s ]
INFO: [ app_end ] --START--
INFO: Run Behavior\ShowPageTraceBehavior [ RunTime:0.000593s ]
INFO: [ app_end ] --END-- [ RunTime:0.001150s ]

[ 2016-11-11T16:23:07+08:00 ] ::1 /TobaccoGms1/index.php?m=Manager&c=Index&a=index
INFO: [ app_init ] --START--
INFO: Run Behavior\BuildLiteBehavior [ RunTime:0.000085s ]
INFO: Run Manager\Behavior\AppInitialBehavior [ RunTime:0.000497s ]
INFO: [ app_init ] --END-- [ RunTime:0.001338s ]
INFO: [ app_begin ] --START--
INFO: Run Behavior\ReadHtmlCacheBehavior [ RunTime:0.000484s ]
INFO: [ app_begin ] --END-- [ RunTime:0.000870s ]
INFO: [ action_begin ] --START--
SQL: SHOW COLUMNS FROM `gms_hooks` [ RunTime:0.0296s ]
SQL: SELECT `name`,`addons` FROM `gms_hooks`  [ RunTime:0.0264s ]
SQL: SHOW COLUMNS FROM `gms_addons` [ RunTime:0.0272s ]
SQL: SELECT `id`,`name` FROM `gms_addons` WHERE `disabled` = 1 AND `name` IN ('SiteStat')  [ RunTime:0.0265s ]
INFO: Run Common\Behavior\InitHookBehavior [ RunTime:0.231676s ]
INFO: [ action_begin ] --END-- [ RunTime:0.232309s ]
SQL: SHOW COLUMNS FROM `manager_setting` [ RunTime:0.0273s ]
SQL: SELECT * FROM `manager_setting` LIMIT 1   [ RunTime:0.0264s ]
SQL: SHOW COLUMNS FROM `service_group_info` [ RunTime:0.0273s ]
SQL: SELECT * FROM `service_group_info` WHERE `group_id` = 1 LIMIT 1   [ RunTime:0.0269s ]
NOTIC: [8] Undefined index: latlng /Applications/XAMPP/xamppfiles/htdocs/TobaccoGms1/App/Manager/Controller/ManagerCoreController.class.php 第 38 行.
SQL: SHOW COLUMNS FROM `gms_auth_rule` [ RunTime:0.0268s ]
SQL: SELECT * FROM `gms_auth_rule` WHERE `name` = 'Manager/Track/history' LIMIT 1   [ RunTime:0.0275s ]
SQL: SELECT * FROM `gms_auth_rule` WHERE `name` = 'Manager/RealVideo/videoForOne' LIMIT 1   [ RunTime:0.0276s ]
INFO: [ view_parse ] --START--
INFO: [ template_filter ] --START--
INFO: Run Behavior\ContentReplaceBehavior [ RunTime:0.000487s ]
INFO: [ template_filter ] --END-- [ RunTime:0.000992s ]
SQL: SHOW COLUMNS FROM `gms_user` [ RunTime:0.0275s ]
SQL: SELECT `group_ids` FROM `gms_user` WHERE `id` = 28 LIMIT 1   [ RunTime:0.0264s ]
SQL: SHOW COLUMNS FROM `gms_auth_group` [ RunTime:0.0262s ]
SQL: SELECT `id`,`title`,`rules` FROM `gms_auth_group` WHERE `id` IN ('8') AND `status` = 1  [ RunTime:0.0282s ]
SQL: SHOW COLUMNS FROM `gms_auth_rule` [ RunTime:0.0271s ]
SQL: SELECT `condition`,`name` FROM `gms_auth_rule` WHERE `id` IN ('217','266','268','259','260','257','264','220','254','235','234','233','232','231','230','229','228','227','226','225','224','1','207','212','252','251','250','216','241','240','239','208','210','246','245','247','248','274','284','283','282','206','213','238','237','236','211112','298','6','209','244','242','243','57','295','272','218','219','58','59','60','25','26','27','28','17','20','84') AND `type` = 1 AND `status` = 1  [ RunTime:0.0397s ]
INFO: Run Behavior\ParseTemplateBehavior [ RunTime:0.216019s ]
INFO: [ view_parse ] --END-- [ RunTime:0.216397s ]
INFO: [ view_filter ] --START--
INFO: Run Behavior\WriteHtmlCacheBehavior [ RunTime:0.000314s ]
INFO: [ view_filter ] --END-- [ RunTime:0.000669s ]
INFO: [ app_end ] --START--
INFO: Run Behavior\ShowPageTraceBehavior [ RunTime:0.000546s ]
INFO: [ app_end ] --END-- [ RunTime:0.000987s ]

[ 2016-11-11T16:28:50+08:00 ] ::1 /TobaccoGms1/index.php?m=Manager&c=Index&a=index
INFO: [ app_init ] --START--
INFO: Run Behavior\BuildLiteBehavior [ RunTime:0.000079s ]
INFO: Run Manager\Behavior\AppInitialBehavior [ RunTime:0.000459s ]
INFO: [ app_init ] --END-- [ RunTime:0.001168s ]
INFO: [ app_begin ] --START--
INFO: Run Behavior\ReadHtmlCacheBehavior [ RunTime:0.000894s ]
INFO: [ app_begin ] --END-- [ RunTime:0.001370s ]
INFO: [ action_begin ] --START--
SQL: SHOW COLUMNS FROM `gms_hooks` [ RunTime:0.0286s ]
SQL: SELECT `name`,`addons` FROM `gms_hooks`  [ RunTime:0.0297s ]
SQL: SHOW COLUMNS FROM `gms_addons` [ RunTime:0.0279s ]
SQL: SELECT `id`,`name` FROM `gms_addons` WHERE `disabled` = 1 AND `name` IN ('SiteStat')  [ RunTime:0.0270s ]
INFO: Run Common\Behavior\InitHookBehavior [ RunTime:0.237191s ]
INFO: [ action_begin ] --END-- [ RunTime:0.237607s ]
SQL: SHOW COLUMNS FROM `manager_setting` [ RunTime:0.0298s ]
SQL: SELECT * FROM `manager_setting` LIMIT 1   [ RunTime:0.0284s ]
SQL: SHOW COLUMNS FROM `service_group_info` [ RunTime:0.0269s ]
SQL: SELECT * FROM `service_group_info` WHERE `group_id` = 1 LIMIT 1   [ RunTime:0.0278s ]
NOTIC: [8] Undefined index: latlng /Applications/XAMPP/xamppfiles/htdocs/TobaccoGms1/App/Manager/Controller/ManagerCoreController.class.php 第 38 行.
SQL: SHOW COLUMNS FROM `gms_auth_rule` [ RunTime:0.0269s ]
SQL: SELECT * FROM `gms_auth_rule` WHERE `name` = 'Manager/Track/history' LIMIT 1   [ RunTime:0.0267s ]
SQL: SELECT * FROM `gms_auth_rule` WHERE `name` = 'Manager/RealVideo/videoForOne' LIMIT 1   [ RunTime:0.0284s ]
INFO: [ view_parse ] --START--
INFO: [ template_filter ] --START--
INFO: Run Behavior\ContentReplaceBehavior [ RunTime:0.000329s ]
INFO: [ template_filter ] --END-- [ RunTime:0.000710s ]
SQL: SHOW COLUMNS FROM `gms_user` [ RunTime:0.0313s ]
SQL: SELECT `group_ids` FROM `gms_user` WHERE `id` = 28 LIMIT 1   [ RunTime:0.0265s ]
SQL: SHOW COLUMNS FROM `gms_auth_group` [ RunTime:0.0280s ]
SQL: SELECT `id`,`title`,`rules` FROM `gms_auth_group` WHERE `id` IN ('8') AND `status` = 1  [ RunTime:0.0273s ]
SQL: SHOW COLUMNS FROM `gms_auth_rule` [ RunTime:0.0280s ]
SQL: SELECT `condition`,`name` FROM `gms_auth_rule` WHERE `id` IN ('217','266','268','259','260','257','264','220','254','235','234','233','232','231','230','229','228','227','226','225','224','1','207','212','252','251','250','216','241','240','239','208','210','246','245','247','248','274','284','283','282','206','213','238','237','236','211112','298','6','209','244','242','243','57','295','272','218','219','58','59','60','25','26','27','28','17','20','84') AND `type` = 1 AND `status` = 1  [ RunTime:0.0287s ]
INFO: Run Behavior\ParseTemplateBehavior [ RunTime:0.210682s ]
INFO: [ view_parse ] --END-- [ RunTime:0.211073s ]
INFO: [ view_filter ] --START--
INFO: Run Behavior\WriteHtmlCacheBehavior [ RunTime:0.000318s ]
INFO: [ view_filter ] --END-- [ RunTime:0.000669s ]
INFO: [ app_end ] --START--
INFO: Run Behavior\ShowPageTraceBehavior [ RunTime:0.000601s ]
INFO: [ app_end ] --END-- [ RunTime:0.001018s ]

[ 2016-11-11T16:32:13+08:00 ] ::1 /TobaccoGms1/index.php?m=Manager&c=Index&a=index
INFO: [ app_init ] --START--
INFO: Run Behavior\BuildLiteBehavior [ RunTime:0.000074s ]
INFO: Run Manager\Behavior\AppInitialBehavior [ RunTime:0.000434s ]
INFO: [ app_init ] --END-- [ RunTime:0.001089s ]
INFO: [ app_begin ] --START--
INFO: Run Behavior\ReadHtmlCacheBehavior [ RunTime:0.000510s ]
INFO: [ app_begin ] --END-- [ RunTime:0.000895s ]
INFO: [ action_begin ] --START--
SQL: SHOW COLUMNS FROM `gms_hooks` [ RunTime:0.0280s ]
SQL: SELECT `name`,`addons` FROM `gms_hooks`  [ RunTime:0.0264s ]
SQL: SHOW COLUMNS FROM `gms_addons` [ RunTime:0.0273s ]
SQL: SELECT `id`,`name` FROM `gms_addons` WHERE `disabled` = 1 AND `name` IN ('SiteStat')  [ RunTime:0.0268s ]
INFO: Run Common\Behavior\InitHookBehavior [ RunTime:0.236356s ]
INFO: [ action_begin ] --END-- [ RunTime:0.236785s ]
SQL: SHOW COLUMNS FROM `manager_setting` [ RunTime:0.0269s ]
SQL: SELECT * FROM `manager_setting` LIMIT 1   [ RunTime:0.0275s ]
SQL: SHOW COLUMNS FROM `service_group_info` [ RunTime:0.0281s ]
SQL: SELECT * FROM `service_group_info` WHERE `group_id` = 1 LIMIT 1   [ RunTime:0.0300s ]
NOTIC: [8] Undefined index: latlng /Applications/XAMPP/xamppfiles/htdocs/TobaccoGms1/App/Manager/Controller/ManagerCoreController.class.php 第 38 行.
SQL: SHOW COLUMNS FROM `gms_auth_rule` [ RunTime:0.0289s ]
SQL: SELECT * FROM `gms_auth_rule` WHERE `name` = 'Manager/Track/history' LIMIT 1   [ RunTime:0.0273s ]
SQL: SELECT * FROM `gms_auth_rule` WHERE `name` = 'Manager/RealVideo/videoForOne' LIMIT 1   [ RunTime:0.0266s ]
INFO: [ view_parse ] --START--
INFO: [ template_filter ] --START--
INFO: Run Behavior\ContentReplaceBehavior [ RunTime:0.000295s ]
INFO: [ template_filter ] --END-- [ RunTime:0.000672s ]
SQL: SHOW COLUMNS FROM `gms_user` [ RunTime:0.0268s ]
SQL: SELECT `group_ids` FROM `gms_user` WHERE `id` = 28 LIMIT 1   [ RunTime:0.0269s ]
SQL: SHOW COLUMNS FROM `gms_auth_group` [ RunTime:0.0265s ]
SQL: SELECT `id`,`title`,`rules` FROM `gms_auth_group` WHERE `id` IN ('8') AND `status` = 1  [ RunTime:0.0257s ]
SQL: SHOW COLUMNS FROM `gms_auth_rule` [ RunTime:0.0279s ]
SQL: SELECT `condition`,`name` FROM `gms_auth_rule` WHERE `id` IN ('217','266','268','259','260','257','264','220','254','235','234','233','232','231','230','229','228','227','226','225','224','1','207','212','252','251','250','216','241','240','239','208','210','246','245','247','248','274','284','283','282','206','213','238','237','236','211112','298','6','209','244','242','243','57','295','272','218','219','58','59','60','25','26','27','28','17','20','84') AND `type` = 1 AND `status` = 1  [ RunTime:0.0296s ]
INFO: Run Behavior\ParseTemplateBehavior [ RunTime:0.203206s ]
INFO: [ view_parse ] --END-- [ RunTime:0.203585s ]
INFO: [ view_filter ] --START--
INFO: Run Behavior\WriteHtmlCacheBehavior [ RunTime:0.000317s ]
INFO: [ view_filter ] --END-- [ RunTime:0.000737s ]
INFO: [ app_end ] --START--
INFO: Run Behavior\ShowPageTraceBehavior [ RunTime:0.000621s ]
INFO: [ app_end ] --END-- [ RunTime:0.001049s ]

[ 2016-11-11T17:15:18+08:00 ] ::1 /TobaccoGms1/index.php?m=Manager&c=Index&a=index
INFO: [ app_init ] --START--
INFO: Run Behavior\BuildLiteBehavior [ RunTime:0.000124s ]
INFO: Run Manager\Behavior\AppInitialBehavior [ RunTime:0.000707s ]
INFO: [ app_init ] --END-- [ RunTime:0.001896s ]
INFO: [ app_begin ] --START--
INFO: Run Behavior\ReadHtmlCacheBehavior [ RunTime:0.001016s ]
INFO: [ app_begin ] --END-- [ RunTime:0.001870s ]
INFO: [ action_begin ] --START--
SQL: SHOW COLUMNS FROM `gms_hooks` [ RunTime:0.0295s ]
SQL: SELECT `name`,`addons` FROM `gms_hooks`  [ RunTime:0.0264s ]
SQL: SHOW COLUMNS FROM `gms_addons` [ RunTime:0.0279s ]
SQL: SELECT `id`,`name` FROM `gms_addons` WHERE `disabled` = 1 AND `name` IN ('SiteStat')  [ RunTime:0.0269s ]
INFO: Run Common\Behavior\InitHookBehavior [ RunTime:0.245963s ]
INFO: [ action_begin ] --END-- [ RunTime:0.246742s ]
SQL: SHOW COLUMNS FROM `manager_setting` [ RunTime:0.0274s ]
SQL: SELECT * FROM `manager_setting` LIMIT 1   [ RunTime:0.0273s ]
SQL: SHOW COLUMNS FROM `service_group_info` [ RunTime:0.0274s ]
SQL: SELECT * FROM `service_group_info` WHERE `group_id` = 1 LIMIT 1   [ RunTime:0.0272s ]
NOTIC: [8] Undefined index: latlng /Applications/XAMPP/xamppfiles/htdocs/TobaccoGms1/App/Manager/Controller/ManagerCoreController.class.php 第 38 行.
SQL: SHOW COLUMNS FROM `gms_auth_rule` [ RunTime:0.0351s ]
SQL: SELECT * FROM `gms_auth_rule` WHERE `name` = 'Manager/Track/history' LIMIT 1   [ RunTime:0.0272s ]
SQL: SELECT * FROM `gms_auth_rule` WHERE `name` = 'Manager/RealVideo/videoForOne' LIMIT 1   [ RunTime:0.0273s ]
INFO: [ view_parse ] --START--
INFO: [ template_filter ] --START--
INFO: Run Behavior\ContentReplaceBehavior [ RunTime:0.000281s ]
INFO: [ template_filter ] --END-- [ RunTime:0.000660s ]
SQL: SHOW COLUMNS FROM `gms_user` [ RunTime:0.0273s ]
SQL: SELECT `group_ids` FROM `gms_user` WHERE `id` = 28 LIMIT 1   [ RunTime:0.0252s ]
SQL: SHOW COLUMNS FROM `gms_auth_group` [ RunTime:0.0266s ]
SQL: SELECT `id`,`title`,`rules` FROM `gms_auth_group` WHERE `id` IN ('8') AND `status` = 1  [ RunTime:0.0269s ]
SQL: SHOW COLUMNS FROM `gms_auth_rule` [ RunTime:0.0277s ]
SQL: SELECT `condition`,`name` FROM `gms_auth_rule` WHERE `id` IN ('217','266','268','259','260','257','264','220','254','235','234','233','232','231','230','229','228','227','226','225','224','1','207','212','252','251','250','216','241','240','239','208','210','246','245','247','248','274','284','283','282','206','213','238','237','236','211112','298','6','209','244','242','243','57','295','272','218','219','58','59','60','25','26','27','28','17','20','84') AND `type` = 1 AND `status` = 1  [ RunTime:0.0290s ]
INFO: Run Behavior\ParseTemplateBehavior [ RunTime:0.210532s ]
INFO: [ view_parse ] --END-- [ RunTime:0.210928s ]
INFO: [ view_filter ] --START--
INFO: Run Behavior\WriteHtmlCacheBehavior [ RunTime:0.000312s ]
INFO: [ view_filter ] --END-- [ RunTime:0.000665s ]
INFO: [ app_end ] --START--
INFO: Run Behavior\ShowPageTraceBehavior [ RunTime:0.000591s ]
INFO: [ app_end ] --END-- [ RunTime:0.001002s ]

[ 2016-11-11T17:27:35+08:00 ] ::1 /TobaccoGms1/index.php?m=Manager&c=Index&a=index
INFO: [ app_init ] --START--
INFO: Run Behavior\BuildLiteBehavior [ RunTime:0.000081s ]
INFO: Run Manager\Behavior\AppInitialBehavior [ RunTime:0.000461s ]
INFO: [ app_init ] --END-- [ RunTime:0.001237s ]
INFO: [ app_begin ] --START--
INFO: Run Behavior\ReadHtmlCacheBehavior [ RunTime:0.000505s ]
INFO: [ app_begin ] --END-- [ RunTime:0.001069s ]
INFO: [ action_begin ] --START--
SQL: SHOW COLUMNS FROM `gms_hooks` [ RunTime:0.1833s ]
SQL: SELECT `name`,`addons` FROM `gms_hooks`  [ RunTime:0.1882s ]
SQL: SHOW COLUMNS FROM `gms_addons` [ RunTime:0.1941s ]
SQL: SELECT `id`,`name` FROM `gms_addons` WHERE `disabled` = 1 AND `name` IN ('SiteStat')  [ RunTime:0.1916s ]
INFO: Run Common\Behavior\InitHookBehavior [ RunTime:1.455563s ]
INFO: [ action_begin ] --END-- [ RunTime:1.455989s ]
SQL: SHOW COLUMNS FROM `manager_setting` [ RunTime:0.1936s ]
SQL: SELECT * FROM `manager_setting` LIMIT 1   [ RunTime:0.1972s ]
SQL: SHOW COLUMNS FROM `service_group_info` [ RunTime:0.1967s ]
SQL: SELECT * FROM `service_group_info` WHERE `group_id` = 1 LIMIT 1   [ RunTime:0.1991s ]
NOTIC: [8] Undefined index: latlng /Applications/XAMPP/xamppfiles/htdocs/TobaccoGms1/App/Manager/Controller/ManagerCoreController.class.php 第 38 行.
SQL: SHOW COLUMNS FROM `gms_auth_rule` [ RunTime:0.2042s ]
SQL: SELECT * FROM `gms_auth_rule` WHERE `name` = 'Manager/Track/history' LIMIT 1   [ RunTime:0.1991s ]
SQL: SELECT * FROM `gms_auth_rule` WHERE `name` = 'Manager/RealVideo/videoForOne' LIMIT 1   [ RunTime:0.2019s ]
INFO: [ view_parse ] --START--
INFO: [ template_filter ] --START--
INFO: Run Behavior\ContentReplaceBehavior [ RunTime:0.000396s ]
INFO: [ template_filter ] --END-- [ RunTime:0.001088s ]
SQL: SHOW COLUMNS FROM `gms_user` [ RunTime:0.2155s ]
SQL: SELECT `group_ids` FROM `gms_user` WHERE `id` = 1 LIMIT 1   [ RunTime:0.2158s ]
SQL: SHOW COLUMNS FROM `gms_auth_group` [ RunTime:0.2145s ]
SQL: SELECT `id`,`title`,`rules` FROM `gms_auth_group` WHERE `id` IN ('1') AND `status` = 1  [ RunTime:0.2047s ]
SQL: SHOW COLUMNS FROM `gms_auth_rule` [ RunTime:0.1963s ]
SQL: SELECT `condition`,`name` FROM `gms_auth_rule` WHERE `id` IN ('217','266','268','259','257','260','264','1','207','213','236','237','238','208','210','245','246','247','248','274','282','283','284','298','6','209','242','243','244','57','218','219','272','295','58','59','60','17','20','84','25','28','26','27','13','14','15','16','4','296','297','61','45','46','47','48','49','52','51','50','29','32','31','30','33','36','34','35','80','81','82','83','5','37','39','40','62','38') AND `type` = 1 AND `status` = 1  [ RunTime:0.2043s ]
INFO: Run Behavior\ParseTemplateBehavior [ RunTime:1.340902s ]
INFO: [ view_parse ] --END-- [ RunTime:1.341296s ]
INFO: [ view_filter ] --START--
INFO: Run Behavior\WriteHtmlCacheBehavior [ RunTime:0.000350s ]
INFO: [ view_filter ] --END-- [ RunTime:0.000716s ]
INFO: [ app_end ] --START--
INFO: Run Behavior\ShowPageTraceBehavior [ RunTime:0.000472s ]
INFO: [ app_end ] --END-- [ RunTime:0.000834s ]

[ 2016-11-11T18:05:39+08:00 ] ::1 /TobaccoGms1/index.php?m=Manager&c=Index&a=index
INFO: [ app_init ] --START--
INFO: Run Behavior\BuildLiteBehavior [ RunTime:0.000073s ]
INFO: Run Manager\Behavior\AppInitialBehavior [ RunTime:0.000547s ]
INFO: [ app_init ] --END-- [ RunTime:0.001203s ]
INFO: [ app_begin ] --START--
INFO: Run Behavior\ReadHtmlCacheBehavior [ RunTime:0.000505s ]
INFO: [ app_begin ] --END-- [ RunTime:0.000892s ]
INFO: [ action_begin ] --START--
SQL: SHOW COLUMNS FROM `gms_hooks` [ RunTime:0.0626s ]
SQL: SELECT `name`,`addons` FROM `gms_hooks`  [ RunTime:0.0598s ]
SQL: SHOW COLUMNS FROM `gms_addons` [ RunTime:0.0629s ]
SQL: SELECT `id`,`name` FROM `gms_addons` WHERE `disabled` = 1 AND `name` IN ('SiteStat')  [ RunTime:0.0606s ]
INFO: Run Common\Behavior\InitHookBehavior [ RunTime:0.520286s ]
INFO: [ action_begin ] --END-- [ RunTime:0.520787s ]
SQL: SHOW COLUMNS FROM `manager_setting` [ RunTime:0.0615s ]
SQL: SELECT * FROM `manager_setting` LIMIT 1   [ RunTime:0.0614s ]
SQL: SHOW COLUMNS FROM `service_group_info` [ RunTime:0.0617s ]
SQL: SELECT * FROM `service_group_info` WHERE `group_id` = 1 LIMIT 1   [ RunTime:0.0624s ]
NOTIC: [8] Undefined index: latlng /Applications/XAMPP/xamppfiles/htdocs/TobaccoGms1/App/Manager/Controller/ManagerCoreController.class.php 第 38 行.
SQL: SHOW COLUMNS FROM `gms_auth_rule` [ RunTime:0.0613s ]
SQL: SELECT * FROM `gms_auth_rule` WHERE `name` = 'Manager/Track/history' LIMIT 1   [ RunTime:0.0645s ]
SQL: SELECT * FROM `gms_auth_rule` WHERE `name` = 'Manager/RealVideo/videoForOne' LIMIT 1   [ RunTime:0.0596s ]
INFO: [ view_parse ] --START--
INFO: [ template_filter ] --START--
INFO: Run Behavior\ContentReplaceBehavior [ RunTime:0.000445s ]
INFO: [ template_filter ] --END-- [ RunTime:0.001106s ]
SQL: SHOW COLUMNS FROM `gms_user` [ RunTime:0.0691s ]
SQL: SELECT `group_ids` FROM `gms_user` WHERE `id` = 1 LIMIT 1   [ RunTime:0.0627s ]
SQL: SHOW COLUMNS FROM `gms_auth_group` [ RunTime:0.0601s ]
SQL: SELECT `id`,`title`,`rules` FROM `gms_auth_group` WHERE `id` IN ('1') AND `status` = 1  [ RunTime:0.0707s ]
SQL: SHOW COLUMNS FROM `gms_auth_rule` [ RunTime:0.0585s ]
SQL: SELECT `condition`,`name` FROM `gms_auth_rule` WHERE `id` IN ('217','266','268','259','257','260','264','1','207','213','236','237','238','208','210','245','246','247','248','274','282','283','284','298','6','209','242','243','244','57','218','219','272','295','58','59','60','17','20','84','25','28','26','27','13','14','15','16','4','296','297','61','45','46','47','48','49','52','51','50','29','32','31','30','33','36','34','35','80','81','82','83','5','37','39','40','62','38') AND `type` = 1 AND `status` = 1  [ RunTime:0.0603s ]
INFO: Run Behavior\ParseTemplateBehavior [ RunTime:0.467692s ]
INFO: [ view_parse ] --END-- [ RunTime:0.468157s ]
INFO: [ view_filter ] --START--
INFO: Run Behavior\WriteHtmlCacheBehavior [ RunTime:0.000315s ]
INFO: [ view_filter ] --END-- [ RunTime:0.000690s ]
INFO: [ app_end ] --START--
INFO: Run Behavior\ShowPageTraceBehavior [ RunTime:0.000549s ]
INFO: [ app_end ] --END-- [ RunTime:0.001156s ]

[ 2016-11-11T18:06:26+08:00 ] ::1 /TobaccoGms1/index.php?m=Manager&c=Index&a=index
INFO: [ app_init ] --START--
INFO: Run Behavior\BuildLiteBehavior [ RunTime:0.000080s ]
INFO: Run Manager\Behavior\AppInitialBehavior [ RunTime:0.000589s ]
INFO: [ app_init ] --END-- [ RunTime:0.001324s ]
INFO: [ app_begin ] --START--
INFO: Run Behavior\ReadHtmlCacheBehavior [ RunTime:0.000541s ]
INFO: [ app_begin ] --END-- [ RunTime:0.001117s ]
INFO: [ action_begin ] --START--
SQL: SHOW COLUMNS FROM `gms_hooks` [ RunTime:0.0535s ]
SQL: SELECT `name`,`addons` FROM `gms_hooks`  [ RunTime:0.0507s ]
SQL: SHOW COLUMNS FROM `gms_addons` [ RunTime:0.0505s ]
SQL: SELECT `id`,`name` FROM `gms_addons` WHERE `disabled` = 1 AND `name` IN ('SiteStat')  [ RunTime:0.0487s ]
INFO: Run Common\Behavior\InitHookBehavior [ RunTime:0.395113s ]
INFO: [ action_begin ] --END-- [ RunTime:0.395558s ]
SQL: SHOW COLUMNS FROM `manager_setting` [ RunTime:0.0479s ]
SQL: SELECT * FROM `manager_setting` LIMIT 1   [ RunTime:0.0511s ]
SQL: SHOW COLUMNS FROM `service_group_info` [ RunTime:0.0501s ]
SQL: SELECT * FROM `service_group_info` WHERE `group_id` = 1 LIMIT 1   [ RunTime:0.0505s ]
NOTIC: [8] Undefined index: latlng /Applications/XAMPP/xamppfiles/htdocs/TobaccoGms1/App/Manager/Controller/ManagerCoreController.class.php 第 38 行.
SQL: SHOW COLUMNS FROM `gms_auth_rule` [ RunTime:0.0517s ]
SQL: SELECT * FROM `gms_auth_rule` WHERE `name` = 'Manager/Track/history' LIMIT 1   [ RunTime:0.0537s ]
SQL: SELECT * FROM `gms_auth_rule` WHERE `name` = 'Manager/RealVideo/videoForOne' LIMIT 1   [ RunTime:0.0498s ]
INFO: [ view_parse ] --START--
INFO: [ template_filter ] --START--
INFO: Run Behavior\ContentReplaceBehavior [ RunTime:0.000279s ]
INFO: [ template_filter ] --END-- [ RunTime:0.000656s ]
SQL: SHOW COLUMNS FROM `gms_user` [ RunTime:0.0494s ]
SQL: SELECT `group_ids` FROM `gms_user` WHERE `id` = 1 LIMIT 1   [ RunTime:0.0519s ]
SQL: SHOW COLUMNS FROM `gms_auth_group` [ RunTime:0.0483s ]
SQL: SELECT `id`,`title`,`rules` FROM `gms_auth_group` WHERE `id` IN ('1') AND `status` = 1  [ RunTime:0.0481s ]
SQL: SHOW COLUMNS FROM `gms_auth_rule` [ RunTime:0.0483s ]
SQL: SELECT `condition`,`name` FROM `gms_auth_rule` WHERE `id` IN ('217','266','268','259','257','260','264','1','207','213','236','237','238','208','210','245','246','247','248','274','282','283','284','298','6','209','242','243','244','57','218','219','272','295','58','59','60','17','20','84','25','28','26','27','13','14','15','16','4','296','297','61','45','46','47','48','49','52','51','50','29','32','31','30','33','36','34','35','80','81','82','83','5','37','39','40','62','38') AND `type` = 1 AND `status` = 1  [ RunTime:0.0510s ]
INFO: Run Behavior\ParseTemplateBehavior [ RunTime:0.339650s ]
INFO: [ view_parse ] --END-- [ RunTime:0.340101s ]
INFO: [ view_filter ] --START--
INFO: Run Behavior\WriteHtmlCacheBehavior [ RunTime:0.000307s ]
INFO: [ view_filter ] --END-- [ RunTime:0.000695s ]
INFO: [ app_end ] --START--
INFO: Run Behavior\ShowPageTraceBehavior [ RunTime:0.000533s ]
INFO: [ app_end ] --END-- [ RunTime:0.000972s ]

[ 2016-11-11T18:08:28+08:00 ] ::1 /TobaccoGms1/index.php?m=Manager&c=Index&a=index
INFO: [ app_init ] --START--
INFO: Run Behavior\BuildLiteBehavior [ RunTime:0.000072s ]
INFO: Run Manager\Behavior\AppInitialBehavior [ RunTime:0.000418s ]
INFO: [ app_init ] --END-- [ RunTime:0.001064s ]
INFO: [ app_begin ] --START--
INFO: Run Behavior\ReadHtmlCacheBehavior [ RunTime:0.000537s ]
INFO: [ app_begin ] --END-- [ RunTime:0.000941s ]
INFO: [ action_begin ] --START--
SQL: SHOW COLUMNS FROM `gms_hooks` [ RunTime:0.0272s ]
SQL: SELECT `name`,`addons` FROM `gms_hooks`  [ RunTime:0.0366s ]
SQL: SHOW COLUMNS FROM `gms_addons` [ RunTime:0.0284s ]
SQL: SELECT `id`,`name` FROM `gms_addons` WHERE `disabled` = 1 AND `name` IN ('SiteStat')  [ RunTime:0.0300s ]
INFO: Run Common\Behavior\InitHookBehavior [ RunTime:0.250184s ]
INFO: [ action_begin ] --END-- [ RunTime:0.250627s ]
SQL: SHOW COLUMNS FROM `manager_setting` [ RunTime:0.0270s ]
SQL: SELECT * FROM `manager_setting` LIMIT 1   [ RunTime:0.0267s ]
SQL: SHOW COLUMNS FROM `service_group_info` [ RunTime:0.0280s ]
SQL: SELECT * FROM `service_group_info` WHERE `group_id` = 1 LIMIT 1   [ RunTime:0.0280s ]
NOTIC: [8] Undefined index: latlng /Applications/XAMPP/xamppfiles/htdocs/TobaccoGms1/App/Manager/Controller/ManagerCoreController.class.php 第 38 行.
SQL: SHOW COLUMNS FROM `gms_auth_rule` [ RunTime:0.0286s ]
SQL: SELECT * FROM `gms_auth_rule` WHERE `name` = 'Manager/Track/history' LIMIT 1   [ RunTime:0.0268s ]
SQL: SELECT * FROM `gms_auth_rule` WHERE `name` = 'Manager/RealVideo/videoForOne' LIMIT 1   [ RunTime:0.0306s ]
INFO: [ view_parse ] --START--
INFO: [ template_filter ] --START--
INFO: Run Behavior\ContentReplaceBehavior [ RunTime:0.000284s ]
INFO: [ template_filter ] --END-- [ RunTime:0.000666s ]
SQL: SHOW COLUMNS FROM `gms_user` [ RunTime:0.0273s ]
SQL: SELECT `group_ids` FROM `gms_user` WHERE `id` = 1 LIMIT 1   [ RunTime:0.0261s ]
SQL: SHOW COLUMNS FROM `gms_auth_group` [ RunTime:0.0268s ]
SQL: SELECT `id`,`title`,`rules` FROM `gms_auth_group` WHERE `id` IN ('1') AND `status` = 1  [ RunTime:0.0263s ]
SQL: SHOW COLUMNS FROM `gms_auth_rule` [ RunTime:0.0278s ]
SQL: SELECT `condition`,`name` FROM `gms_auth_rule` WHERE `id` IN ('217','266','268','259','257','260','264','1','207','213','236','237','238','208','210','245','246','247','248','274','282','283','284','298','6','209','242','243','244','57','218','219','272','295','58','59','60','17','20','84','25','28','26','27','13','14','15','16','4','296','297','61','45','46','47','48','49','52','51','50','29','32','31','30','33','36','34','35','80','81','82','83','5','37','39','40','62','38') AND `type` = 1 AND `status` = 1  [ RunTime:0.0328s ]
INFO: Run Behavior\ParseTemplateBehavior [ RunTime:0.210948s ]
INFO: [ view_parse ] --END-- [ RunTime:0.211362s ]
INFO: [ view_filter ] --START--
INFO: Run Behavior\WriteHtmlCacheBehavior [ RunTime:0.000314s ]
INFO: [ view_filter ] --END-- [ RunTime:0.000667s ]
INFO: [ app_end ] --START--
INFO: Run Behavior\ShowPageTraceBehavior [ RunTime:0.000628s ]
INFO: [ app_end ] --END-- [ RunTime:0.001090s ]

