[ 2016-11-15T08:41:28+08:00 ] ::1 /TobaccoGms1/index.php?m=Manager&c=Index&a=index
INFO: [ app_init ] --START--
INFO: Run Behavior\BuildLiteBehavior [ RunTime:0.000074s ]
INFO: Run Manager\Behavior\AppInitialBehavior [ RunTime:0.000453s ]
INFO: [ app_init ] --END-- [ RunTime:0.001118s ]
INFO: [ app_begin ] --START--
INFO: Run Behavior\ReadHtmlCacheBehavior [ RunTime:0.000482s ]
INFO: [ app_begin ] --END-- [ RunTime:0.000867s ]
INFO: [ action_begin ] --START--
SQL: SHOW COLUMNS FROM `gms_hooks` [ RunTime:0.0506s ]
SQL: SELECT `name`,`addons` FROM `gms_hooks`  [ RunTime:0.0492s ]
SQL: SHOW COLUMNS FROM `gms_addons` [ RunTime:0.0500s ]
SQL: SELECT `id`,`name` FROM `gms_addons` WHERE `disabled` = 1 AND `name` IN ('SiteStat')  [ RunTime:0.0490s ]
INFO: Run Common\Behavior\InitHookBehavior [ RunTime:0.379550s ]
INFO: [ action_begin ] --END-- [ RunTime:0.379981s ]
SQL: SHOW COLUMNS FROM `manager_setting` [ RunTime:0.0497s ]
SQL: SELECT * FROM `manager_setting` LIMIT 1   [ RunTime:0.0499s ]
SQL: SHOW COLUMNS FROM `service_group_info` [ RunTime:0.0500s ]
SQL: SELECT * FROM `service_group_info` WHERE `group_id` = 1 LIMIT 1   [ RunTime:0.0502s ]
NOTIC: [8] Undefined index: latlng /Applications/XAMPP/xamppfiles/htdocs/TobaccoGms1/App/Manager/Controller/ManagerCoreController.class.php 第 38 行.
SQL: SHOW COLUMNS FROM `gms_auth_rule` [ RunTime:0.0488s ]
SQL: SELECT * FROM `gms_auth_rule` WHERE `name` = 'Manager/Track/history' LIMIT 1   [ RunTime:0.0494s ]
SQL: SELECT * FROM `gms_auth_rule` WHERE `name` = 'Manager/RealVideo/videoForOne' LIMIT 1   [ RunTime:0.0485s ]
INFO: [ view_parse ] --START--
INFO: [ template_filter ] --START--
INFO: Run Behavior\ContentReplaceBehavior [ RunTime:0.000280s ]
INFO: [ template_filter ] --END-- [ RunTime:0.000655s ]
SQL: SHOW COLUMNS FROM `gms_user` [ RunTime:0.0492s ]
SQL: SELECT `group_ids` FROM `gms_user` WHERE `id` = 1 LIMIT 1   [ RunTime:0.0479s ]
SQL: SHOW COLUMNS FROM `gms_auth_group` [ RunTime:0.0497s ]
SQL: SELECT `id`,`title`,`rules` FROM `gms_auth_group` WHERE `id` IN ('1') AND `status` = 1  [ RunTime:0.0481s ]
SQL: SHOW COLUMNS FROM `gms_auth_rule` [ RunTime:0.0498s ]
SQL: SELECT `condition`,`name` FROM `gms_auth_rule` WHERE `id` IN ('217','266','268','259','260','257','264','220','254','231','232','234','235','230','229','224','225','226','227','228','233','1','207','212','250','251','252','211118','216','239','240','241','208','210','245','246','247','248','274','282','283','284','213','236','237','238','298','6','209','242','243','244','57','218','219','272','295','60','59','58','17','20','84','25','26','27','28','13','14','15','16','4','296','297','61','45','46','47','48','49','50','51','52','29','32','31','30','33','34','35','36','80','81','82','83','5','37','39','40','62','38') AND `type` = 1 AND `status` = 1  [ RunTime:0.0493s ]
INFO: Run Behavior\ParseTemplateBehavior [ RunTime:0.372370s ]
INFO: [ view_parse ] --END-- [ RunTime:0.372750s ]
INFO: [ view_filter ] --START--
INFO: Run Behavior\WriteHtmlCacheBehavior [ RunTime:0.000381s ]
INFO: [ view_filter ] --END-- [ RunTime:0.000735s ]
INFO: [ app_end ] --START--
INFO: Run Behavior\ShowPageTraceBehavior [ RunTime:0.000601s ]
INFO: [ app_end ] --END-- [ RunTime:0.001153s ]

[ 2016-11-15T08:50:22+08:00 ] ::1 /TobaccoGms1/index.php?m=Manager&c=Index&a=index
INFO: [ app_init ] --START--
INFO: Run Behavior\BuildLiteBehavior [ RunTime:0.000127s ]
INFO: Run Manager\Behavior\AppInitialBehavior [ RunTime:0.000590s ]
INFO: [ app_init ] --END-- [ RunTime:0.001607s ]
INFO: [ app_begin ] --START--
INFO: Run Behavior\ReadHtmlCacheBehavior [ RunTime:0.000780s ]
INFO: [ app_begin ] --END-- [ RunTime:0.001418s ]
INFO: [ action_begin ] --START--
SQL: SHOW COLUMNS FROM `gms_hooks` [ RunTime:0.0388s ]
SQL: SELECT `name`,`addons` FROM `gms_hooks`  [ RunTime:0.0387s ]
SQL: SHOW COLUMNS FROM `gms_addons` [ RunTime:0.0378s ]
SQL: SELECT `id`,`name` FROM `gms_addons` WHERE `disabled` = 1 AND `name` IN ('SiteStat')  [ RunTime:0.0385s ]
INFO: Run Common\Behavior\InitHookBehavior [ RunTime:0.323996s ]
INFO: [ action_begin ] --END-- [ RunTime:0.324390s ]
SQL: SHOW COLUMNS FROM `manager_setting` [ RunTime:0.0370s ]
SQL: SELECT * FROM `manager_setting` LIMIT 1   [ RunTime:0.0378s ]
SQL: SHOW COLUMNS FROM `service_group_info` [ RunTime:0.0390s ]
SQL: SELECT * FROM `service_group_info` WHERE `group_id` = 1 LIMIT 1   [ RunTime:0.0380s ]
NOTIC: [8] Undefined index: latlng /Applications/XAMPP/xamppfiles/htdocs/TobaccoGms1/App/Manager/Controller/ManagerCoreController.class.php 第 38 行.
SQL: SHOW COLUMNS FROM `gms_auth_rule` [ RunTime:0.0374s ]
SQL: SELECT * FROM `gms_auth_rule` WHERE `name` = 'Manager/Track/history' LIMIT 1   [ RunTime:0.0377s ]
SQL: SELECT * FROM `gms_auth_rule` WHERE `name` = 'Manager/RealVideo/videoForOne' LIMIT 1   [ RunTime:0.0374s ]
INFO: [ view_parse ] --START--
INFO: [ template_filter ] --START--
INFO: Run Behavior\ContentReplaceBehavior [ RunTime:0.000423s ]
INFO: [ template_filter ] --END-- [ RunTime:0.000842s ]
SQL: SHOW COLUMNS FROM `gms_user` [ RunTime:0.0383s ]
SQL: SELECT `group_ids` FROM `gms_user` WHERE `id` = 1 LIMIT 1   [ RunTime:0.0371s ]
SQL: SHOW COLUMNS FROM `gms_auth_group` [ RunTime:0.0373s ]
SQL: SELECT `id`,`title`,`rules` FROM `gms_auth_group` WHERE `id` IN ('1') AND `status` = 1  [ RunTime:0.0374s ]
SQL: SHOW COLUMNS FROM `gms_auth_rule` [ RunTime:0.0384s ]
SQL: SELECT `condition`,`name` FROM `gms_auth_rule` WHERE `id` IN ('217','266','268','259','260','257','264','220','254','231','232','234','235','230','229','224','225','226','227','228','233','1','207','212','250','251','252','211118','216','239','240','241','208','210','245','246','247','248','274','282','283','284','213','236','237','238','298','6','209','242','243','244','57','218','219','272','295','60','59','58','17','20','84','25','26','27','28','13','14','15','16','4','296','297','61','45','46','47','48','49','50','51','52','29','32','31','30','33','34','35','36','80','81','82','83','5','37','39','40','62','38') AND `type` = 1 AND `status` = 1  [ RunTime:0.0383s ]
INFO: Run Behavior\ParseTemplateBehavior [ RunTime:0.271316s ]
INFO: [ view_parse ] --END-- [ RunTime:0.271686s ]
INFO: [ view_filter ] --START--
INFO: Run Behavior\WriteHtmlCacheBehavior [ RunTime:0.000311s ]
INFO: [ view_filter ] --END-- [ RunTime:0.000664s ]
INFO: [ app_end ] --START--
INFO: Run Behavior\ShowPageTraceBehavior [ RunTime:0.000581s ]
INFO: [ app_end ] --END-- [ RunTime:0.001133s ]

[ 2016-11-15T08:50:25+08:00 ] ::1 /TobaccoGms1/index.php?m=Manager&c=Index&a=index
INFO: [ app_init ] --START--
INFO: Run Behavior\BuildLiteBehavior [ RunTime:0.000073s ]
INFO: Run Manager\Behavior\AppInitialBehavior [ RunTime:0.000527s ]
INFO: [ app_init ] --END-- [ RunTime:0.001238s ]
INFO: [ app_begin ] --START--
INFO: Run Behavior\ReadHtmlCacheBehavior [ RunTime:0.000571s ]
INFO: [ app_begin ] --END-- [ RunTime:0.000963s ]
INFO: [ action_begin ] --START--
SQL: SHOW COLUMNS FROM `gms_hooks` [ RunTime:0.0281s ]
SQL: SELECT `name`,`addons` FROM `gms_hooks`  [ RunTime:0.0271s ]
SQL: SHOW COLUMNS FROM `gms_addons` [ RunTime:0.0289s ]
SQL: SELECT `id`,`name` FROM `gms_addons` WHERE `disabled` = 1 AND `name` IN ('SiteStat')  [ RunTime:0.0277s ]
INFO: Run Common\Behavior\InitHookBehavior [ RunTime:0.267758s ]
INFO: [ action_begin ] --END-- [ RunTime:0.268267s ]
SQL: SHOW COLUMNS FROM `manager_setting` [ RunTime:0.0287s ]
SQL: SELECT * FROM `manager_setting` LIMIT 1   [ RunTime:0.0276s ]
SQL: SHOW COLUMNS FROM `service_group_info` [ RunTime:0.0286s ]
SQL: SELECT * FROM `service_group_info` WHERE `group_id` = 1 LIMIT 1   [ RunTime:0.0291s ]
NOTIC: [8] Undefined index: latlng /Applications/XAMPP/xamppfiles/htdocs/TobaccoGms1/App/Manager/Controller/ManagerCoreController.class.php 第 38 行.
SQL: SHOW COLUMNS FROM `gms_auth_rule` [ RunTime:0.0267s ]
SQL: SELECT * FROM `gms_auth_rule` WHERE `name` = 'Manager/Track/history' LIMIT 1   [ RunTime:0.0281s ]
SQL: SELECT * FROM `gms_auth_rule` WHERE `name` = 'Manager/RealVideo/videoForOne' LIMIT 1   [ RunTime:0.0270s ]
INFO: [ view_parse ] --START--
INFO: [ template_filter ] --START--
INFO: Run Behavior\ContentReplaceBehavior [ RunTime:0.000283s ]
INFO: [ template_filter ] --END-- [ RunTime:0.000667s ]
SQL: SHOW COLUMNS FROM `gms_user` [ RunTime:0.0277s ]
SQL: SELECT `group_ids` FROM `gms_user` WHERE `id` = 1 LIMIT 1   [ RunTime:0.0271s ]
SQL: SHOW COLUMNS FROM `gms_auth_group` [ RunTime:0.0293s ]
SQL: SELECT `id`,`title`,`rules` FROM `gms_auth_group` WHERE `id` IN ('1') AND `status` = 1  [ RunTime:0.0306s ]
SQL: SHOW COLUMNS FROM `gms_auth_rule` [ RunTime:0.0292s ]
SQL: SELECT `condition`,`name` FROM `gms_auth_rule` WHERE `id` IN ('217','266','268','259','260','257','264','220','254','231','232','234','235','230','229','224','225','226','227','228','233','1','207','212','250','251','252','211118','216','239','240','241','208','210','245','246','247','248','274','282','283','284','213','236','237','238','298','6','209','242','243','244','57','218','219','272','295','60','59','58','17','20','84','25','26','27','28','13','14','15','16','4','296','297','61','45','46','47','48','49','50','51','52','29','32','31','30','33','34','35','36','80','81','82','83','5','37','39','40','62','38') AND `type` = 1 AND `status` = 1  [ RunTime:0.0284s ]
INFO: Run Behavior\ParseTemplateBehavior [ RunTime:0.228789s ]
INFO: [ view_parse ] --END-- [ RunTime:0.229161s ]
INFO: [ view_filter ] --START--
INFO: Run Behavior\WriteHtmlCacheBehavior [ RunTime:0.000395s ]
INFO: [ view_filter ] --END-- [ RunTime:0.000751s ]
INFO: [ app_end ] --START--
INFO: Run Behavior\ShowPageTraceBehavior [ RunTime:0.000641s ]
INFO: [ app_end ] --END-- [ RunTime:0.001060s ]

[ 2016-11-15T08:53:30+08:00 ] ::1 /TobaccoGms1/index.php?m=Manager&c=Index&a=index
INFO: [ app_init ] --START--
INFO: Run Behavior\BuildLiteBehavior [ RunTime:0.000073s ]
INFO: Run Manager\Behavior\AppInitialBehavior [ RunTime:0.000426s ]
INFO: [ app_init ] --END-- [ RunTime:0.001080s ]
INFO: [ app_begin ] --START--
INFO: Run Behavior\ReadHtmlCacheBehavior [ RunTime:0.000542s ]
INFO: [ app_begin ] --END-- [ RunTime:0.001016s ]
INFO: [ action_begin ] --START--
SQL: SHOW COLUMNS FROM `gms_hooks` [ RunTime:0.0292s ]
SQL: SELECT `name`,`addons` FROM `gms_hooks`  [ RunTime:0.0293s ]
SQL: SHOW COLUMNS FROM `gms_addons` [ RunTime:0.0295s ]
SQL: SELECT `id`,`name` FROM `gms_addons` WHERE `disabled` = 1 AND `name` IN ('SiteStat')  [ RunTime:0.0291s ]
INFO: Run Common\Behavior\InitHookBehavior [ RunTime:0.266253s ]
INFO: [ action_begin ] --END-- [ RunTime:0.266832s ]
SQL: SHOW COLUMNS FROM `manager_setting` [ RunTime:0.0291s ]
SQL: SELECT * FROM `manager_setting` LIMIT 1   [ RunTime:0.0292s ]
SQL: SHOW COLUMNS FROM `service_group_info` [ RunTime:0.0299s ]
SQL: SELECT * FROM `service_group_info` WHERE `group_id` = 1 LIMIT 1   [ RunTime:0.0286s ]
NOTIC: [8] Undefined index: latlng /Applications/XAMPP/xamppfiles/htdocs/TobaccoGms1/App/Manager/Controller/ManagerCoreController.class.php 第 38 行.
SQL: SHOW COLUMNS FROM `gms_auth_rule` [ RunTime:0.0292s ]
SQL: SELECT * FROM `gms_auth_rule` WHERE `name` = 'Manager/Track/history' LIMIT 1   [ RunTime:0.0290s ]
SQL: SELECT * FROM `gms_auth_rule` WHERE `name` = 'Manager/RealVideo/videoForOne' LIMIT 1   [ RunTime:0.0281s ]
INFO: [ view_parse ] --START--
INFO: [ template_filter ] --START--
INFO: Run Behavior\ContentReplaceBehavior [ RunTime:0.000280s ]
INFO: [ template_filter ] --END-- [ RunTime:0.000654s ]
SQL: SHOW COLUMNS FROM `gms_user` [ RunTime:0.0299s ]
SQL: SELECT `group_ids` FROM `gms_user` WHERE `id` = 1 LIMIT 1   [ RunTime:0.0282s ]
SQL: SHOW COLUMNS FROM `gms_auth_group` [ RunTime:0.0294s ]
SQL: SELECT `id`,`title`,`rules` FROM `gms_auth_group` WHERE `id` IN ('1') AND `status` = 1  [ RunTime:0.0278s ]
SQL: SHOW COLUMNS FROM `gms_auth_rule` [ RunTime:0.0294s ]
SQL: SELECT `condition`,`name` FROM `gms_auth_rule` WHERE `id` IN ('217','266','268','259','260','257','264','220','254','231','232','234','235','230','229','224','225','226','227','228','233','1','207','212','250','251','252','211118','216','239','240','241','208','210','245','246','247','248','274','282','283','284','213','236','237','238','298','6','209','242','243','244','57','218','219','272','295','60','59','58','17','20','84','25','26','27','28','13','14','15','16','4','296','297','61','45','46','47','48','49','50','51','52','29','32','31','30','33','34','35','36','80','81','82','83','5','37','39','40','62','38') AND `type` = 1 AND `status` = 1  [ RunTime:0.0287s ]
INFO: Run Behavior\ParseTemplateBehavior [ RunTime:0.220227s ]
INFO: [ view_parse ] --END-- [ RunTime:0.220611s ]
INFO: [ view_filter ] --START--
INFO: Run Behavior\WriteHtmlCacheBehavior [ RunTime:0.000370s ]
INFO: [ view_filter ] --END-- [ RunTime:0.000898s ]
INFO: [ app_end ] --START--
INFO: Run Behavior\ShowPageTraceBehavior [ RunTime:0.000685s ]
INFO: [ app_end ] --END-- [ RunTime:0.001209s ]

[ 2016-11-15T08:59:18+08:00 ] ::1 /TobaccoGms1/index.php?m=Manager&c=Index&a=index
INFO: [ app_init ] --START--
INFO: Run Behavior\BuildLiteBehavior [ RunTime:0.000217s ]
INFO: Run Manager\Behavior\AppInitialBehavior [ RunTime:0.001132s ]
INFO: [ app_init ] --END-- [ RunTime:0.002596s ]
INFO: [ app_begin ] --START--
INFO: Run Behavior\ReadHtmlCacheBehavior [ RunTime:0.000525s ]
INFO: [ app_begin ] --END-- [ RunTime:0.000918s ]
INFO: [ action_begin ] --START--
SQL: SHOW COLUMNS FROM `gms_hooks` [ RunTime:0.0487s ]
SQL: SELECT `name`,`addons` FROM `gms_hooks`  [ RunTime:0.0472s ]
SQL: SHOW COLUMNS FROM `gms_addons` [ RunTime:0.0487s ]
SQL: SELECT `id`,`name` FROM `gms_addons` WHERE `disabled` = 1 AND `name` IN ('SiteStat')  [ RunTime:0.0471s ]
INFO: Run Common\Behavior\InitHookBehavior [ RunTime:0.371485s ]
INFO: [ action_begin ] --END-- [ RunTime:0.371869s ]
SQL: SHOW COLUMNS FROM `manager_setting` [ RunTime:0.0465s ]
SQL: SELECT * FROM `manager_setting` LIMIT 1   [ RunTime:0.0495s ]
SQL: SHOW COLUMNS FROM `service_group_info` [ RunTime:0.0479s ]
SQL: SELECT * FROM `service_group_info` WHERE `group_id` = 1 LIMIT 1   [ RunTime:0.0486s ]
NOTIC: [8] Undefined index: latlng /Applications/XAMPP/xamppfiles/htdocs/TobaccoGms1/App/Manager/Controller/ManagerCoreController.class.php 第 38 行.
SQL: SHOW COLUMNS FROM `gms_auth_rule` [ RunTime:0.0482s ]
SQL: SELECT * FROM `gms_auth_rule` WHERE `name` = 'Manager/Track/history' LIMIT 1   [ RunTime:0.0479s ]
SQL: SELECT * FROM `gms_auth_rule` WHERE `name` = 'Manager/RealVideo/videoForOne' LIMIT 1   [ RunTime:0.0500s ]
INFO: [ view_parse ] --START--
INFO: [ template_filter ] --START--
INFO: Run Behavior\ContentReplaceBehavior [ RunTime:0.000285s ]
INFO: [ template_filter ] --END-- [ RunTime:0.000662s ]
SQL: SHOW COLUMNS FROM `gms_user` [ RunTime:0.0507s ]
SQL: SELECT `group_ids` FROM `gms_user` WHERE `id` = 1 LIMIT 1   [ RunTime:0.0472s ]
SQL: SHOW COLUMNS FROM `gms_auth_group` [ RunTime:0.0509s ]
SQL: SELECT `id`,`title`,`rules` FROM `gms_auth_group` WHERE `id` IN ('1') AND `status` = 1  [ RunTime:0.0469s ]
SQL: SHOW COLUMNS FROM `gms_auth_rule` [ RunTime:0.0478s ]
SQL: SELECT `condition`,`name` FROM `gms_auth_rule` WHERE `id` IN ('217','266','268','259','260','257','264','220','254','231','232','234','235','230','229','224','225','226','227','228','233','1','207','212','250','251','252','211118','216','239','240','241','208','210','245','246','247','248','274','282','283','284','213','236','237','238','298','6','209','242','243','244','57','218','219','272','295','60','59','58','17','20','84','25','26','27','28','13','14','15','16','4','296','297','61','45','46','47','48','49','50','51','52','29','32','31','30','33','34','35','36','80','81','82','83','5','37','39','40','62','38') AND `type` = 1 AND `status` = 1  [ RunTime:0.0475s ]
INFO: Run Behavior\ParseTemplateBehavior [ RunTime:0.335587s ]
INFO: [ view_parse ] --END-- [ RunTime:0.335960s ]
INFO: [ view_filter ] --START--
INFO: Run Behavior\WriteHtmlCacheBehavior [ RunTime:0.000310s ]
INFO: [ view_filter ] --END-- [ RunTime:0.000666s ]
INFO: [ app_end ] --START--
INFO: Run Behavior\ShowPageTraceBehavior [ RunTime:0.000696s ]
INFO: [ app_end ] --END-- [ RunTime:0.001167s ]

[ 2016-11-15T08:59:21+08:00 ] ::1 /TobaccoGms1/index.php?m=Manager&c=Index&a=index
INFO: [ app_init ] --START--
INFO: Run Behavior\BuildLiteBehavior [ RunTime:0.000074s ]
INFO: Run Manager\Behavior\AppInitialBehavior [ RunTime:0.000518s ]
INFO: [ app_init ] --END-- [ RunTime:0.001185s ]
INFO: [ app_begin ] --START--
INFO: Run Behavior\ReadHtmlCacheBehavior [ RunTime:0.000521s ]
INFO: [ app_begin ] --END-- [ RunTime:0.000897s ]
INFO: [ action_begin ] --START--
SQL: SHOW COLUMNS FROM `gms_hooks` [ RunTime:0.0288s ]
SQL: SELECT `name`,`addons` FROM `gms_hooks`  [ RunTime:0.0273s ]
SQL: SHOW COLUMNS FROM `gms_addons` [ RunTime:0.0304s ]
SQL: SELECT `id`,`name` FROM `gms_addons` WHERE `disabled` = 1 AND `name` IN ('SiteStat')  [ RunTime:0.0281s ]
INFO: Run Common\Behavior\InitHookBehavior [ RunTime:0.270518s ]
INFO: [ action_begin ] --END-- [ RunTime:0.270923s ]
SQL: SHOW COLUMNS FROM `manager_setting` [ RunTime:0.0283s ]
SQL: SELECT * FROM `manager_setting` LIMIT 1   [ RunTime:0.0278s ]
SQL: SHOW COLUMNS FROM `service_group_info` [ RunTime:0.0270s ]
SQL: SELECT * FROM `service_group_info` WHERE `group_id` = 1 LIMIT 1   [ RunTime:0.0278s ]
NOTIC: [8] Undefined index: latlng /Applications/XAMPP/xamppfiles/htdocs/TobaccoGms1/App/Manager/Controller/ManagerCoreController.class.php 第 38 行.
SQL: SHOW COLUMNS FROM `gms_auth_rule` [ RunTime:0.0304s ]
SQL: SELECT * FROM `gms_auth_rule` WHERE `name` = 'Manager/Track/history' LIMIT 1   [ RunTime:0.0281s ]
SQL: SELECT * FROM `gms_auth_rule` WHERE `name` = 'Manager/RealVideo/videoForOne' LIMIT 1   [ RunTime:0.0283s ]
INFO: [ view_parse ] --START--
INFO: [ template_filter ] --START--
INFO: Run Behavior\ContentReplaceBehavior [ RunTime:0.000288s ]
INFO: [ template_filter ] --END-- [ RunTime:0.000676s ]
SQL: SHOW COLUMNS FROM `gms_user` [ RunTime:0.0283s ]
SQL: SELECT `group_ids` FROM `gms_user` WHERE `id` = 1 LIMIT 1   [ RunTime:0.0269s ]
SQL: SHOW COLUMNS FROM `gms_auth_group` [ RunTime:0.0269s ]
SQL: SELECT `id`,`title`,`rules` FROM `gms_auth_group` WHERE `id` IN ('1') AND `status` = 1  [ RunTime:0.0276s ]
SQL: SHOW COLUMNS FROM `gms_auth_rule` [ RunTime:0.0301s ]
SQL: SELECT `condition`,`name` FROM `gms_auth_rule` WHERE `id` IN ('217','266','268','259','260','257','264','220','254','231','232','234','235','230','229','224','225','226','227','228','233','1','207','212','250','251','252','211118','216','239','240','241','208','210','245','246','247','248','274','282','283','284','213','236','237','238','298','6','209','242','243','244','57','218','219','272','295','60','59','58','17','20','84','25','26','27','28','13','14','15','16','4','296','297','61','45','46','47','48','49','50','51','52','29','32','31','30','33','34','35','36','80','81','82','83','5','37','39','40','62','38') AND `type` = 1 AND `status` = 1  [ RunTime:0.0293s ]
INFO: Run Behavior\ParseTemplateBehavior [ RunTime:0.216224s ]
INFO: [ view_parse ] --END-- [ RunTime:0.216596s ]
INFO: [ view_filter ] --START--
INFO: Run Behavior\WriteHtmlCacheBehavior [ RunTime:0.000316s ]
INFO: [ view_filter ] --END-- [ RunTime:0.000673s ]
INFO: [ app_end ] --START--
INFO: Run Behavior\ShowPageTraceBehavior [ RunTime:0.000767s ]
INFO: [ app_end ] --END-- [ RunTime:0.001440s ]

[ 2016-11-15T09:47:24+08:00 ] ::1 /TobaccoGms1/index.php?m=Manager&c=Index&a=index
INFO: [ app_init ] --START--
INFO: Run Behavior\BuildLiteBehavior [ RunTime:0.000073s ]
INFO: Run Manager\Behavior\AppInitialBehavior [ RunTime:0.000418s ]
INFO: [ app_init ] --END-- [ RunTime:0.001066s ]
INFO: [ app_begin ] --START--
INFO: Run Behavior\ReadHtmlCacheBehavior [ RunTime:0.000485s ]
INFO: [ app_begin ] --END-- [ RunTime:0.000905s ]
INFO: [ action_begin ] --START--
SQL: SHOW COLUMNS FROM `gms_hooks` [ RunTime:0.0285s ]
SQL: SELECT `name`,`addons` FROM `gms_hooks`  [ RunTime:0.0276s ]
SQL: SHOW COLUMNS FROM `gms_addons` [ RunTime:0.0289s ]
SQL: SELECT `id`,`name` FROM `gms_addons` WHERE `disabled` = 1 AND `name` IN ('SiteStat')  [ RunTime:0.0277s ]
INFO: Run Common\Behavior\InitHookBehavior [ RunTime:0.272287s ]
INFO: [ action_begin ] --END-- [ RunTime:0.272832s ]
SQL: SHOW COLUMNS FROM `manager_setting` [ RunTime:0.0279s ]
SQL: SELECT * FROM `manager_setting` LIMIT 1   [ RunTime:0.0291s ]
SQL: SHOW COLUMNS FROM `service_group_info` [ RunTime:0.0300s ]
SQL: SELECT * FROM `service_group_info` WHERE `group_id` = 1 LIMIT 1   [ RunTime:0.0295s ]
NOTIC: [8] Undefined index: latlng /Applications/XAMPP/xamppfiles/htdocs/TobaccoGms1/App/Manager/Controller/ManagerCoreController.class.php 第 38 行.
SQL: SHOW COLUMNS FROM `gms_auth_rule` [ RunTime:0.0290s ]
SQL: SELECT * FROM `gms_auth_rule` WHERE `name` = 'Manager/Track/history' LIMIT 1   [ RunTime:0.0292s ]
SQL: SELECT * FROM `gms_auth_rule` WHERE `name` = 'Manager/RealVideo/videoForOne' LIMIT 1   [ RunTime:0.0276s ]
INFO: [ view_parse ] --START--
INFO: [ template_filter ] --START--
INFO: Run Behavior\ContentReplaceBehavior [ RunTime:0.000280s ]
INFO: [ template_filter ] --END-- [ RunTime:0.000661s ]
SQL: SHOW COLUMNS FROM `gms_user` [ RunTime:0.0287s ]
SQL: SELECT `group_ids` FROM `gms_user` WHERE `id` = 1 LIMIT 1   [ RunTime:0.0280s ]
SQL: SHOW COLUMNS FROM `gms_auth_group` [ RunTime:0.0289s ]
SQL: SELECT `id`,`title`,`rules` FROM `gms_auth_group` WHERE `id` IN ('1') AND `status` = 1  [ RunTime:0.0275s ]
SQL: SHOW COLUMNS FROM `gms_auth_rule` [ RunTime:0.0304s ]
SQL: SELECT `condition`,`name` FROM `gms_auth_rule` WHERE `id` IN ('217','266','268','259','260','257','264','220','254','231','232','234','235','230','229','224','225','226','227','228','233','1','207','212','250','251','252','211118','216','239','240','241','208','210','245','246','247','248','274','282','283','284','213','236','237','238','298','6','209','242','243','244','57','218','219','272','295','60','59','58','17','20','84','25','26','27','28','13','14','15','16','4','296','297','61','45','46','47','48','49','50','51','52','29','32','31','30','33','34','35','36','80','81','82','83','5','37','39','40','62','38') AND `type` = 1 AND `status` = 1  [ RunTime:0.0286s ]
INFO: Run Behavior\ParseTemplateBehavior [ RunTime:0.272252s ]
INFO: [ view_parse ] --END-- [ RunTime:0.272631s ]
INFO: [ view_filter ] --START--
INFO: Run Behavior\WriteHtmlCacheBehavior [ RunTime:0.000400s ]
INFO: [ view_filter ] --END-- [ RunTime:0.000834s ]
INFO: [ app_end ] --START--
INFO: Run Behavior\ShowPageTraceBehavior [ RunTime:0.000578s ]
INFO: [ app_end ] --END-- [ RunTime:0.001046s ]

[ 2016-11-15T10:20:09+08:00 ] ::1 /TobaccoGms1/index.php?m=Manager&c=Index&a=index
INFO: [ app_init ] --START--
INFO: Run Behavior\BuildLiteBehavior [ RunTime:0.000074s ]
INFO: Run Manager\Behavior\AppInitialBehavior [ RunTime:0.000441s ]
INFO: [ app_init ] --END-- [ RunTime:0.001098s ]
INFO: [ app_begin ] --START--
INFO: Run Behavior\ReadHtmlCacheBehavior [ RunTime:0.000460s ]
INFO: [ app_begin ] --END-- [ RunTime:0.000873s ]
INFO: [ action_begin ] --START--
SQL: SHOW COLUMNS FROM `gms_hooks` [ RunTime:0.0382s ]
SQL: SELECT `name`,`addons` FROM `gms_hooks`  [ RunTime:0.0412s ]
SQL: SHOW COLUMNS FROM `gms_addons` [ RunTime:0.0380s ]
SQL: SELECT `id`,`name` FROM `gms_addons` WHERE `disabled` = 1 AND `name` IN ('SiteStat')  [ RunTime:0.0387s ]
INFO: Run Common\Behavior\InitHookBehavior [ RunTime:0.353317s ]
INFO: [ action_begin ] --END-- [ RunTime:0.353734s ]
SQL: SHOW COLUMNS FROM `manager_setting` [ RunTime:0.0384s ]
SQL: SELECT * FROM `manager_setting` LIMIT 1   [ RunTime:0.0378s ]
SQL: SHOW COLUMNS FROM `service_group_info` [ RunTime:0.0418s ]
SQL: SELECT * FROM `service_group_info` WHERE `group_id` = 1 LIMIT 1   [ RunTime:0.0404s ]
NOTIC: [8] Undefined index: latlng /Applications/XAMPP/xamppfiles/htdocs/TobaccoGms1/App/Manager/Controller/ManagerCoreController.class.php 第 38 行.
SQL: SHOW COLUMNS FROM `gms_auth_rule` [ RunTime:0.0390s ]
SQL: SELECT * FROM `gms_auth_rule` WHERE `name` = 'Manager/Track/history' LIMIT 1   [ RunTime:0.0373s ]
SQL: SELECT * FROM `gms_auth_rule` WHERE `name` = 'Manager/RealVideo/videoForOne' LIMIT 1   [ RunTime:0.0382s ]
INFO: [ view_parse ] --START--
INFO: [ template_filter ] --START--
INFO: Run Behavior\ContentReplaceBehavior [ RunTime:0.000276s ]
INFO: [ template_filter ] --END-- [ RunTime:0.000646s ]
SQL: SHOW COLUMNS FROM `gms_user` [ RunTime:0.0379s ]
SQL: SELECT `group_ids` FROM `gms_user` WHERE `id` = 1 LIMIT 1   [ RunTime:0.0376s ]
SQL: SHOW COLUMNS FROM `gms_auth_group` [ RunTime:0.0379s ]
SQL: SELECT `id`,`title`,`rules` FROM `gms_auth_group` WHERE `id` IN ('1') AND `status` = 1  [ RunTime:0.0378s ]
SQL: SHOW COLUMNS FROM `gms_auth_rule` [ RunTime:0.0387s ]
SQL: SELECT `condition`,`name` FROM `gms_auth_rule` WHERE `id` IN ('217','266','268','259','260','257','264','220','254','231','232','234','235','230','229','224','225','226','227','228','233','1','207','212','250','251','252','211118','216','239','240','241','208','210','245','246','247','248','274','282','283','284','213','236','237','238','298','6','209','242','243','244','57','218','219','272','295','60','59','58','17','20','84','25','26','27','28','13','14','15','16','4','296','297','61','45','46','47','48','49','50','51','52','29','32','31','30','33','34','35','36','80','81','82','83','5','37','39','40','62','38') AND `type` = 1 AND `status` = 1  [ RunTime:0.0394s ]
INFO: Run Behavior\ParseTemplateBehavior [ RunTime:0.275183s ]
INFO: [ view_parse ] --END-- [ RunTime:0.275562s ]
INFO: [ view_filter ] --START--
INFO: Run Behavior\WriteHtmlCacheBehavior [ RunTime:0.000328s ]
INFO: [ view_filter ] --END-- [ RunTime:0.000682s ]
INFO: [ app_end ] --START--
INFO: Run Behavior\ShowPageTraceBehavior [ RunTime:0.000673s ]
INFO: [ app_end ] --END-- [ RunTime:0.001238s ]

[ 2016-11-15T10:20:14+08:00 ] ::1 /TobaccoGms1/index.php?m=Manager&c=Index&a=index
INFO: [ app_init ] --START--
INFO: Run Behavior\BuildLiteBehavior [ RunTime:0.000147s ]
INFO: Run Manager\Behavior\AppInitialBehavior [ RunTime:0.000544s ]
INFO: [ app_init ] --END-- [ RunTime:0.001566s ]
INFO: [ app_begin ] --START--
INFO: Run Behavior\ReadHtmlCacheBehavior [ RunTime:0.000476s ]
INFO: [ app_begin ] --END-- [ RunTime:0.000912s ]
INFO: [ action_begin ] --START--
SQL: SHOW COLUMNS FROM `gms_hooks` [ RunTime:0.0507s ]
SQL: SELECT `name`,`addons` FROM `gms_hooks`  [ RunTime:0.0481s ]
SQL: SHOW COLUMNS FROM `gms_addons` [ RunTime:0.0480s ]
SQL: SELECT `id`,`name` FROM `gms_addons` WHERE `disabled` = 1 AND `name` IN ('SiteStat')  [ RunTime:0.0493s ]
INFO: Run Common\Behavior\InitHookBehavior [ RunTime:0.402340s ]
INFO: [ action_begin ] --END-- [ RunTime:0.402773s ]
SQL: SHOW COLUMNS FROM `manager_setting` [ RunTime:0.0486s ]
SQL: SELECT * FROM `manager_setting` LIMIT 1   [ RunTime:0.0475s ]
SQL: SHOW COLUMNS FROM `service_group_info` [ RunTime:0.0488s ]
SQL: SELECT * FROM `service_group_info` WHERE `group_id` = 1 LIMIT 1   [ RunTime:0.0483s ]
NOTIC: [8] Undefined index: latlng /Applications/XAMPP/xamppfiles/htdocs/TobaccoGms1/App/Manager/Controller/ManagerCoreController.class.php 第 38 行.
SQL: SHOW COLUMNS FROM `gms_auth_rule` [ RunTime:0.0482s ]
SQL: SELECT * FROM `gms_auth_rule` WHERE `name` = 'Manager/Track/history' LIMIT 1   [ RunTime:0.0493s ]
SQL: SELECT * FROM `gms_auth_rule` WHERE `name` = 'Manager/RealVideo/videoForOne' LIMIT 1   [ RunTime:0.0476s ]
INFO: [ view_parse ] --START--
INFO: [ template_filter ] --START--
INFO: Run Behavior\ContentReplaceBehavior [ RunTime:0.000286s ]
INFO: [ template_filter ] --END-- [ RunTime:0.000748s ]
SQL: SHOW COLUMNS FROM `gms_user` [ RunTime:0.0498s ]
SQL: SELECT `group_ids` FROM `gms_user` WHERE `id` = 1 LIMIT 1   [ RunTime:0.0484s ]
SQL: SHOW COLUMNS FROM `gms_auth_group` [ RunTime:0.0480s ]
SQL: SELECT `id`,`title`,`rules` FROM `gms_auth_group` WHERE `id` IN ('1') AND `status` = 1  [ RunTime:0.0489s ]
SQL: SHOW COLUMNS FROM `gms_auth_rule` [ RunTime:0.0476s ]
SQL: SELECT `condition`,`name` FROM `gms_auth_rule` WHERE `id` IN ('217','266','268','259','260','257','264','220','254','231','232','234','235','230','229','224','225','226','227','228','233','1','207','212','250','251','252','211118','216','239','240','241','208','210','245','246','247','248','274','282','283','284','213','236','237','238','298','6','209','242','243','244','57','218','219','272','295','60','59','58','17','20','84','25','26','27','28','13','14','15','16','4','296','297','61','45','46','47','48','49','50','51','52','29','32','31','30','33','34','35','36','80','81','82','83','5','37','39','40','62','38') AND `type` = 1 AND `status` = 1  [ RunTime:0.0494s ]
INFO: Run Behavior\ParseTemplateBehavior [ RunTime:0.337781s ]
INFO: [ view_parse ] --END-- [ RunTime:0.338165s ]
INFO: [ view_filter ] --START--
INFO: Run Behavior\WriteHtmlCacheBehavior [ RunTime:0.000322s ]
INFO: [ view_filter ] --END-- [ RunTime:0.000689s ]
INFO: [ app_end ] --START--
INFO: Run Behavior\ShowPageTraceBehavior [ RunTime:0.000594s ]
INFO: [ app_end ] --END-- [ RunTime:0.001032s ]

[ 2016-11-15T10:20:56+08:00 ] ::1 /TobaccoGms1/index.php?m=Manager&c=Index&a=index
INFO: [ app_init ] --START--
INFO: Run Behavior\BuildLiteBehavior [ RunTime:0.000077s ]
INFO: Run Manager\Behavior\AppInitialBehavior [ RunTime:0.000444s ]
INFO: [ app_init ] --END-- [ RunTime:0.001267s ]
INFO: [ app_begin ] --START--
INFO: Run Behavior\ReadHtmlCacheBehavior [ RunTime:0.000505s ]
INFO: [ app_begin ] --END-- [ RunTime:0.000889s ]
INFO: [ action_begin ] --START--
SQL: SHOW COLUMNS FROM `gms_hooks` [ RunTime:0.0384s ]
SQL: SELECT `name`,`addons` FROM `gms_hooks`  [ RunTime:0.0427s ]
SQL: SHOW COLUMNS FROM `gms_addons` [ RunTime:0.0383s ]
SQL: SELECT `id`,`name` FROM `gms_addons` WHERE `disabled` = 1 AND `name` IN ('SiteStat')  [ RunTime:0.0375s ]
INFO: Run Common\Behavior\InitHookBehavior [ RunTime:0.289884s ]
INFO: [ action_begin ] --END-- [ RunTime:0.290531s ]
SQL: SHOW COLUMNS FROM `manager_setting` [ RunTime:0.0455s ]
SQL: SELECT * FROM `manager_setting` LIMIT 1   [ RunTime:0.0374s ]
SQL: SHOW COLUMNS FROM `service_group_info` [ RunTime:0.0430s ]
SQL: SELECT * FROM `service_group_info` WHERE `group_id` = 1 LIMIT 1   [ RunTime:0.0372s ]
NOTIC: [8] Undefined index: latlng /Applications/XAMPP/xamppfiles/htdocs/TobaccoGms1/App/Manager/Controller/ManagerCoreController.class.php 第 38 行.
SQL: SHOW COLUMNS FROM `gms_auth_rule` [ RunTime:0.0384s ]
SQL: SELECT * FROM `gms_auth_rule` WHERE `name` = 'Manager/Track/history' LIMIT 1   [ RunTime:0.0365s ]
SQL: SELECT * FROM `gms_auth_rule` WHERE `name` = 'Manager/RealVideo/videoForOne' LIMIT 1   [ RunTime:0.0373s ]
INFO: [ view_parse ] --START--
INFO: [ template_filter ] --START--
INFO: Run Behavior\ContentReplaceBehavior [ RunTime:0.000284s ]
INFO: [ template_filter ] --END-- [ RunTime:0.000672s ]
SQL: SHOW COLUMNS FROM `gms_user` [ RunTime:0.0382s ]
SQL: SELECT `group_ids` FROM `gms_user` WHERE `id` = 1 LIMIT 1   [ RunTime:0.0370s ]
SQL: SHOW COLUMNS FROM `gms_auth_group` [ RunTime:0.0393s ]
SQL: SELECT `id`,`title`,`rules` FROM `gms_auth_group` WHERE `id` IN ('1') AND `status` = 1  [ RunTime:0.0371s ]
SQL: SHOW COLUMNS FROM `gms_auth_rule` [ RunTime:0.0379s ]
SQL: SELECT `condition`,`name` FROM `gms_auth_rule` WHERE `id` IN ('217','266','268','259','260','257','264','220','254','231','232','234','235','230','229','224','225','226','227','228','233','1','207','212','250','251','252','211118','216','239','240','241','208','210','245','246','247','248','274','282','283','284','213','236','237','238','298','6','209','242','243','244','57','218','219','272','295','60','59','58','17','20','84','25','26','27','28','13','14','15','16','4','296','297','61','45','46','47','48','49','50','51','52','29','32','31','30','33','34','35','36','80','81','82','83','5','37','39','40','62','38') AND `type` = 1 AND `status` = 1  [ RunTime:0.0407s ]
INFO: Run Behavior\ParseTemplateBehavior [ RunTime:0.276155s ]
INFO: [ view_parse ] --END-- [ RunTime:0.276544s ]
INFO: [ view_filter ] --START--
INFO: Run Behavior\WriteHtmlCacheBehavior [ RunTime:0.000359s ]
INFO: [ view_filter ] --END-- [ RunTime:0.000720s ]
INFO: [ app_end ] --START--
INFO: Run Behavior\ShowPageTraceBehavior [ RunTime:0.000600s ]
INFO: [ app_end ] --END-- [ RunTime:0.001064s ]

[ 2016-11-15T10:21:21+08:00 ] ::1 /TobaccoGms1/index.php?m=Manager&c=Index&a=index
INFO: [ app_init ] --START--
INFO: Run Behavior\BuildLiteBehavior [ RunTime:0.000074s ]
INFO: Run Manager\Behavior\AppInitialBehavior [ RunTime:0.000502s ]
INFO: [ app_init ] --END-- [ RunTime:0.001165s ]
INFO: [ app_begin ] --START--
INFO: Run Behavior\ReadHtmlCacheBehavior [ RunTime:0.000479s ]
INFO: [ app_begin ] --END-- [ RunTime:0.000860s ]
INFO: [ action_begin ] --START--
SQL: SHOW COLUMNS FROM `gms_hooks` [ RunTime:0.0504s ]
SQL: SELECT `name`,`addons` FROM `gms_hooks`  [ RunTime:0.0492s ]
SQL: SHOW COLUMNS FROM `gms_addons` [ RunTime:0.0495s ]
SQL: SELECT `id`,`name` FROM `gms_addons` WHERE `disabled` = 1 AND `name` IN ('SiteStat')  [ RunTime:0.0479s ]
INFO: Run Common\Behavior\InitHookBehavior [ RunTime:0.375237s ]
INFO: [ action_begin ] --END-- [ RunTime:0.375890s ]
SQL: SHOW COLUMNS FROM `manager_setting` [ RunTime:0.0563s ]
SQL: SELECT * FROM `manager_setting` LIMIT 1   [ RunTime:0.0495s ]
SQL: SHOW COLUMNS FROM `service_group_info` [ RunTime:0.0532s ]
SQL: SELECT * FROM `service_group_info` WHERE `group_id` = 1 LIMIT 1   [ RunTime:0.0498s ]
NOTIC: [8] Undefined index: latlng /Applications/XAMPP/xamppfiles/htdocs/TobaccoGms1/App/Manager/Controller/ManagerCoreController.class.php 第 38 行.
SQL: SHOW COLUMNS FROM `gms_auth_rule` [ RunTime:0.0492s ]
SQL: SELECT * FROM `gms_auth_rule` WHERE `name` = 'Manager/Track/history' LIMIT 1   [ RunTime:0.0491s ]
SQL: SELECT * FROM `gms_auth_rule` WHERE `name` = 'Manager/RealVideo/videoForOne' LIMIT 1   [ RunTime:0.0523s ]
INFO: [ view_parse ] --START--
INFO: [ template_filter ] --START--
INFO: Run Behavior\ContentReplaceBehavior [ RunTime:0.000285s ]
INFO: [ template_filter ] --END-- [ RunTime:0.000668s ]
SQL: SHOW COLUMNS FROM `gms_user` [ RunTime:0.0508s ]
SQL: SELECT `group_ids` FROM `gms_user` WHERE `id` = 1 LIMIT 1   [ RunTime:0.0531s ]
SQL: SHOW COLUMNS FROM `gms_auth_group` [ RunTime:0.0489s ]
SQL: SELECT `id`,`title`,`rules` FROM `gms_auth_group` WHERE `id` IN ('1') AND `status` = 1  [ RunTime:0.0498s ]
SQL: SHOW COLUMNS FROM `gms_auth_rule` [ RunTime:0.0494s ]
SQL: SELECT `condition`,`name` FROM `gms_auth_rule` WHERE `id` IN ('217','266','268','259','260','257','264','220','254','231','232','234','235','230','229','224','225','226','227','228','233','1','207','212','250','251','252','211118','216','239','240','241','208','210','245','246','247','248','274','282','283','284','213','236','237','238','298','6','209','242','243','244','57','218','219','272','295','60','59','58','17','20','84','25','26','27','28','13','14','15','16','4','296','297','61','45','46','47','48','49','50','51','52','29','32','31','30','33','34','35','36','80','81','82','83','5','37','39','40','62','38') AND `type` = 1 AND `status` = 1  [ RunTime:0.0494s ]
INFO: Run Behavior\ParseTemplateBehavior [ RunTime:0.349886s ]
INFO: [ view_parse ] --END-- [ RunTime:0.350262s ]
INFO: [ view_filter ] --START--
INFO: Run Behavior\WriteHtmlCacheBehavior [ RunTime:0.000323s ]
INFO: [ view_filter ] --END-- [ RunTime:0.000677s ]
INFO: [ app_end ] --START--
INFO: Run Behavior\ShowPageTraceBehavior [ RunTime:0.000601s ]
INFO: [ app_end ] --END-- [ RunTime:0.001020s ]

[ 2016-11-15T10:21:46+08:00 ] ::1 /TobaccoGms1/index.php?m=Manager&c=Index&a=index
INFO: [ app_init ] --START--
INFO: Run Behavior\BuildLiteBehavior [ RunTime:0.000081s ]
INFO: Run Manager\Behavior\AppInitialBehavior [ RunTime:0.000468s ]
INFO: [ app_init ] --END-- [ RunTime:0.001198s ]
INFO: [ app_begin ] --START--
INFO: Run Behavior\ReadHtmlCacheBehavior [ RunTime:0.000545s ]
INFO: [ app_begin ] --END-- [ RunTime:0.000947s ]
INFO: [ action_begin ] --START--
SQL: SHOW COLUMNS FROM `gms_hooks` [ RunTime:0.0284s ]
SQL: SELECT `name`,`addons` FROM `gms_hooks`  [ RunTime:0.0275s ]
SQL: SHOW COLUMNS FROM `gms_addons` [ RunTime:0.0290s ]
SQL: SELECT `id`,`name` FROM `gms_addons` WHERE `disabled` = 1 AND `name` IN ('SiteStat')  [ RunTime:0.0295s ]
INFO: Run Common\Behavior\InitHookBehavior [ RunTime:0.272825s ]
INFO: [ action_begin ] --END-- [ RunTime:0.273419s ]
SQL: SHOW COLUMNS FROM `manager_setting` [ RunTime:0.0291s ]
SQL: SELECT * FROM `manager_setting` LIMIT 1   [ RunTime:0.0284s ]
SQL: SHOW COLUMNS FROM `service_group_info` [ RunTime:0.0338s ]
SQL: SELECT * FROM `service_group_info` WHERE `group_id` = 1 LIMIT 1   [ RunTime:0.0328s ]
NOTIC: [8] Undefined index: latlng /Applications/XAMPP/xamppfiles/htdocs/TobaccoGms1/App/Manager/Controller/ManagerCoreController.class.php 第 38 行.
SQL: SHOW COLUMNS FROM `gms_auth_rule` [ RunTime:0.0275s ]
SQL: SELECT * FROM `gms_auth_rule` WHERE `name` = 'Manager/Track/history' LIMIT 1   [ RunTime:0.0296s ]
SQL: SELECT * FROM `gms_auth_rule` WHERE `name` = 'Manager/RealVideo/videoForOne' LIMIT 1   [ RunTime:0.0282s ]
INFO: [ view_parse ] --START--
INFO: [ template_filter ] --START--
INFO: Run Behavior\ContentReplaceBehavior [ RunTime:0.000338s ]
INFO: [ template_filter ] --END-- [ RunTime:0.000714s ]
SQL: SHOW COLUMNS FROM `gms_user` [ RunTime:0.0284s ]
SQL: SELECT `group_ids` FROM `gms_user` WHERE `id` = 1 LIMIT 1   [ RunTime:0.0282s ]
SQL: SHOW COLUMNS FROM `gms_auth_group` [ RunTime:0.0266s ]
SQL: SELECT `id`,`title`,`rules` FROM `gms_auth_group` WHERE `id` IN ('1') AND `status` = 1  [ RunTime:0.0260s ]
SQL: SHOW COLUMNS FROM `gms_auth_rule` [ RunTime:0.0281s ]
SQL: SELECT `condition`,`name` FROM `gms_auth_rule` WHERE `id` IN ('217','266','268','259','260','257','264','220','254','231','232','234','235','230','229','224','225','226','227','228','233','1','207','212','250','251','252','211118','216','239','240','241','208','210','245','246','247','248','274','282','283','284','213','236','237','238','298','6','209','242','243','244','57','218','219','272','295','60','59','58','17','20','84','25','26','27','28','13','14','15','16','4','296','297','61','45','46','47','48','49','50','51','52','29','32','31','30','33','34','35','36','80','81','82','83','5','37','39','40','62','38') AND `type` = 1 AND `status` = 1  [ RunTime:0.0275s ]
INFO: Run Behavior\ParseTemplateBehavior [ RunTime:0.210022s ]
INFO: [ view_parse ] --END-- [ RunTime:0.210415s ]
INFO: [ view_filter ] --START--
INFO: Run Behavior\WriteHtmlCacheBehavior [ RunTime:0.000321s ]
INFO: [ view_filter ] --END-- [ RunTime:0.000675s ]
INFO: [ app_end ] --START--
INFO: Run Behavior\ShowPageTraceBehavior [ RunTime:0.000613s ]
INFO: [ app_end ] --END-- [ RunTime:0.001101s ]

[ 2016-11-15T10:29:28+08:00 ] ::1 /TobaccoGms1/index.php?m=Manager&c=Index&a=index
INFO: [ app_init ] --START--
INFO: Run Behavior\BuildLiteBehavior [ RunTime:0.000073s ]
INFO: Run Manager\Behavior\AppInitialBehavior [ RunTime:0.000432s ]
INFO: [ app_init ] --END-- [ RunTime:0.001086s ]
INFO: [ app_begin ] --START--
INFO: Run Behavior\ReadHtmlCacheBehavior [ RunTime:0.000864s ]
INFO: [ app_begin ] --END-- [ RunTime:0.001453s ]
INFO: [ action_begin ] --START--
SQL: SHOW COLUMNS FROM `gms_hooks` [ RunTime:0.0387s ]
SQL: SELECT `name`,`addons` FROM `gms_hooks`  [ RunTime:0.0374s ]
SQL: SHOW COLUMNS FROM `gms_addons` [ RunTime:0.0374s ]
SQL: SELECT `id`,`name` FROM `gms_addons` WHERE `disabled` = 1 AND `name` IN ('SiteStat')  [ RunTime:0.0371s ]
INFO: Run Common\Behavior\InitHookBehavior [ RunTime:0.346632s ]
INFO: [ action_begin ] --END-- [ RunTime:0.347081s ]
SQL: SHOW COLUMNS FROM `manager_setting` [ RunTime:0.0374s ]
SQL: SELECT * FROM `manager_setting` LIMIT 1   [ RunTime:0.0366s ]
SQL: SHOW COLUMNS FROM `service_group_info` [ RunTime:0.0378s ]
SQL: SELECT * FROM `service_group_info` WHERE `group_id` = 1 LIMIT 1   [ RunTime:0.0374s ]
NOTIC: [8] Undefined index: latlng /Applications/XAMPP/xamppfiles/htdocs/TobaccoGms1/App/Manager/Controller/ManagerCoreController.class.php 第 38 行.
SQL: SHOW COLUMNS FROM `gms_auth_rule` [ RunTime:0.0392s ]
SQL: SELECT * FROM `gms_auth_rule` WHERE `name` = 'Manager/Track/history' LIMIT 1   [ RunTime:0.0370s ]
SQL: SELECT * FROM `gms_auth_rule` WHERE `name` = 'Manager/RealVideo/videoForOne' LIMIT 1   [ RunTime:0.0386s ]
INFO: [ view_parse ] --START--
INFO: [ template_filter ] --START--
INFO: Run Behavior\ContentReplaceBehavior [ RunTime:0.000281s ]
INFO: [ template_filter ] --END-- [ RunTime:0.000655s ]
SQL: SHOW COLUMNS FROM `gms_user` [ RunTime:0.0395s ]
SQL: SELECT `group_ids` FROM `gms_user` WHERE `id` = 1 LIMIT 1   [ RunTime:0.0364s ]
SQL: SHOW COLUMNS FROM `gms_auth_group` [ RunTime:0.0380s ]
SQL: SELECT `id`,`title`,`rules` FROM `gms_auth_group` WHERE `id` IN ('1') AND `status` = 1  [ RunTime:0.0373s ]
SQL: SHOW COLUMNS FROM `gms_auth_rule` [ RunTime:0.0383s ]
SQL: SELECT `condition`,`name` FROM `gms_auth_rule` WHERE `id` IN ('217','266','268','259','260','257','264','220','254','231','232','234','235','230','229','224','225','226','227','228','233','1','207','212','250','251','252','211118','216','239','240','241','208','210','245','246','247','248','274','282','283','284','213','236','237','238','298','6','209','242','243','244','57','218','219','272','295','60','59','58','17','20','84','25','26','27','28','13','14','15','16','4','296','297','61','45','46','47','48','49','50','51','52','29','32','31','30','33','34','35','36','80','81','82','83','5','37','39','40','62','38') AND `type` = 1 AND `status` = 1  [ RunTime:0.0384s ]
INFO: Run Behavior\ParseTemplateBehavior [ RunTime:0.273107s ]
INFO: [ view_parse ] --END-- [ RunTime:0.273480s ]
INFO: [ view_filter ] --START--
INFO: Run Behavior\WriteHtmlCacheBehavior [ RunTime:0.000603s ]
INFO: [ view_filter ] --END-- [ RunTime:0.001283s ]
INFO: [ app_end ] --START--
INFO: Run Behavior\ShowPageTraceBehavior [ RunTime:0.000671s ]
INFO: [ app_end ] --END-- [ RunTime:0.001183s ]

[ 2016-11-15T11:28:27+08:00 ] ::1 /TobaccoGms1/index.php?m=Manager&c=Index&a=index
INFO: [ app_init ] --START--
INFO: Run Behavior\BuildLiteBehavior [ RunTime:0.000072s ]
INFO: Run Manager\Behavior\AppInitialBehavior [ RunTime:0.000493s ]
INFO: [ app_init ] --END-- [ RunTime:0.001144s ]
INFO: [ app_begin ] --START--
INFO: Run Behavior\ReadHtmlCacheBehavior [ RunTime:0.000535s ]
INFO: [ app_begin ] --END-- [ RunTime:0.001058s ]
INFO: [ action_begin ] --START--
SQL: SHOW COLUMNS FROM `gms_hooks` [ RunTime:0.0290s ]
SQL: SELECT `name`,`addons` FROM `gms_hooks`  [ RunTime:0.0273s ]
SQL: SHOW COLUMNS FROM `gms_addons` [ RunTime:0.0302s ]
SQL: SELECT `id`,`name` FROM `gms_addons` WHERE `disabled` = 1 AND `name` IN ('SiteStat')  [ RunTime:0.0276s ]
INFO: Run Common\Behavior\InitHookBehavior [ RunTime:0.242558s ]
INFO: [ action_begin ] --END-- [ RunTime:0.243110s ]
SQL: SHOW COLUMNS FROM `manager_setting` [ RunTime:0.0277s ]
SQL: SELECT * FROM `manager_setting` LIMIT 1   [ RunTime:0.0287s ]
SQL: SHOW COLUMNS FROM `service_group_info` [ RunTime:0.0282s ]
SQL: SELECT * FROM `service_group_info` WHERE `group_id` = 1 LIMIT 1   [ RunTime:0.0290s ]
NOTIC: [8] Undefined index: latlng /Applications/XAMPP/xamppfiles/htdocs/TobaccoGms1/App/Manager/Controller/ManagerCoreController.class.php 第 38 行.
SQL: SHOW COLUMNS FROM `gms_auth_rule` [ RunTime:0.0294s ]
SQL: SELECT * FROM `gms_auth_rule` WHERE `name` = 'Manager/Track/history' LIMIT 1   [ RunTime:0.0286s ]
SQL: SELECT * FROM `gms_auth_rule` WHERE `name` = 'Manager/RealVideo/videoForOne' LIMIT 1   [ RunTime:0.0287s ]
INFO: [ view_parse ] --START--
INFO: [ template_filter ] --START--
INFO: Run Behavior\ContentReplaceBehavior [ RunTime:0.000402s ]
INFO: [ template_filter ] --END-- [ RunTime:0.001009s ]
SQL: SHOW COLUMNS FROM `gms_user` [ RunTime:0.0290s ]
SQL: SELECT `group_ids` FROM `gms_user` WHERE `id` = 1 LIMIT 1   [ RunTime:0.0270s ]
SQL: SHOW COLUMNS FROM `gms_auth_group` [ RunTime:0.0275s ]
SQL: SELECT `id`,`title`,`rules` FROM `gms_auth_group` WHERE `id` IN ('1') AND `status` = 1  [ RunTime:0.0276s ]
SQL: SHOW COLUMNS FROM `gms_auth_rule` [ RunTime:0.0276s ]
SQL: SELECT `condition`,`name` FROM `gms_auth_rule` WHERE `id` IN ('217','266','268','259','260','257','264','220','254','231','232','234','235','230','229','224','225','226','227','228','233','1','207','212','250','251','252','211118','216','239','240','241','208','210','245','246','247','248','274','282','283','284','213','236','237','238','298','6','209','242','243','244','57','218','219','272','295','60','59','58','17','20','84','25','26','27','28','13','14','15','16','4','296','297','61','45','46','47','48','49','50','51','52','29','32','31','30','33','34','35','36','80','81','82','83','5','37','39','40','62','38') AND `type` = 1 AND `status` = 1  [ RunTime:0.0295s ]
INFO: Run Behavior\ParseTemplateBehavior [ RunTime:0.232750s ]
INFO: [ view_parse ] --END-- [ RunTime:0.233124s ]
INFO: [ view_filter ] --START--
INFO: Run Behavior\WriteHtmlCacheBehavior [ RunTime:0.000364s ]
INFO: [ view_filter ] --END-- [ RunTime:0.000799s ]
INFO: [ app_end ] --START--
INFO: Run Behavior\ShowPageTraceBehavior [ RunTime:0.000587s ]
INFO: [ app_end ] --END-- [ RunTime:0.001047s ]

[ 2016-11-15T11:28:31+08:00 ] ::1 /TobaccoGms1/index.php?m=Manager&c=Index&a=index
INFO: [ app_init ] --START--
INFO: Run Behavior\BuildLiteBehavior [ RunTime:0.000074s ]
INFO: Run Manager\Behavior\AppInitialBehavior [ RunTime:0.000441s ]
INFO: [ app_init ] --END-- [ RunTime:0.001101s ]
INFO: [ app_begin ] --START--
INFO: Run Behavior\ReadHtmlCacheBehavior [ RunTime:0.000553s ]
INFO: [ app_begin ] --END-- [ RunTime:0.000944s ]
INFO: [ action_begin ] --START--
SQL: SHOW COLUMNS FROM `gms_hooks` [ RunTime:0.0420s ]
SQL: SELECT `name`,`addons` FROM `gms_hooks`  [ RunTime:0.0273s ]
SQL: SHOW COLUMNS FROM `gms_addons` [ RunTime:0.0286s ]
SQL: SELECT `id`,`name` FROM `gms_addons` WHERE `disabled` = 1 AND `name` IN ('SiteStat')  [ RunTime:0.0275s ]
INFO: Run Common\Behavior\InitHookBehavior [ RunTime:0.254654s ]
INFO: [ action_begin ] --END-- [ RunTime:0.255058s ]
SQL: SHOW COLUMNS FROM `manager_setting` [ RunTime:0.0279s ]
SQL: SELECT * FROM `manager_setting` LIMIT 1   [ RunTime:0.0299s ]
SQL: SHOW COLUMNS FROM `service_group_info` [ RunTime:0.0292s ]
SQL: SELECT * FROM `service_group_info` WHERE `group_id` = 1 LIMIT 1   [ RunTime:0.0290s ]
NOTIC: [8] Undefined index: latlng /Applications/XAMPP/xamppfiles/htdocs/TobaccoGms1/App/Manager/Controller/ManagerCoreController.class.php 第 38 行.
SQL: SHOW COLUMNS FROM `gms_auth_rule` [ RunTime:0.0273s ]
SQL: SELECT * FROM `gms_auth_rule` WHERE `name` = 'Manager/Track/history' LIMIT 1   [ RunTime:0.0294s ]
SQL: SELECT * FROM `gms_auth_rule` WHERE `name` = 'Manager/RealVideo/videoForOne' LIMIT 1   [ RunTime:0.0284s ]
INFO: [ view_parse ] --START--
INFO: [ template_filter ] --START--
INFO: Run Behavior\ContentReplaceBehavior [ RunTime:0.000341s ]
INFO: [ template_filter ] --END-- [ RunTime:0.000719s ]
SQL: SHOW COLUMNS FROM `gms_user` [ RunTime:0.0290s ]
SQL: SELECT `group_ids` FROM `gms_user` WHERE `id` = 1 LIMIT 1   [ RunTime:0.0281s ]
SQL: SHOW COLUMNS FROM `gms_auth_group` [ RunTime:0.0294s ]
SQL: SELECT `id`,`title`,`rules` FROM `gms_auth_group` WHERE `id` IN ('1') AND `status` = 1  [ RunTime:0.0277s ]
SQL: SHOW COLUMNS FROM `gms_auth_rule` [ RunTime:0.0292s ]
SQL: SELECT `condition`,`name` FROM `gms_auth_rule` WHERE `id` IN ('217','266','268','259','260','257','264','220','254','231','232','234','235','230','229','224','225','226','227','228','233','1','207','212','250','251','252','211118','216','239','240','241','208','210','245','246','247','248','274','282','283','284','213','236','237','238','298','6','209','242','243','244','57','218','219','272','295','60','59','58','17','20','84','25','26','27','28','13','14','15','16','4','296','297','61','45','46','47','48','49','50','51','52','29','32','31','30','33','34','35','36','80','81','82','83','5','37','39','40','62','38') AND `type` = 1 AND `status` = 1  [ RunTime:0.0279s ]
INFO: Run Behavior\ParseTemplateBehavior [ RunTime:0.217707s ]
INFO: [ view_parse ] --END-- [ RunTime:0.218170s ]
INFO: [ view_filter ] --START--
INFO: Run Behavior\WriteHtmlCacheBehavior [ RunTime:0.000332s ]
INFO: [ view_filter ] --END-- [ RunTime:0.000707s ]
INFO: [ app_end ] --START--
INFO: Run Behavior\ShowPageTraceBehavior [ RunTime:0.000597s ]
INFO: [ app_end ] --END-- [ RunTime:0.001034s ]

